<?xml version="1.0" encoding="utf-8"?><testsuites name="pytest tests"><testsuite name="pytest" errors="0" failures="1" skipped="0" tests="261" time="24.359" timestamp="2026-08-12T06:46:20.817211+09:00" hostname="DESKTOP-K1I84LK"><testcase classname="tests.webapp.test_absorption_realtime_display" name="test_broker_broadcasts_active_and_clear_and_caches_latest_state" time="0.010" /><testcase classname="tests.webapp.test_absorption_realtime_display" name="test_tick_time_bridge_emits_detection_updates_and_one_clear_only" time="0.001" /><testcase classname="tests.webapp.test_absorption_realtime_display" name="test_webapp_wires_realtime_state_without_removing_analysis_fallback" time="0.008" /><testcase classname="tests.webapp.test_api" name="test_market_heartbeat_config_defaults_and_cross_field_fail_fast" time="0.002" /><testcase classname="tests.webapp.test_api" name="test_market_heartbeat_payload_requires_subscribed_age_and_live_pipeline" time="0.002" /><testcase classname="tests.webapp.test_api" name="test_market_heartbeat_loop_sends_immediately_and_is_cancellable" time="0.006" /><testcase classname="tests.webapp.test_api" name="test_health_ok" time="0.132" /><testcase classname="tests.webapp.test_api" name="test_stats_ok" time="0.086" /><testcase classname="tests.webapp.test_api" name="test_config_ok" time="0.081" /><testcase classname="tests.webapp.test_api" name="test_candle_history_returns_oldest_first" time="0.102" /><testcase classname="tests.webapp.test_api" name="test_footprint_history_keeps_oldest_first_and_passes_cursor" time="0.088" /><testcase classname="tests.webapp.test_api" name="test_time_sales_history_passes_symbol_cursor_and_clamps_to_500" time="0.066" /><testcase classname="tests.webapp.test_api" name="test_flow_response_history_returns_oldest_first" time="0.063" /><testcase classname="tests.webapp.test_api" name="test_open_interest_history_returns_oldest_first" time="0.020" /><testcase classname="tests.webapp.test_api" name="test_replay_does_not_start_live_oi_poller" time="0.016" /><testcase classname="tests.webapp.test_api" name="test_replay_does_not_start_live_book_projection" time="0.032" /><testcase classname="tests.webapp.test_api" name="test_combined_context_history_returns_oldest_first_and_filters_5m" time="0.020" /><testcase classname="tests.webapp.test_api" name="test_hfm_context_outcome_history_returns_spread_inclusive_records" time="0.047" /><testcase classname="tests.webapp.test_api" name="test_api_health_unknown_before_first_sample" time="0.067" /><testcase classname="tests.webapp.test_api" name="test_api_health_returns_latest_report" time="0.080" /><testcase classname="tests.webapp.test_api" name="test_replay_startup_uses_ensure_future_wiring_guard" time="0.002" /><testcase classname="tests.webapp.test_api" name="test_replay_worker_callbacks_reach_websocket_with_market_time" time="0.122" /><testcase classname="tests.webapp.test_api" name="test_stats_includes_book_resync_counters" time="0.062" /><testcase classname="tests.webapp.test_bar_update" name="test_interval_gate_throttles" time="0.001" /><testcase classname="tests.webapp.test_bar_update" name="test_interval_gate_rejects_zero" time="0.001" /><testcase classname="tests.webapp.test_bar_update" name="test_latest_value_pump_coalesces_browser_ticks" time="0.056" /><testcase classname="tests.webapp.test_bar_update" name="test_bar_update_payload_shape" time="0.004" /><testcase classname="tests.webapp.test_bar_update" name="test_bar_update_empty_levels" time="0.003" /><testcase classname="tests.webapp.test_bar_update" name="test_send_health_payload" time="0.003" /><testcase classname="tests.webapp.test_bar_update" name="test_bar_update_numbers_are_strings" time="0.003" /><testcase classname="tests.webapp.test_bar_update" name="test_bar_update_carries_vwap_value_and_quality" time="0.002" /><testcase classname="tests.webapp.test_bar_update" name="test_candle_carries_exact_vwap_quality" time="0.008" /><testcase classname="tests.webapp.test_bar_update" name="test_chart_session_vwap_prefers_exact_and_labels_partial_fallback" time="0.001" /><testcase classname="tests.webapp.test_bar_update" name="test_chart_session_vwap_returns_empty_pair_without_trades" time="0.001" /><testcase classname="tests.webapp.test_bar_update" name="test_static_vwap_overlay_is_orange_dashed_and_has_no_debug_trace" time="0.004" /><testcase classname="tests.webapp.test_big_trades_api" name="test_bt2_w220_w221_history_is_oldest_first_with_exclusive_time_id_cursor" time="1.738" /><testcase classname="tests.webapp.test_big_trades_api" name="test_bt2_w222_durable_recent_merge_dedup_and_collision" time="0.298" /><testcase classname="tests.webapp.test_big_trades_api" name="test_rest_hydration_captures_stream_marker_before_committed_history" time="0.596" /><testcase classname="tests.webapp.test_big_trades_api" name="test_bt2_w223_to_w228_zone_detail_and_lazy_orders" time="0.757" /><testcase classname="tests.webapp.test_big_trades_api" name="test_bt2_w229_w230_assessment_append_supersede_and_no_mutation_routes" time="0.716" /><testcase classname="tests.webapp.test_big_trades_api" name="test_bt2_w231_settings_put_is_strict_atomic_pending" time="0.756" /><testcase classname="tests.webapp.test_big_trades_api" name="test_bt2_w232_manual_calibration_activation_returns_pending" time="0.951" /><testcase classname="tests.webapp.test_big_trades_api" name="test_bt2_w233_activation_history_is_get_only_and_immutable" time="0.684" /><testcase classname="tests.webapp.test_big_trades_api" name="test_bt2_w234_w235_explicit_error_semantics_and_disabled_health" time="0.668" /><testcase classname="tests.webapp.test_big_trades_protocol" name="test_bt2_w211_to_w214_unified_envelope_precedence_and_strict_types" time="0.008" /><testcase classname="tests.webapp.test_big_trades_protocol" name="test_status_numeric_price_path_size_is_not_misclassified_as_decimal" time="0.001" /><testcase classname="tests.webapp.test_big_trades_protocol" name="test_bt2_w212_unknown_record_kind_is_rejected" time="0.002" /><testcase classname="tests.webapp.test_big_trades_protocol" name="test_bt2_w213_boolean_is_not_accepted_as_integer" time="0.003" /><testcase classname="tests.webapp.test_big_trades_protocol" name="test_bt2_w215_w216_stream_restart_and_drop_gap_are_visible" time="0.006" /><testcase classname="tests.webapp.test_big_trades_protocol" name="test_bt2_w217_status_is_cached_first_for_reconnect" time="0.003" /><testcase classname="tests.webapp.test_big_trades_ui" name="test_bt2_u236_three_mode_switch" time="0.005" /><testcase classname="tests.webapp.test_big_trades_ui" name="test_bt2_u237_footprint_mode_dom_and_geometry_preserved" time="0.008" /><testcase classname="tests.webapp.test_big_trades_ui" name="test_bt2_u238_heatmap_mode_dom_and_geometry_preserved" time="0.003" /><testcase classname="tests.webapp.test_big_trades_ui" name="test_bt2_u239_only_big_trades_canvas_is_active_in_big_mode" time="0.004" /><testcase classname="tests.webapp.test_big_trades_ui" name="test_bt2_u240_controls_are_fixed_and_manual_auto_disable_unused_side" time="0.004" /><testcase classname="tests.webapp.test_big_trades_ui" name="test_bt2_u241_marker_has_aggregate_quantity_label" time="0.001" /><testcase classname="tests.webapp.test_big_trades_ui" name="test_bt2_u242_buy_sell_use_text_and_color" time="0.002" /><testcase classname="tests.webapp.test_big_trades_ui" name="test_bt2_u243_zone_uses_exact_execution_range" time="0.001" /><testcase classname="tests.webapp.test_big_trades_ui" name="test_bt2_u244_single_price_minimum_height_is_visual_only" time="0.143" /><testcase classname="tests.webapp.test_big_trades_ui" name="test_bt2_u245_break_does_not_delete_zone" time="0.002" /><testcase classname="tests.webapp.test_big_trades_ui" name="test_bt2_u246_closed_zone_stops_at_source_end" time="0.002" /><testcase classname="tests.webapp.test_big_trades_ui" name="test_bt2_u247_gap_segment_is_hatched" time="0.001" /><testcase classname="tests.webapp.test_big_trades_ui" name="test_bt2_u248_overlapping_zones_are_not_destructively_merged" time="0.002" /><testcase classname="tests.webapp.test_big_trades_ui" name="test_bt2_u249_linked_event_ordinal_badge" time="0.002" /><testcase classname="tests.webapp.test_big_trades_ui" name="test_bt2_u250_selected_effort_detail" time="0.002" /><testcase classname="tests.webapp.test_big_trades_ui" name="test_bt2_u251_selected_result_detail" time="0.002" /><testcase classname="tests.webapp.test_big_trades_ui" name="test_bt2_u252_selected_repeated_area_detail" time="0.002" /><testcase classname="tests.webapp.test_big_trades_ui" name="test_bt2_u253_selected_candle_result_detail" time="0.002" /><testcase classname="tests.webapp.test_big_trades_ui" name="test_bt2_u254_context_keeps_missing_values_visible" time="0.002" /><testcase classname="tests.webapp.test_big_trades_ui" name="test_bt2_u255_assessment_is_append_only_with_visible_history" time="0.004" /><testcase classname="tests.webapp.test_big_trades_ui" name="test_bt2_u256_snapshots_cover_one_to_six_hundred_seconds" time="0.002" /><testcase classname="tests.webapp.test_big_trades_ui" name="test_bt2_u257_current_relation_is_server_fact" time="0.003" /><testcase classname="tests.webapp.test_big_trades_ui" name="test_bt2_u258_first_exit_is_displayed_from_history_detail" time="0.002" /><testcase classname="tests.webapp.test_big_trades_ui" name="test_bt2_u259_touch_reentry_cross_counts_sum_both_directions" time="0.002" /><testcase classname="tests.webapp.test_big_trades_ui" name="test_bt2_u260_side_filter_does_not_delete_data" time="0.198" /><testcase classname="tests.webapp.test_big_trades_ui" name="test_bt2_u261_zones_off_changes_drawing_only" time="0.002" /><testcase classname="tests.webapp.test_big_trades_ui" name="test_bt2_u262_history_live_dedup_and_collision_rejection" time="0.140" /><testcase classname="tests.webapp.test_big_trades_ui" name="test_big_trades_bulk_interaction_merge_preserves_runtime_state_and_collision_rules" time="0.150" /><testcase classname="tests.webapp.test_big_trades_ui" name="test_bt2_u263_sequence_gap_and_restart_enter_recovery" time="0.133" /><testcase classname="tests.webapp.test_big_trades_ui" name="test_bt2_u264_no_data_fields_remain_dash" time="0.004" /><testcase classname="tests.webapp.test_big_trades_ui" name="test_bt2_u265_click_escape_and_arrow_navigation" time="0.002" /><testcase classname="tests.webapp.test_big_trades_ui" name="test_bt2_u266_wheel_drag_and_live_lock" time="0.002" /><testcase classname="tests.webapp.test_big_trades_ui" name="test_bt2_u267_inactive_mode_detaches_handlers" time="0.166" /><testcase classname="tests.webapp.test_big_trades_ui" name="test_bt2_u268_bounded_store_capacities_are_wired" time="0.001" /><testcase classname="tests.webapp.test_big_trades_ui" name="test_bt2_u269_big_trades_has_no_horizontal_overflow" time="0.005" /><testcase classname="tests.webapp.test_big_trades_ui" name="test_bt2_u270_browser_javascript_compiles" time="0.278" /><testcase classname="tests.webapp.test_big_trades_ui" name="test_bt2_u271_time_sales_filter_meaning_is_untouched" time="0.005" /><testcase classname="tests.webapp.test_big_trades_ui" name="test_bt2_u272_dom_trade_pulse_path_is_untouched" time="0.005" /><testcase classname="tests.webapp.test_big_trades_ui" name="test_bt2_u273_three_stage_chart_geometry_is_not_overridden" time="0.006" /><testcase classname="tests.webapp.test_big_trades_ui" name="test_bt2_u274_flow_response_cards_are_not_replaced" time="0.004" /><testcase classname="tests.webapp.test_big_trades_ui" name="test_bt2_u275_system_facts_and_user_assessment_are_separate" time="0.004" /><testcase classname="tests.webapp.test_big_trades_ui" name="test_big_trades_frontend_exports_all_required_modules" time="0.003" /><testcase classname="tests.webapp.test_big_trades_ui" name="test_browser_validator_rejects_unknown_fields_and_numeric_decimal" time="0.161" /><testcase classname="tests.webapp.test_big_trades_ui" name="test_browser_validator_accepts_enum_price_mode_and_numeric_price_path_size" time="0.168" /><testcase classname="tests.webapp.test_book_update" name="test_projection_sync_lifecycle_stale_gap_and_resync_are_fail_closed" time="0.002" /><testcase classname="tests.webapp.test_book_update" name="test_empty_locked_and_crossed_books_never_expose_quantities[bids0-asks0-EMPTY]" time="0.002" /><testcase classname="tests.webapp.test_book_update" name="test_empty_locked_and_crossed_books_never_expose_quantities[bids1-asks1-LOCKED]" time="0.002" /><testcase classname="tests.webapp.test_book_update" name="test_empty_locked_and_crossed_books_never_expose_quantities[bids2-asks2-CROSSED]" time="0.001" /><testcase classname="tests.webapp.test_book_update" name="test_projection_is_sorted_and_bounded_to_top_50_levels_per_side" time="0.002" /><testcase classname="tests.webapp.test_book_update" name="test_latest_pump_is_100ms_read_only_and_suppresses_unchanged_state" time="0.006" /><testcase classname="tests.webapp.test_book_update" name="test_projection_send_failure_is_isolated_and_retried" time="0.005" /><testcase classname="tests.webapp.test_book_update" name="test_book_update_payload_and_reconnect_cache_use_latest_projection" time="0.008" /><testcase classname="tests.webapp.test_book_update" name="test_book_sequence_is_contiguous_across_synced_fail_closed_and_recovery" time="0.004" /><testcase classname="tests.webapp.test_book_update" name="test_book_stream_changes_per_broker_lifecycle_and_sequence_restarts_at_one" time="0.010" /><testcase classname="tests.webapp.test_book_update" name="test_invalid_book_projection_does_not_consume_sequence" time="0.004" /><testcase classname="tests.webapp.test_book_update" name="test_broker_defensively_clears_levels_for_fail_closed_message" time="0.008" /><testcase classname="tests.webapp.test_broker" name="test_broadcast_reaches_connected_client" time="0.004" /><testcase classname="tests.webapp.test_broker" name="test_broadcast_removes_dead_client" time="0.004" /><testcase classname="tests.webapp.test_broker" name="test_disconnect_removes_client" time="0.010" /><testcase classname="tests.webapp.test_dom_tape_fusion_ui" name="test_fixed_fusion_layout_keeps_indicators_and_removes_old_book_presentation" time="0.014"><failure message="assert 'body.phase5-fusion #right&gt;#left{display:none!important}' in '&lt;!DOCTYPE html&gt;\n&lt;html lang=&quot;en&quot; translate=&quot;no&quot;&gt;\n&lt;head&gt;\n&lt;meta charset=&quot;utf-8&quot;&gt;\n&lt;link rel=&quot;icon&quot; href=&quot;data:,&quot;&gt;\n&lt;m...null;\n    }\n  };\n  setInterval(window.__watchdog.tick, 2000);\n})();\n&lt;/script&gt;\n\n&lt;/body&gt;\n&lt;/html&gt;\n\n\n\n\n\n\n\n'">def test_fixed_fusion_layout_keeps_indicators_and_removes_old_book_presentation() -&gt; None:
        html = HTML_PATH.read_text(encoding="utf-8")
    
        assert '&lt;script src="/static/time_sales.js"&gt;&lt;/script&gt;' in html
        assert "const PHASE5_FUSION_ENABLED = true;" in html
        assert 'id="fpdomstatus"' in html
        assert 'id="tape" class="panel"' in html
        assert 'id="tapeviewport" tabindex="0" role="grid"' in html
        assert 'id="tapedetail" role="status" aria-live="polite"' in html
        assert 'id="tapefilterstate"' in html
        assert 'id="tapegap"' in html
        assert 'id="tapecount"' in html
&gt;       assert 'body.phase5-fusion #right&gt;#left{display:none!important}' in html
E       assert 'body.phase5-fusion #right&gt;#left{display:none!important}' in '&lt;!DOCTYPE html&gt;\n&lt;html lang="en" translate="no"&gt;\n&lt;head&gt;\n&lt;meta charset="utf-8"&gt;\n&lt;link rel="icon" href="data:,"&gt;\n&lt;m...null;\n    }\n  };\n  setInterval(window.__watchdog.tick, 2000);\n})();\n&lt;/script&gt;\n\n&lt;/body&gt;\n&lt;/html&gt;\n\n\n\n\n\n\n\n'

tests\webapp\test_dom_tape_fusion_ui.py:30: AssertionError</failure></testcase><testcase classname="tests.webapp.test_dom_tape_fusion_ui" name="test_alert_toasts_stay_out_of_the_trading_screen_center" time="0.009" /><testcase classname="tests.webapp.test_dom_tape_fusion_ui" name="test_book_and_tape_messages_are_wired_without_using_latest_tick_as_tape" time="0.005" /><testcase classname="tests.webapp.test_dom_tape_fusion_ui" name="test_dom_tape_link_keeps_highlighting_without_shipping_debug_overlay" time="0.008" /><testcase classname="tests.webapp.test_dom_tape_fusion_ui" name="test_canvas_uses_one_geometry_for_footprint_and_live_dom_dirty_layer" time="0.002" /><testcase classname="tests.webapp.test_dom_tape_fusion_ui" name="test_time_sales_keeps_500_data_items_but_reuses_only_20_to_40_rows" time="0.003" /><testcase classname="tests.webapp.test_dom_tape_fusion_ui" name="test_phase5_does_not_change_completed_three_stage_chart_geometry" time="0.005" /><testcase classname="tests.webapp.test_dom_tape_fusion_ui" name="test_passive_depth_bucket_best_wall_and_fail_closed_are_deterministic" time="0.148" /><testcase classname="tests.webapp.test_dom_tape_fusion_ui" name="test_tape_history_live_dedup_sequence_gap_restart_and_filters" time="0.138" /><testcase classname="tests.webapp.test_dom_trade_pulse_ui" name="test_dom_trade_pulse_source_is_bounded_and_overlay_only" time="0.002" /><testcase classname="tests.webapp.test_dom_trade_pulse_ui" name="test_only_accepted_tape_trades_are_wired_through_named_coordinator" time="0.007" /><testcase classname="tests.webapp.test_dom_trade_pulse_ui" name="test_pulse_store_side_bucket_expiry_coalesce_fail_closed_and_capacity" time="0.169" /><testcase classname="tests.webapp.test_dom_trade_pulse_ui" name="test_canvas_draws_ask_and_bid_half_cells_even_without_current_book_level" time="0.124" /><testcase classname="tests.webapp.test_dom_trade_pulse_ui" name="test_canvas_lifecycle_clears_on_stream_book_fail_closed_and_feature_boundary" time="0.122" /><testcase classname="tests.webapp.test_footprint_chart_ui" name="test_canvas_footprint_panel_has_fixed_controls_and_accessible_detail" time="0.003" /><testcase classname="tests.webapp.test_footprint_chart_ui" name="test_canvas_footprint_connects_live_history_and_lazy_cursor_without_dom_cells" time="0.006" /><testcase classname="tests.webapp.test_footprint_chart_ui" name="test_canvas_layers_preserve_footprint_meanings_and_completed_chart_geometry" time="0.005" /><testcase classname="tests.webapp.test_footprint_chart_ui" name="test_display_bucket_value_area_and_auto_step_are_deterministic" time="0.257" /><testcase classname="tests.webapp.test_footprint_chart_ui" name="test_bucketed_diagonal_imbalance_uses_display_step_adjacency" time="0.136" /><testcase classname="tests.webapp.test_footprint_chart_ui" name="test_poc_fact_remains_visible_and_reports_when_price_row_is_offscreen" time="0.172" /><testcase classname="tests.webapp.test_footprint_history" name="test_history_survives_writer_restart_and_pages_oldest_first" time="0.311" /><testcase classname="tests.webapp.test_footprint_history" name="test_history_is_empty_when_phase1_tables_do_not_exist" time="0.055" /><testcase classname="tests.webapp.test_footprint_history" name="test_history_rejects_naive_before_cursor" time="0.009" /><testcase classname="tests.webapp.test_heatmap_frame_budget" name="test_frame_budget_constant_exists" time="0.004" /><testcase classname="tests.webapp.test_heatmap_frame_budget" name="test_pass_fail_indicator_exists" time="0.002" /><testcase classname="tests.webapp.test_heatmap_frame_budget" name="test_no_hardcoded_budget_in_indicator" time="0.003" /><testcase classname="tests.webapp.test_heatmap_frame_budget" name="test_render_times_buffer_limit" time="0.002" /><testcase classname="tests.webapp.test_heatmap_frame_budget" name="test_heatmapstatus_color_setting" time="0.002" /><testcase classname="tests.webapp.test_heatmap_frame_source" name="test_healthy_snapshot_builds_synced_sorted_depth_limited_projection" time="0.003" /><testcase classname="tests.webapp.test_heatmap_frame_source" name="test_crossed_snapshot_builds_fail_closed_projection" time="0.001" /><testcase classname="tests.webapp.test_heatmap_frame_source" name="test_locked_snapshot_builds_fail_closed_projection" time="0.001" /><testcase classname="tests.webapp.test_heatmap_frame_source" name="test_one_sided_snapshot_builds_empty_projection" time="0.001" /><testcase classname="tests.webapp.test_heatmap_frame_source" name="test_missing_event_time_builds_invalid_projection" time="0.002" /><testcase classname="tests.webapp.test_heatmap_frame_source" name="test_snapshot_adapter_exposes_fresh_synchronized_state" time="0.001" /><testcase classname="tests.webapp.test_heatmap_frame_source" name="test_iter_book_projections_yields_utc_projection_times" time="0.016" /><testcase classname="tests.webapp.test_heatmap_replay_task" name="test_replay_sends_each_projection_and_sleeps_after_each" time="0.006" /><testcase classname="tests.webapp.test_heatmap_replay_task" name="test_replay_isolates_send_exception_and_continues" time="0.007" /><testcase classname="tests.webapp.test_heatmap_replay_task" name="test_replay_reraises_cancelled_error" time="0.003" /><testcase classname="tests.webapp.test_heatmap_replay_task" name="test_replay_rejects_non_positive_interval" time="0.008" /><testcase classname="tests.webapp.test_heatmap_replay_task" name="test_replay_passes_source_arguments" time="0.003" /><testcase classname="tests.webapp.test_heatmap_replay_task" name="test_replay_raises_when_no_projection" time="0.004" /><testcase classname="tests.webapp.test_heatmap_replay_task" name="test_ensure_replay_source_uses_completed_segments" time="0.005" /><testcase classname="tests.webapp.test_heatmap_replay_task" name="test_ensure_replay_source_rejects_empty_segments" time="0.009" /><testcase classname="tests.webapp.test_heatmap_replay_task" name="test_live_supply_is_exclusive_for_both_heatmap_flag_values" time="0.004" /><testcase classname="tests.webapp.test_heatmap_replay_task" name="test_pipeline_replay_is_documented_as_non_heatmap_mode" time="0.002" /><testcase classname="tests.webapp.test_heatmap_replay_task" name="test_live_runtime_uses_live_pump_when_replay_flag_is_false" time="0.068" /><testcase classname="tests.webapp.test_heatmap_replay_task" name="test_live_runtime_uses_replay_task_when_replay_flag_is_true" time="0.072" /><testcase classname="tests.webapp.test_hfm_quote_tailer" name="test_hfm_quote_parser_preserves_symbol_sequence_and_bid_ask" time="0.001" /><testcase classname="tests.webapp.test_hfm_quote_tailer" name="test_last_complete_line_reads_latest_without_loading_whole_file" time="0.006" /><testcase classname="tests.webapp.test_hfm_quote_tailer" name="test_bundled_hfm_observer_source_is_compilable_not_corrupted" time="0.002" /><testcase classname="tests.webapp.test_history" name="test_query_candles_returns_list" time="0.128" /><testcase classname="tests.webapp.test_history" name="test_query_candles_filters_timeframe" time="0.168" /><testcase classname="tests.webapp.test_history" name="test_query_flow_response_events_returns_chart_metrics" time="0.128" /><testcase classname="tests.webapp.test_history" name="test_query_signals_returns_list" time="0.132" /><testcase classname="tests.webapp.test_history" name="test_query_trades_returns_list" time="0.121" /><testcase classname="tests.webapp.test_market_freshness_ui" name="test_live_guard_keeps_live_without_ticks_while_heartbeats_continue" time="0.158" /><testcase classname="tests.webapp.test_market_freshness_ui" name="test_live_guard_tolerates_heartbeat_drop_uses_monotonic_and_never_closes_transport" time="0.123" /><testcase classname="tests.webapp.test_market_freshness_ui" name="test_live_guard_fails_closed_for_upstream_or_pipeline_and_recovers_in_order" time="0.154" /><testcase classname="tests.webapp.test_market_freshness_ui" name="test_live_guard_rejects_mode_mismatch_and_disables_timeout_in_replay" time="0.146" /><testcase classname="tests.webapp.test_market_freshness_ui" name="test_tick_metadata_remains_fail_closed_but_spot_uses_independent_event_guard" time="0.155" /><testcase classname="tests.webapp.test_market_freshness_ui" name="test_tick_payload_has_freshness_metadata_and_late_browser_gets_latest_tick" time="0.004" /><testcase classname="tests.webapp.test_market_freshness_ui" name="test_failed_cached_tick_send_does_not_register_client" time="0.009" /><testcase classname="tests.webapp.test_market_freshness_ui" name="test_slow_client_is_timed_out_without_blocking_healthy_client" time="0.041" /><testcase classname="tests.webapp.test_market_freshness_ui" name="test_hanging_cached_send_does_not_hold_broker_locks" time="0.030" /><testcase classname="tests.webapp.test_market_freshness_ui" name="test_html_uses_freshness_guard_for_every_live_price_projection" time="0.007" /><testcase classname="tests.webapp.test_market_poller" name="test_market_polling_broadcasts_on_success" time="0.006" /><testcase classname="tests.webapp.test_market_poller" name="test_market_polling_continues_on_fetch_error" time="0.008" /><testcase classname="tests.webapp.test_oi_context" name="test_normalize_oi_sample_keeps_binance_source_time_and_decimal" time="0.001" /><testcase classname="tests.webapp.test_oi_context" name="test_normalize_oi_sample_rejects_wrong_or_nonpositive_data[payload0]" time="0.001" /><testcase classname="tests.webapp.test_oi_context" name="test_normalize_oi_sample_rejects_wrong_or_nonpositive_data[payload1]" time="0.003" /><testcase classname="tests.webapp.test_oi_context" name="test_normalize_oi_sample_rejects_wrong_or_nonpositive_data[payload2]" time="0.002" /><testcase classname="tests.webapp.test_oi_context" name="test_normalize_oi_sample_rejects_wrong_or_nonpositive_data[payload3]" time="0.001" /><testcase classname="tests.webapp.test_oi_context" name="test_oi_polling_persists_and_broadcasts_official_sample" time="0.005" /><testcase classname="tests.webapp.test_oi_context" name="test_push_broker_oi_payload_has_source_and_real_change" time="0.006" /><testcase classname="tests.webapp.test_orderbook_heatmap_core" name="test_heatmap_core_contracts" time="0.150" /><testcase classname="tests.webapp.test_orderbook_heatmap_core" name="test_heatmap_max_load_is_bounded_and_reconnect_safe" time="1.033" /><testcase classname="tests.webapp.test_orderbook_heatmap_core" name="test_heatmap_duration_weighting_gap_and_side_separation" time="0.165" /><testcase classname="tests.webapp.test_orderbook_heatmap_core" name="test_heatmap_book_gap_keeps_history_and_recovers_without_carry_forward" time="0.149" /><testcase classname="tests.webapp.test_orderbook_heatmap_core" name="test_heatmap_render_window_uses_projection_time_when_event_time_lags" time="0.156" /><testcase classname="tests.webapp.test_orderbook_heatmap_core" name="test_heatmap_accepts_authoritative_normalized_time_sales_shape" time="0.127" /><testcase classname="tests.webapp.test_orderbook_heatmap_ui" name="test_heatmap_gate_is_enabled_for_operation" time="0.003" /><testcase classname="tests.webapp.test_orderbook_heatmap_ui" name="test_heatmap_canvas_really_replaces_footprint_in_same_stage" time="0.004" /><testcase classname="tests.webapp.test_orderbook_heatmap_ui" name="test_heatmap_controls_and_accessibility_contract_exist" time="0.004" /><testcase classname="tests.webapp.test_orderbook_heatmap_ui" name="test_heatmap_uses_canvas_renderer_not_rudimentary_inline_strips" time="0.004" /><testcase classname="tests.webapp.test_orderbook_heatmap_ui" name="test_time_sales_linkage_preserves_normalizer_and_passes_stream_context" time="0.006" /><testcase classname="tests.webapp.test_orderbook_heatmap_ui" name="test_primary_heatmap_axis_and_tooltip_font_contract" time="0.004" /><testcase classname="tests.webapp.test_persistent_depth_writer" name="test_writer_rotates_segments_and_writes_manifest" time="0.054" /><testcase classname="tests.webapp.test_persistent_depth_writer" name="test_writer_separates_streams" time="0.033" /><testcase classname="tests.webapp.test_phase6_integration" name="test_live_restart_hydrates_storage_and_each_stream_balances" time="1.148" /><testcase classname="tests.webapp.test_phase6_integration" name="test_reconnect_replays_latest_book_not_tape_and_exposes_sequence_gap" time="0.012" /><testcase classname="tests.webapp.test_push_broker" name="test_envelope_shape" time="0.001" /><testcase classname="tests.webapp.test_push_broker" name="test_tick_payload_keeps_trade_id_for_latency_audit" time="0.006" /><testcase classname="tests.webapp.test_push_broker" name="test_market_heartbeat_sequence_is_monotonic_and_never_cached" time="0.006" /><testcase classname="tests.webapp.test_push_broker" name="test_slow_client_heartbeat_timeout_does_not_block_healthy_tick" time="0.047" /><testcase classname="tests.webapp.test_push_broker" name="test_hfm_quote_payload_is_bid_ask_and_usd_spread" time="0.004" /><testcase classname="tests.webapp.test_push_broker" name="test_late_browser_receives_latest_hfm_quote_immediately" time="0.008" /><testcase classname="tests.webapp.test_push_broker" name="test_d2s_decimal_to_str" time="0.001" /><testcase classname="tests.webapp.test_push_broker" name="test_d2s_float_raises" time="0.001" /><testcase classname="tests.webapp.test_push_broker" name="test_compute_value_area_single_peak" time="0.001" /><testcase classname="tests.webapp.test_push_broker" name="test_compute_value_area_empty" time="0.002" /><testcase classname="tests.webapp.test_push_broker" name="test_on_analysis_payload_shape" time="0.005" /><testcase classname="tests.webapp.test_push_broker" name="test_on_analysis_serializes_imbalance_walls_and_effective_floor" time="0.005" /><testcase classname="tests.webapp.test_push_broker" name="test_evaluate_and_store_excludes_imbalance_score_and_flow_events" time="0.005" /><testcase classname="tests.webapp.test_push_broker" name="test_absorption_hook_fires_once_per_event" time="0.002" /><testcase classname="tests.webapp.test_push_broker" name="test_flow_hook_none_no_exception" time="0.007" /><testcase classname="tests.webapp.test_push_broker" name="test_ws_hello_payload_version" time="0.067" /><testcase classname="tests.webapp.test_push_broker" name="test_register_unregister_dead_client_removed" time="0.006" /><testcase classname="tests.webapp.test_push_broker" name="test_client_writer_is_single_and_heartbeat_interrupts_normal_fifo" time="0.008" /><testcase classname="tests.webapp.test_push_broker" name="test_queue_overflow_disconnects_only_slow_client_without_silent_drop" time="0.069" /><testcase classname="tests.webapp.test_push_broker" name="test_broker_close_cancels_and_awaits_all_client_writers" time="0.007" /><testcase classname="tests.webapp.test_push_broker" name="test_config_webapp_invalid_port_raises" time="0.010" /><testcase classname="tests.webapp.test_push_broker" name="test_candle_payload_footprint_levels_descending_and_va_ordered" time="0.005" /><testcase classname="tests.webapp.test_push_broker" name="test_main_adapter_reverses_footprint_levels" time="0.004" /><testcase classname="tests.webapp.test_push_broker" name="test_on_analysis_serializes_divergence_native_object" time="0.004" /><testcase classname="tests.webapp.test_push_broker" name="test_on_flow_response_serializes_observations_without_signal_language" time="0.004" /><testcase classname="tests.webapp.test_push_broker" name="test_on_flow_event_accepts_native_detector_event_and_keeps_event_time" time="0.007" /><testcase classname="tests.webapp.test_push_broker" name="test_on_analysis_flow_events_include_original_timestamp_for_candle_markers" time="0.005" /><testcase classname="tests.webapp.test_push_broker" name="test_main_wires_native_and_webapp_flow_events_to_broker" time="0.002" /><testcase classname="tests.webapp.test_push_broker" name="test_flow_event_marker_ui_is_two_hour_in_memory_observation_only" time="0.005" /><testcase classname="tests.webapp.test_push_broker" name="test_flow_event_candle_markers_are_individually_toggleable" time="0.003" /><testcase classname="tests.webapp.test_push_broker" name="test_oi_context_ui_keeps_three_stage_chart_and_uses_persisted_real_samples" time="0.005" /><testcase classname="tests.webapp.test_push_broker" name="test_chart_status_rows_remain_visible_without_resizing_three_stage_chart" time="0.004" /><testcase classname="tests.webapp.test_push_broker" name="test_cvd_slope_is_rounded_and_labels_native_btc_quantity_units" time="0.006" /><testcase classname="tests.webapp.test_push_broker" name="test_price_cvd_delta_oi_combination_guide_is_clickable_observation_reference" time="0.004" /><testcase classname="tests.webapp.test_push_broker" name="test_live_observation_and_fixed_chart_detail_keep_final_readability_contract" time="0.006" /><testcase classname="tests.webapp.test_push_broker" name="test_flow_response_state_guide_explains_all_colors_without_changing_chart" time="0.004" /><testcase classname="tests.webapp.test_spot_reference_price" name="test_normalize_spot_trade_preserves_official_identity_and_decimal_price" time="0.001" /><testcase classname="tests.webapp.test_spot_reference_price" name="test_normalize_spot_trade_rejects_wrong_or_non_positive_payload[payload0]" time="0.001" /><testcase classname="tests.webapp.test_spot_reference_price" name="test_normalize_spot_trade_rejects_wrong_or_non_positive_payload[payload1]" time="0.001" /><testcase classname="tests.webapp.test_spot_reference_price" name="test_normalize_spot_trade_rejects_wrong_or_non_positive_payload[payload2]" time="0.001" /><testcase classname="tests.webapp.test_spot_reference_price" name="test_normalize_spot_trade_rejects_wrong_or_non_positive_payload[payload3]" time="0.002" /><testcase classname="tests.webapp.test_spot_reference_price" name="test_normalize_spot_trade_rejects_wrong_or_non_positive_payload[payload4]" time="0.001" /><testcase classname="tests.webapp.test_spot_reference_price" name="test_normalize_spot_trade_rejects_wrong_or_non_positive_payload[payload5]" time="0.006" /><testcase classname="tests.webapp.test_spot_reference_price" name="test_normalize_spot_trade_rejects_wrong_or_non_positive_payload[payload6]" time="0.002" /><testcase classname="tests.webapp.test_spot_reference_price" name="test_spot_stream_publishes_only_validated_trade_and_uses_raw_stream_url" time="0.006" /><testcase classname="tests.webapp.test_spot_reference_price" name="test_push_broker_caches_latest_spot_reference_for_late_browser" time="0.007" /><testcase classname="tests.webapp.test_spot_reference_price" name="test_spot_reference_is_display_only_freshness_guarded_and_runtime_explicit" time="0.007" /><testcase classname="tests.webapp.test_tape_update" name="test_batcher_preserves_acceptance_order_sequence_and_message_cap" time="0.003" /><testcase classname="tests.webapp.test_tape_update" name="test_overflow_drops_oldest_and_exposes_real_sequence_gap" time="0.003" /><testcase classname="tests.webapp.test_tape_update" name="test_slow_sender_never_blocks_publish_and_overflow_remains_accounted" time="0.003" /><testcase classname="tests.webapp.test_tape_update" name="test_send_failure_becomes_explicit_drop_on_next_batch" time="0.010" /><testcase classname="tests.webapp.test_tape_update" name="test_invalid_tap_input_is_rejected_without_consuming_sequence" time="0.003" /><testcase classname="tests.webapp.test_tape_update" name="test_new_batcher_creates_new_stream_and_restarts_sequence_at_one" time="0.006" /><testcase classname="tests.webapp.test_tape_update" name="test_replay_batch_uses_last_trade_market_time_not_wall_clock" time="0.003" /><testcase classname="tests.webapp.test_tape_update" name="test_push_broker_serializes_tape_and_does_not_replay_batch_on_reconnect" time="0.020" /><testcase classname="tests.webapp.test_tape_update" name="test_time_sales_history_is_oldest_first_exact_and_before_is_exclusive" time="3.325" /><testcase classname="tests.webapp.test_version" name="test_parse_version_latest_entry_wins" time="0.002" /><testcase classname="tests.webapp.test_version" name="test_parse_version_no_heading_returns_none" time="0.001" /><testcase classname="tests.webapp.test_version" name="test_resolve_version_from_file" time="0.006" /><testcase classname="tests.webapp.test_version" name="test_resolve_version_missing_file_falls_back" time="0.007" /><testcase classname="tests.webapp.test_version" name="test_resolve_version_first_hit_wins" time="0.007" /><testcase classname="tests.webapp.test_version" name="test_api_version_endpoint" time="0.012" /></testsuite></testsuites>