<?xml version="1.0" encoding="utf-8"?><testsuites name="pytest tests"><testsuite name="pytest" errors="0" failures="0" skipped="1" tests="870" time="144.508" timestamp="2026-08-12T06:43:46.050815+09:00" hostname="DESKTOP-K1I84LK"><testcase classname="tests.acquisition.test_acquisition" name="test_queue_overflow_drops_oldest_and_counts" time="0.005" /><testcase classname="tests.acquisition.test_acquisition" name="test_queue_stats_expose_capacity_and_dropped_event_kind" time="0.003" /><testcase classname="tests.acquisition.test_acquisition" name="test_queue_fifo_order" time="0.004" /><testcase classname="tests.acquisition.test_acquisition" name="test_connector_reconnects_then_delivers_in_order" time="0.006" /><testcase classname="tests.acquisition.test_acquisition" name="test_connector_records_raw_frame_observability_before_queue_put" time="0.004" /><testcase classname="tests.acquisition.test_acquisition" name="test_connector_queue_wait_does_not_shift_receive_timestamp" time="0.003" /><testcase classname="tests.acquisition.test_acquisition" name="test_connector_message_age_uses_only_monotonic_clock" time="0.003" /><testcase classname="tests.acquisition.test_acquisition" name="test_connector_gives_up_after_max_retries" time="0.009" /><testcase classname="tests.acquisition.test_acquisition" name="test_connector_no_reconnect_when_disabled" time="0.003" /><testcase classname="tests.acquisition.test_acquisition" name="test_receiver_forwards_in_order_and_drops_invalid" time="0.003" /><testcase classname="tests.acquisition.test_acquisition" name="test_receiver_counts_out_of_order" time="0.003" /><testcase classname="tests.acquisition.test_acquisition" name="test_jsonl_recording_replays_identically" time="0.022" /><testcase classname="tests.acquisition.test_acquisition" name="test_replay_source_feeds_connector" time="0.010" /><testcase classname="tests.acquisition.test_acquisition" name="test_connector_to_receiver_pipeline" time="0.014" /><testcase classname="tests.acquisition.test_binance_rest" name="test_rest_to_depth_event_accepted_by_normalizer" time="0.008" /><testcase classname="tests.acquisition.test_binance_rest" name="test_fetch_depth_snapshot_http_error_raises_connection_error" time="0.006" /><testcase classname="tests.acquisition.test_binance_rest" name="test_snapshot_then_diff_apply_sequence" time="0.013" /><testcase classname="tests.acquisition.test_binance_rest" name="test_only_coordinator_verified_bridge_enters_initial_sync_apply" time="0.007" /><testcase classname="tests.acquisition.test_binance_rest" name="test_fetch_open_interest_returns_raw_dict" time="0.006" /><testcase classname="tests.acquisition.test_binance_rest" name="test_fetch_premium_index_returns_raw_dict" time="0.014" /><testcase classname="tests.acquisition.test_binance_rest" name="test_fetch_ticker_24hr_returns_raw_dict" time="0.009" /><testcase classname="tests.acquisition.test_binance_rest" name="test_rest_to_depth_event_accepts_real_binance_payload_without_timestamp" time="0.007" /><testcase classname="tests.acquisition.test_binance_ws" name="test_is_agg_trade_selects_only_aggtrade" time="0.001" /><testcase classname="tests.acquisition.test_binance_ws" name="test_connect_sends_subscribe_and_yields_parsed_dicts" time="0.003" /><testcase classname="tests.acquisition.test_binance_ws" name="test_connect_failure_maps_to_connection_error" time="0.004" /><testcase classname="tests.acquisition.test_binance_ws" name="test_subscribe_failure_maps_to_connection_error_and_closes" time="0.029" /><testcase classname="tests.acquisition.test_binance_ws" name="test_stream_error_maps_to_connection_error_and_closes" time="0.004" /><testcase classname="tests.acquisition.test_binance_ws" name="test_clean_close_ends_iteration" time="0.004" /><testcase classname="tests.acquisition.test_binance_ws" name="test_malformed_frame_skipped_not_fatal" time="0.002" /><testcase classname="tests.acquisition.test_binance_ws" name="test_is_agg_trade_still_filters_depth" time="0.001" /><testcase classname="tests.acquisition.test_binance_ws" name="test_is_agg_trade_or_depth_accepts_aggtrade" time="0.001" /><testcase classname="tests.acquisition.test_binance_ws" name="test_is_agg_trade_or_depth_accepts_depth" time="0.001" /><testcase classname="tests.acquisition.test_binance_ws" name="test_is_agg_trade_or_depth_rejects_subscription_ack" time="0.001" /><testcase classname="tests.acquisition.test_binance_ws" name="test_wrapped_combined_stream_message_is_unwrapped" time="0.007" /><testcase classname="tests.acquisition.test_depth_history_recorder" name="test_passthrough_preserves_strings" time="0.015" /><testcase classname="tests.acquisition.test_depth_history_recorder" name="test_manifest_matches_content" time="0.020" /><testcase classname="tests.acquisition.test_depth_history_recorder" name="test_manifest_v2_contains_verified_sync_event_from_coordinator" time="0.015" /><testcase classname="tests.acquisition.test_depth_history_recorder" name="test_manifest_v2_records_initial_and_book_resync_epochs" time="0.015" /><testcase classname="tests.acquisition.test_depth_history_recorder" name="test_manifest_v1_without_schema_version_loads_backward_compatibly" time="0.005" /><testcase classname="tests.acquisition.test_depth_history_recorder" name="test_sync_failed_enters_failures_not_verified_events" time="0.014" /><testcase classname="tests.acquisition.test_depth_history_recorder" name="test_rotation_by_size" time="0.028" /><testcase classname="tests.acquisition.test_depth_history_recorder" name="test_rotation_keeps_sync_metadata_on_threshold_segment" time="0.027" /><testcase classname="tests.acquisition.test_depth_history_recorder" name="test_explicit_max_bytes_overrides_environment_and_rotates" time="0.023" /><testcase classname="tests.acquisition.test_depth_history_recorder" name="test_environment_max_bytes_is_used_when_constructor_is_unspecified" time="0.026" /><testcase classname="tests.acquisition.test_depth_history_recorder" name="test_unset_max_bytes_keeps_64_mib_default" time="0.004" /><testcase classname="tests.acquisition.test_depth_history_recorder" name="test_environment_max_bytes_parser_accepts_positive_integer_text" time="0.001" /><testcase classname="tests.acquisition.test_depth_history_recorder" name="test_explicit_max_bytes_rejects_non_positive_or_float[0]" time="0.005" /><testcase classname="tests.acquisition.test_depth_history_recorder" name="test_explicit_max_bytes_rejects_non_positive_or_float[-1]" time="0.006" /><testcase classname="tests.acquisition.test_depth_history_recorder" name="test_explicit_max_bytes_rejects_non_positive_or_float[1.5]" time="0.006" /><testcase classname="tests.acquisition.test_depth_history_recorder" name="test_explicit_max_bytes_rejects_non_positive_or_float[True]" time="0.010" /><testcase classname="tests.acquisition.test_depth_history_recorder" name="test_environment_max_bytes_parser_rejects_invalid_values[0]" time="0.002" /><testcase classname="tests.acquisition.test_depth_history_recorder" name="test_environment_max_bytes_parser_rejects_invalid_values[-1]" time="0.002" /><testcase classname="tests.acquisition.test_depth_history_recorder" name="test_environment_max_bytes_parser_rejects_invalid_values[1.5]" time="0.002" /><testcase classname="tests.acquisition.test_depth_history_recorder" name="test_environment_max_bytes_parser_rejects_invalid_values[]" time="0.001" /><testcase classname="tests.acquisition.test_depth_history_recorder" name="test_manifest_v2_contains_no_float_values" time="0.017" /><testcase classname="tests.acquisition.test_depth_history_recorder" name="test_flush_is_periodic_not_per_write" time="0.005" /><testcase classname="tests.acquisition.test_depth_history_recorder" name="test_safe_recorder_isolates_failure" time="0.006" /><testcase classname="tests.acquisition.test_depth_history_recorder" name="test_safe_recorder_forwards_sync_action" time="0.025" /><testcase classname="tests.acquisition.test_depth_history_recorder" name="test_tee_writes_to_all_taps" time="0.005" /><testcase classname="tests.acquisition.test_depth_history_recorder" name="test_tee_close_is_noop" time="0.001" /><testcase classname="tests.acquisition.test_depth_history_recorder" name="test_tee_forwards_sync_action_only_to_capable_taps" time="0.002" /><testcase classname="tests.acquisition.test_depth_sync" name="test_depth_is_buffered_before_initial_snapshot_request" time="0.002" /><testcase classname="tests.acquisition.test_depth_sync" name="test_buffer_bridge_establishes_strict_sync" time="0.002" /><testcase classname="tests.acquisition.test_depth_sync" name="test_snapshot_is_refetched_when_buffer_passes_target_without_bridge" time="0.005" /><testcase classname="tests.acquisition.test_depth_sync" name="test_attempt_limit_fails_closed_with_explicit_reason" time="0.005" /><testcase classname="tests.acquisition.test_depth_sync" name="test_fetch_failures_share_the_finite_attempt_budget" time="0.002" /><testcase classname="tests.acquisition.test_depth_sync" name="test_pu_discontinuity_after_bridge_is_never_verified" time="0.001" /><testcase classname="tests.acquisition.test_depth_sync" name="test_terminal_failure_clears_buffer_and_can_rearm_on_fresh_depth" time="0.002" /><testcase classname="tests.acquisition.test_depth_sync" name="test_candidate_waits_while_latest_buffer_u_is_before_target" time="0.002" /><testcase classname="tests.acquisition.test_depth_sync" name="test_buffer_limit_is_explicit_sync_failure" time="0.002" /><testcase classname="tests.acquisition.test_depth_sync" name="test_receiver_records_all_presync_diffs_before_buffer_tap" time="0.003" /><testcase classname="tests.acquisition.test_depth_sync" name="test_book_resync_uses_the_same_strict_bridge_state_machine" time="0.001" /><testcase classname="tests.acquisition.test_depth_sync" name="test_sync_metadata_has_no_float_and_float_ids_are_rejected" time="0.001" /><testcase classname="tests.analysis.test_aggregate_trigger_outcomes_step2" name="test_primary_state_direction_is_fixed_before_outcomes[BUY_EFFECTIVE-expected0]" time="0.009" /><testcase classname="tests.analysis.test_aggregate_trigger_outcomes_step2" name="test_primary_state_direction_is_fixed_before_outcomes[SELL_EFFECTIVE-expected1]" time="0.002" /><testcase classname="tests.analysis.test_aggregate_trigger_outcomes_step2" name="test_primary_state_direction_is_fixed_before_outcomes[BUY_TRAPPED-expected2]" time="0.002" /><testcase classname="tests.analysis.test_aggregate_trigger_outcomes_step2" name="test_primary_state_direction_is_fixed_before_outcomes[SELL_TRAPPED-expected3]" time="0.009" /><testcase classname="tests.analysis.test_aggregate_trigger_outcomes_step2" name="test_stalled_is_two_labelled_probes_not_a_direction_claim" time="0.002" /><testcase classname="tests.analysis.test_aggregate_trigger_outcomes_step2" name="test_direction_relative_mfe_mae_for_buy_and_sell" time="0.001" /><testcase classname="tests.analysis.test_aggregate_trigger_outcomes_step2" name="test_direction_result_keeps_flat_separate" time="0.007" /><testcase classname="tests.analysis.test_aggregate_trigger_outcomes_step2" name="test_20usd_threshold_is_entry_price_specific" time="0.005" /><testcase classname="tests.analysis.test_aggregate_trigger_outcomes_step2" name="test_strict_inventory_count_fails_closed" time="0.002" /><testcase classname="tests.database.test_background_storage" name="test_background_writer_drains_fifo_before_close" time="0.310" /><testcase classname="tests.database.test_big_trades_storage" name="test_isolated_migration_has_all_authoritative_columns" time="0.144" /><testcase classname="tests.database.test_big_trades_storage" name="test_origin_batch_is_atomic_idempotent_and_decimal_utc_exact" time="0.329" /><testcase classname="tests.database.test_big_trades_storage" name="test_origin_component_failure_rolls_back_every_table" time="0.203" /><testcase classname="tests.database.test_big_trades_storage" name="test_same_origin_id_with_different_content_is_collision" time="0.308" /><testcase classname="tests.database.test_big_trades_storage" name="test_checkpoint_is_idempotent_and_mismatch_collides" time="0.385" /><testcase classname="tests.database.test_big_trades_storage" name="test_background_writer_ack_is_after_commit" time="0.301" /><testcase classname="tests.database.test_big_trades_storage" name="test_background_queue_full_returns_explicit_failed_ack" time="0.320" /><testcase classname="tests.database.test_big_trades_storage" name="test_parquet_requires_manifest_and_retries_after_duckdb_commit" time="0.406" /><testcase classname="tests.database.test_big_trades_storage" name="test_missing_manifest_member_is_detected" time="0.339" /><testcase classname="tests.database.test_big_trades_storage" name="test_assessment_parquet_is_committed_only_with_manifest" time="0.397" /><testcase classname="tests.database.test_big_trades_storage" name="test_settings_then_activation_mirrors_preserve_lineage" time="0.215" /><testcase classname="tests.database.test_big_trades_storage" name="test_runtime_updates_round_trip_interaction_link_snapshot_and_candle_parquet" time="1.117" /><testcase classname="tests.database.test_combined_context_storage" name="test_combined_event_and_hfm_outcome_round_trip_to_new_tables" time="0.538" /><testcase classname="tests.database.test_footprint_storage" name="test_confirmed_bar_round_trip_daily_zstd_without_level_index" time="0.247" /><testcase classname="tests.database.test_footprint_storage" name="test_duplicate_confirmed_bar_is_idempotent_in_db_and_archive" time="0.253" /><testcase classname="tests.database.test_footprint_storage" name="test_conflicting_duplicate_rolls_back_without_changing_original" time="0.175" /><testcase classname="tests.database.test_footprint_storage" name="test_storage_boundary_rejects_invalid_bar[bar0-timezone-aware]" time="0.002" /><testcase classname="tests.database.test_footprint_storage" name="test_storage_boundary_rejects_invalid_bar[bar1-price must be positive]" time="0.002" /><testcase classname="tests.database.test_footprint_storage" name="test_storage_boundary_rejects_invalid_bar[bar2-volume must be non-negative]" time="0.003" /><testcase classname="tests.database.test_footprint_storage" name="test_storage_boundary_rejects_invalid_bar[bar3-strictly ascending]" time="0.002" /><testcase classname="tests.database.test_footprint_storage" name="test_storage_boundary_rejects_invalid_bar[bar4-strictly ascending]" time="0.005" /><testcase classname="tests.database.test_footprint_storage" name="test_storage_boundary_rejects_invalid_bar[bar5-exceeds DECIMAL]" time="0.003" /><testcase classname="tests.database.test_footprint_storage" name="test_storage_boundary_rejects_invalid_bar[bar6-exceeds DECIMAL]" time="0.002" /><testcase classname="tests.database.test_footprint_storage" name="test_background_queue_accepts_one_bar_command_and_drains" time="0.241" /><testcase classname="tests.database.test_open_interest_storage" name="test_open_interest_sample_round_trips_to_parquet_and_duckdb" time="0.330" /><testcase classname="tests.database.test_open_interest_storage" name="test_open_interest_parquet_reuses_one_file_per_utc_hour" time="0.294" /><testcase classname="tests.database.test_open_interest_storage" name="test_open_interest_parquet_retries_transient_bad_file_descriptor" time="0.170" /><testcase classname="tests.database.test_open_interest_storage" name="test_open_interest_parquet_exhausts_bounded_transient_retries" time="0.142" /><testcase classname="tests.database.test_open_interest_storage" name="test_open_interest_history_is_empty_before_table_exists" time="0.047" /><testcase classname="tests.database.test_session_vwap_warm_start" name="test_loader_aggregates_latest_utc_session_in_source_order" time="0.164" /><testcase classname="tests.database.test_session_vwap_warm_start" name="test_loader_marks_mid_session_history_incomplete" time="0.144" /><testcase classname="tests.database.test_session_vwap_warm_start" name="test_loader_rejects_invalid_persisted_trade_without_partial_seed" time="0.134" /><testcase classname="tests.database.test_session_vwap_warm_start" name="test_loader_treats_missing_database_as_first_start" time="0.003" /><testcase classname="tests.database.test_storage" name="test_trades_parquet_schema_matches_spec" time="0.179" /><testcase classname="tests.database.test_storage" name="test_candles_parquet_schema_matches_spec" time="0.150" /><testcase classname="tests.database.test_storage" name="test_duckdb_trades_schema_matches_ddl" time="0.128" /><testcase classname="tests.database.test_storage" name="test_duckdb_candles_schema_matches_ddl" time="0.130" /><testcase classname="tests.database.test_storage" name="test_candle_value_round_trip" time="0.164" /><testcase classname="tests.database.test_storage" name="test_flush_by_batch_size" time="0.167" /><testcase classname="tests.database.test_storage" name="test_flush_by_interval" time="0.167" /><testcase classname="tests.database.test_storage" name="test_partition_layout" time="0.165" /><testcase classname="tests.database.test_storage" name="test_signals_parquet_schema_matches_spec" time="0.145" /><testcase classname="tests.database.test_storage" name="test_duckdb_signals_schema_matches_ddl" time="0.118" /><testcase classname="tests.database.test_storage" name="test_signals_written_counter" time="0.130" /><testcase classname="tests.database.test_storage" name="test_signals_no_pk_allows_duplicate_insert" time="0.170" /><testcase classname="tests.database.test_storage" name="test_flow_response_records_have_separate_parquet_datasets" time="0.189" /><testcase classname="tests.database.test_storage" name="test_duckdb_flow_response_tables_and_counters" time="0.221" /><testcase classname="tests.database.test_storage" name="test_duplicate_candle_pk_counted" time="0.206" /><testcase classname="tests.database.test_storage" name="test_duplicate_trade_pk_counted" time="0.196" /><testcase classname="tests.execution.test_flow_hfm_executor" name="test_transition_detector_maps_the_four_entry_states" time="0.001" /><testcase classname="tests.execution.test_flow_hfm_executor" name="test_startup_state_is_baseline_and_same_state_does_not_duplicate" time="0.003" /><testcase classname="tests.execution.test_flow_hfm_executor" name="test_transition_creates_one_intent_and_one_order_result" time="0.002" /><testcase classname="tests.execution.test_flow_hfm_executor" name="test_flow_only_controller_rejects_live_mode" time="0.001" /><testcase classname="tests.execution.test_flow_hfm_executor" name="test_flow_only_cli_rejects_live_mode" time="0.003" /><testcase classname="tests.execution.test_flow_hfm_executor" name="test_a_later_different_state_can_create_a_new_entry" time="0.003" /><testcase classname="tests.execution.test_flow_hfm_executor" name="test_other_window_is_ignored" time="0.002" /><testcase classname="tests.execution.test_flow_hfm_executor" name="test_jsonl_audit_is_immediately_readable" time="0.013" /><testcase classname="tests.execution.test_flow_hfm_executor" name="test_gateway_check_mode_never_sends_order" time="0.002" /><testcase classname="tests.execution.test_flow_hfm_executor" name="test_gateway_live_returns_ticket_and_fill" time="0.002" /><testcase classname="tests.heatmap.test_binner" name="test_bin_boundaries_keep_bid_ask_layers_separate_and_decimal" time="0.003" /><testcase classname="tests.heatmap.test_binner" name="test_time_thinning_uses_integer_spacing_and_keeps_endpoints" time="0.002" /><testcase classname="tests.heatmap.test_binner" name="test_one_time_column_keeps_newest_sample" time="0.007" /><testcase classname="tests.heatmap.test_binner" name="test_gap_splits_independently_thinned_segments_and_keeps_boundaries" time="0.002" /><testcase classname="tests.heatmap.test_binner" name="test_shuffled_level_insertion_order_produces_identical_grid" time="0.002" /><testcase classname="tests.heatmap.test_binner" name="test_empty_samples_return_well_shaped_empty_grid" time="0.003" /><testcase classname="tests.heatmap.test_binner" name="test_invalid_grid_parameters_are_rejected[price_bin0-1-ValueError]" time="0.005" /><testcase classname="tests.heatmap.test_binner" name="test_invalid_grid_parameters_are_rejected[price_bin1-1-ValueError]" time="0.002" /><testcase classname="tests.heatmap.test_binner" name="test_invalid_grid_parameters_are_rejected[price_bin2-1-ValueError]" time="0.002" /><testcase classname="tests.heatmap.test_binner" name="test_invalid_grid_parameters_are_rejected[price_bin3-0-ValueError]" time="0.002" /><testcase classname="tests.heatmap.test_binner" name="test_invalid_grid_parameters_are_rejected[price_bin4-True-TypeError]" time="0.008" /><testcase classname="tests.heatmap.test_binner" name="test_non_monotonic_times_and_float_levels_are_rejected" time="0.002" /><testcase classname="tests.heatmap.test_reconstruct" name="test_synthetic_verified_bridge_applies_multiple_diffs" time="0.002" /><testcase classname="tests.heatmap.test_reconstruct" name="test_synthetic_missing_bridge_fails_at_single_attempt" time="0.001" /><testcase classname="tests.heatmap.test_reconstruct" name="test_synthetic_pu_gap_resyncs_from_recorded_snapshot" time="0.002" /><testcase classname="tests.heatmap.test_reconstruct" name="test_synthetic_pu_gap_without_snapshot_stays_uninitialized" time="0.002" /><testcase classname="tests.heatmap.test_reconstruct" name="test_synthetic_stale_diff_is_rejected_and_reconstruction_continues" time="0.003" /><testcase classname="tests.heatmap.test_reconstruct" name="test_manifest_sha256_mismatch_raises_integrity_error" time="0.015" /><testcase classname="tests.heatmap.test_reconstruct" name="test_manifestless_segments_are_skipped_and_v1_is_enumerated" time="0.014" /><testcase classname="tests.heatmap.test_reconstruct" name="test_float_value_in_record_is_rejected" time="0.002" /><testcase classname="tests.heatmap.test_reconstruct" name="test_real_fixture_matches_verified_bridge_and_final_state" time="0.729" /><testcase classname="tests.heatmap.test_reconstruct" name="test_real_fixture_sample_states_are_strictly_monotonic_and_decimal" time="0.739" /><testcase classname="tests.heatmap.test_render_static" name="test_render_creates_visible_png_with_report_and_gap_blank" time="0.016" /><testcase classname="tests.heatmap.test_render_static" name="test_adjacent_raster_cells_are_half_open_and_cover_viewport_once" time="0.002" /><testcase classname="tests.heatmap.test_render_static" name="test_render_rejects_empty_grid" time="0.007" /><testcase classname="tests.heatmap.test_transform" name="test_grid_pixel_grid_round_trip_for_every_cell" time="0.006" /><testcase classname="tests.heatmap.test_transform" name="test_cell_bounds_match_all_viewport_endpoints_exactly" time="0.002" /><testcase classname="tests.heatmap.test_transform" name="test_viewport_corner_pixels_resolve_to_expected_grid_endpoints" time="0.001" /><testcase classname="tests.heatmap.test_transform" name="test_positive_plot_offset_never_becomes_negative_x_regression" time="0.001" /><testcase classname="tests.heatmap.test_transform" name="test_raster_bounds_share_edges_and_cover_integral_viewport" time="0.001" /><testcase classname="tests.heatmap.test_transform" name="test_all_generated_coordinates_are_non_negative[viewport0]" time="0.004" /><testcase classname="tests.heatmap.test_transform" name="test_all_generated_coordinates_are_non_negative[viewport1]" time="0.004" /><testcase classname="tests.heatmap.test_transform" name="test_invalid_shape_indices_and_pixel_coordinates_are_rejected" time="0.004" /><testcase classname="tests.heatmap.test_transform" name="test_viewport_rejects_negative_origin_and_non_decimal_geometry" time="0.007" /><testcase classname="tests.latency_observer.test_analysis" name="test_load_quotes_rejects_invalid_rows" time="0.007" /><testcase classname="tests.latency_observer.test_analysis" name="test_hfm_sequence_audit_detects_missing_quotes_and_restart" time="0.005" /><testcase classname="tests.latency_observer.test_analysis" name="test_report_separates_basis_spreads_and_execution_sides" time="0.002" /><testcase classname="tests.latency_observer.test_analysis" name="test_positive_latency_means_hfm_followed_binance" time="0.002" /><testcase classname="tests.latency_observer.test_analysis" name="test_candle_direction_agreement" time="0.001" /><testcase classname="tests.latency_observer.test_analysis" name="test_candle_report_compares_hfm_spread_with_traded_range" time="0.001" /><testcase classname="tests.latency_observer.test_analysis" name="test_one_second_return_correlation" time="0.005" /><testcase classname="tests.latency_observer.test_analysis" name="test_executable_outcome_uses_hfm_ask_to_bid_for_long" time="0.002" /><testcase classname="tests.monitor.test_health" name="test_all_green_baseline" time="0.004" /><testcase classname="tests.monitor.test_health" name="test_warmup_no_bar_is_green" time="0.011" /><testcase classname="tests.monitor.test_health" name="test_bar_missing_uses_last_bar_wall" time="0.011" /><testcase classname="tests.monitor.test_health" name="test_latency_thresholds" time="0.007" /><testcase classname="tests.monitor.test_health" name="test_memory_thresholds_and_unavailable" time="0.011" /><testcase classname="tests.monitor.test_health" name="test_reconnect_window_counting" time="0.011" /><testcase classname="tests.monitor.test_health" name="test_gap_counter_and_anomaly_recorded" time="0.008" /><testcase classname="tests.monitor.test_health" name="test_pipeline_dead_is_red" time="0.012" /><testcase classname="tests.monitor.test_health" name="test_pipeline_dead_persists_exception_type_and_message" time="0.006" /><testcase classname="tests.monitor.test_health" name="test_jsonl_written_and_daily_rotated" time="0.012" /><testcase classname="tests.monitor.test_health" name="test_anomalies_today_resets_on_new_day" time="0.008" /><testcase classname="tests.monitor.test_health" name="test_edge_recording_no_duplicate_spam" time="0.009" /><testcase classname="tests.monitor.test_health" name="test_to_payload_serializable" time="0.010" /><testcase classname="tests.monitor.test_health" name="test_read_rss_mb_returns_int_or_none" time="0.003" /><testcase classname="tests.mt5.test_adapter" name="test_server_start_stop" time="0.004" /><testcase classname="tests.mt5.test_adapter" name="test_broadcast_received" time="0.123" /><testcase classname="tests.mt5.test_adapter" name="test_heartbeat_received" time="0.165" /><testcase classname="tests.mt5.test_adapter" name="test_max_clients_exceeded" time="0.230" /><testcase classname="tests.mt5.test_adapter" name="test_buffer_drop_policy" time="0.001" /><testcase classname="tests.mt5.test_adapter" name="test_client_disconnect_cleanup" time="0.218" /><testcase classname="tests.normalization.test_normalizer" name="test_tv_nrm_01_normal_conversion" time="0.002" /><testcase classname="tests.normalization.test_normalizer" name="test_tv_nrm_02_duplicate_discard" time="0.015" /><testcase classname="tests.normalization.test_normalizer" name="test_tv_nrm_03_reorder_within_tolerance" time="0.002" /><testcase classname="tests.normalization.test_normalizer" name="test_tv_nrm_04_reorder_beyond_tolerance" time="0.004" /><testcase classname="tests.normalization.test_normalizer" name="test_profile_missing_fields_rejected" time="0.001" /><testcase classname="tests.normalization.test_normalizer" name="test_profile_invalid_timestamp_format_rejected" time="0.001" /><testcase classname="tests.normalization.test_normalizer" name="test_invalid_side_rejected" time="0.003" /><testcase classname="tests.normalization.test_normalizer" name="test_nonpositive_or_nonfinite_trade_values_rejected[px-0]" time="0.002" /><testcase classname="tests.normalization.test_normalizer" name="test_nonpositive_or_nonfinite_trade_values_rejected[px--1]" time="0.001" /><testcase classname="tests.normalization.test_normalizer" name="test_nonpositive_or_nonfinite_trade_values_rejected[px-NaN]" time="0.001" /><testcase classname="tests.normalization.test_normalizer" name="test_nonpositive_or_nonfinite_trade_values_rejected[px-Infinity]" time="0.002" /><testcase classname="tests.normalization.test_normalizer" name="test_nonpositive_or_nonfinite_trade_values_rejected[qty-0]" time="0.003" /><testcase classname="tests.normalization.test_normalizer" name="test_nonpositive_or_nonfinite_trade_values_rejected[qty--1]" time="0.001" /><testcase classname="tests.normalization.test_normalizer" name="test_nonpositive_or_nonfinite_trade_values_rejected[qty-NaN]" time="0.003" /><testcase classname="tests.normalization.test_normalizer" name="test_nonpositive_or_nonfinite_trade_values_rejected[qty-Infinity]" time="0.002" /><testcase classname="tests.normalization.test_normalizer" name="test_data_normalizer_counts_zero_trade_as_rejected" time="0.002" /><testcase classname="tests.normalization.test_normalizer" name="test_binance_boolean_side_rule" time="0.001" /><testcase classname="tests.normalization.test_normalizer" name="test_iso8601_timestamp_format" time="0.002" /><testcase classname="tests.normalization.test_normalizer" name="test_deterministic_replay_identical" time="0.006" /><testcase classname="tests.normalization.test_normalizer_depth" name="test_depth_diff_normalization" time="0.001" /><testcase classname="tests.normalization.test_normalizer_depth" name="test_depth_snapshot_normalization" time="0.001" /><testcase classname="tests.normalization.test_normalizer_depth" name="test_depth_bids_asks_preserve_input_order" time="0.001" /><testcase classname="tests.normalization.test_normalizer_depth" name="test_depth_decimal_values_exact" time="0.002" /><testcase classname="tests.normalization.test_normalizer_depth" name="test_depth_unknown_event_type_rejected" time="0.001" /><testcase classname="tests.normalization.test_normalizer_depth" name="test_depth_missing_final_update_id_rejected" time="0.001" /><testcase classname="tests.normalization.test_normalizer_depth" name="test_depth_diff_missing_first_update_id_rejected" time="0.001" /><testcase classname="tests.normalization.test_normalizer_depth" name="test_depth_filtered_when_no_mapping" time="0.002" /><testcase classname="tests.normalization.test_normalizer_depth" name="test_process_depth_returns_update" time="0.001" /><testcase classname="tests.normalization.test_normalizer_depth" name="test_process_depth_counts_rejection" time="0.006" /><testcase classname="tests.normalization.test_normalizer_depth" name="test_classify_raw_trade" time="0.001" /><testcase classname="tests.normalization.test_normalizer_depth" name="test_classify_raw_depth" time="0.001" /><testcase classname="tests.normalization.test_normalizer_depth" name="test_classify_raw_no_mapping" time="0.001" /><testcase classname="tests.normalization.test_normalizer_depth" name="test_profile_order_book_mapping_optional" time="0.001" /><testcase classname="tests.normalization.test_normalizer_depth" name="test_profile_order_book_mapping_full_binance" time="0.001" /><testcase classname="tests.normalization.test_normalizer_depth" name="test_profile_order_book_mapping_missing_field_rejected" time="0.001" /><testcase classname="tests.normalization.test_normalizer_liquidation" name="test_normalize_raw_liquidation_all_fields" time="0.001" /><testcase classname="tests.normalization.test_normalizer_liquidation" name="test_normalize_raw_liquidation_missing_field_raises[s]" time="0.002" /><testcase classname="tests.normalization.test_normalizer_liquidation" name="test_normalize_raw_liquidation_missing_field_raises[S]" time="0.002" /><testcase classname="tests.normalization.test_normalizer_liquidation" name="test_normalize_raw_liquidation_missing_field_raises[p]" time="0.002" /><testcase classname="tests.normalization.test_normalizer_liquidation" name="test_normalize_raw_liquidation_missing_field_raises[q]" time="0.004" /><testcase classname="tests.normalization.test_normalizer_liquidation" name="test_normalize_raw_liquidation_missing_field_raises[T]" time="0.002" /><testcase classname="tests.normalization.test_normalizer_liquidation" name="test_normalize_raw_liquidation_missing_event_time_raises" time="0.002" /><testcase classname="tests.normalization.test_normalizer_liquidation" name="test_classify_raw_force_order_returns_liquidation" time="0.002" /><testcase classname="tests.normalization.test_normalizer_liquidation" name="test_classify_raw_force_order_takes_priority_over_depth" time="0.007" /><testcase classname="tests.observation.test_capture_coverage" name="test_recovered_process_gap_extends_original_deadline_once" time="0.050" /><testcase classname="tests.observation.test_capture_coverage" name="test_overlapping_extensions_are_unioned_and_capped" time="0.031" /><testcase classname="tests.observation.test_capture_coverage" name="test_trailing_partial_ledger_line_is_ignored_without_rewriting" time="0.014" /><testcase classname="tests.observation.test_observation" name="test_append_only_journal_round_trip_and_manifest" time="0.087" /><testcase classname="tests.observation.test_observation" name="test_liquidation_filter_and_session_paths_are_create_new" time="0.109" /><testcase classname="tests.observation.test_observation" name="test_replay_rejects_crash_incomplete_session" time="0.041" /><testcase classname="tests.observation.test_observation" name="test_crash_incomplete_xz_replays_only_durably_committed_frames" time="1.118" /><testcase classname="tests.observation.test_observation" name="test_committed_xz_frame_hash_mismatch_is_rejected" time="0.068" /><testcase classname="tests.observation.test_observation" name="test_hook_event_storage_is_separate_append_only_parquet" time="0.042" /><testcase classname="tests.orderflow.test_absorption" name="test_tv_abs_01_buy_absorption_qualifies" time="0.003" /><testcase classname="tests.orderflow.test_absorption" name="test_tv_abs_02_aggression_fails" time="0.002" /><testcase classname="tests.orderflow.test_absorption" name="test_tv_abs_03_stall_fails" time="0.002" /><testcase classname="tests.orderflow.test_absorption" name="test_tv_abs_04_replenish_fails" time="0.001" /><testcase classname="tests.orderflow.test_absorption" name="test_tv_abs_05_sell_absorption_qualifies" time="0.001" /><testcase classname="tests.orderflow.test_absorption" name="test_absorption_window_expiry" time="0.001" /><testcase classname="tests.orderflow.test_absorption" name="test_absorption_volume_ref_not_calibrated" time="0.001" /><testcase classname="tests.orderflow.test_absorption" name="test_absorption_book_state_uninitialized" time="0.001" /><testcase classname="tests.orderflow.test_absorption" name="test_absorption_deterministic_replay" time="0.002" /><testcase classname="tests.orderflow.test_absorption" name="test_absorption_set_params_preserves_window" time="0.001" /><testcase classname="tests.orderflow.test_absorption" name="test_absorption_reports_full_stalled_price_range" time="0.001" /><testcase classname="tests.orderflow.test_absorption" name="test_set_params_updates_thresholds_without_touching_window" time="0.001" /><testcase classname="tests.orderflow.test_absorption" name="test_absorption_incremental_path_matches_legacy_scan_tick_by_tick" time="0.017" /><testcase classname="tests.orderflow.test_analysis_entry_correctness" name="test_flow_states_keep_analysis_and_stalled_probe_meanings_separate" time="0.001" /><testcase classname="tests.orderflow.test_analysis_entry_correctness" name="test_zero_spread_replay_uses_first_causal_prices_and_fixed_exit" time="0.001" /><testcase classname="tests.orderflow.test_analysis_entry_correctness" name="test_sell_direction_is_scored_without_spread_or_exit_rule" time="0.001" /><testcase classname="tests.orderflow.test_analysis_entry_correctness" name="test_entry_lag_and_path_gap_are_explicit" time="0.001" /><testcase classname="tests.orderflow.test_analysis_entry_correctness" name="test_nonoverlap_keeps_boundary_decision" time="0.002" /><testcase classname="tests.orderflow.test_analysis_entry_correctness" name="test_observed_entry_bar_replay_uses_signal_trade_and_causal_full_bars" time="0.001" /><testcase classname="tests.orderflow.test_analysis_entry_correctness" name="test_observed_entry_bar_replay_rejects_missing_minute" time="0.001" /><testcase classname="tests.orderflow.test_big_trades_activation" name="test_session_completion_is_triggered_only_by_next_session_first_source_trade" time="0.001" /><testcase classname="tests.orderflow.test_big_trades_activation" name="test_weekly_and_monthly_schedule_boundaries_use_source_sessions" time="0.001" /><testcase classname="tests.orderflow.test_big_trades_activation" name="test_schedule_run_id_deduplicates_boundary_and_manifest" time="0.001" /><testcase classname="tests.orderflow.test_big_trades_activation" name="test_replay_selection_uses_effective_source_key_not_requested_time" time="0.001" /><testcase classname="tests.orderflow.test_big_trades_activation" name="test_replay_missing_history_fails_closed" time="0.001" /><testcase classname="tests.orderflow.test_big_trades_activation" name="test_same_source_boundary_cannot_hold_two_activations" time="0.004" /><testcase classname="tests.orderflow.test_big_trades_activation" name="test_user_calibration_wins_over_scheduled_candidate_at_same_boundary" time="0.002" /><testcase classname="tests.orderflow.test_big_trades_activation" name="test_manual_only_keeps_scheduled_candidate_pending" time="0.002" /><testcase classname="tests.orderflow.test_big_trades_activation" name="test_manual_settings_reject_calibration_activation_conflict" time="0.001" /><testcase classname="tests.orderflow.test_big_trades_activation" name="test_fixed_research_namespace_cannot_write_production_history" time="0.004" /><testcase classname="tests.orderflow.test_big_trades_aggregation" name="test_fixed_vector_chains_from_previous_fill_and_builds_event" time="0.001" /><testcase classname="tests.orderflow.test_big_trades_aggregation" name="test_41ms_gap_closes_cluster" time="0.001" /><testcase classname="tests.orderflow.test_big_trades_aggregation" name="test_exact_40ms_gap_joins_cluster" time="0.002" /><testcase classname="tests.orderflow.test_big_trades_aggregation" name="test_same_side_same_millisecond_joins_cluster" time="0.001" /><testcase classname="tests.orderflow.test_big_trades_aggregation" name="test_settings_change_does_not_force_split_and_next_natural_cluster_uses_new_snapshot" time="0.001" /><testcase classname="tests.orderflow.test_big_trades_aggregation" name="test_max_fill_limit_flushes_without_losing_trigger_trade" time="0.002" /><testcase classname="tests.orderflow.test_big_trades_aggregation" name="test_utc_minute_boundary_closes_even_within_40ms" time="0.006" /><testcase classname="tests.orderflow.test_big_trades_aggregation" name="test_marker_price_modes" time="0.002" /><testcase classname="tests.orderflow.test_big_trades_aggregation" name="test_zero_35_70ms_is_one_chain_and_price_does_not_split" time="0.001" /><testcase classname="tests.orderflow.test_big_trades_aggregation" name="test_disconnect_closes_cluster_explicitly_and_prevents_rejoin" time="0.001" /><testcase classname="tests.orderflow.test_big_trades_aggregation" name="test_session_boundary_closes_cluster" time="0.002" /><testcase classname="tests.orderflow.test_big_trades_aggregation" name="test_trade_and_settings_identity_mismatch_is_rejected" time="0.006" /><testcase classname="tests.orderflow.test_big_trades_aggregation" name="test_side_filter_is_display_metadata_after_quantity_decision" time="0.002" /><testcase classname="tests.orderflow.test_big_trades_artifacts" name="test_settings_id_is_deterministic_and_manual_discards_calibration" time="0.001" /><testcase classname="tests.orderflow.test_big_trades_artifacts" name="test_settings_version_and_pending_pointer_are_atomic" time="0.045" /><testcase classname="tests.orderflow.test_big_trades_artifacts" name="test_new_pending_settings_preserves_superseded_request_history" time="0.075" /><testcase classname="tests.orderflow.test_big_trades_artifacts" name="test_session_stats_require_next_session_source_and_gap_is_excluded" time="0.004" /><testcase classname="tests.orderflow.test_big_trades_artifacts" name="test_restart_truncated_session_is_persisted_but_excluded" time="0.001" /><testcase classname="tests.orderflow.test_big_trades_artifacts" name="test_session_stats_artifact_round_trip_and_collision" time="0.024" /><testcase classname="tests.orderflow.test_big_trades_artifacts" name="test_session_candle_coverage_boundary_controls_only_volatility" time="0.011" /><testcase classname="tests.orderflow.test_big_trades_artifacts" name="test_calibration_artifact_is_deterministic_and_created_time_is_non_identity" time="0.063" /><testcase classname="tests.orderflow.test_big_trades_artifacts" name="test_calibration_validation_rejects_wrong_symbol_logic_and_step" time="0.031" /><testcase classname="tests.orderflow.test_big_trades_artifacts" name="test_only_completed_valid_sessions_enter_calibration_population" time="0.015" /><testcase classname="tests.orderflow.test_big_trades_artifacts" name="test_calibration_excludes_current_and_future_sessions" time="0.027" /><testcase classname="tests.orderflow.test_big_trades_artifacts" name="test_calibration_rejects_same_session_with_different_content" time="0.006" /><testcase classname="tests.orderflow.test_big_trades_artifacts" name="test_activation_artifact_is_commit_point_and_pointer_is_derived_cache" time="0.051" /><testcase classname="tests.orderflow.test_big_trades_artifacts" name="test_calibration_activation_requires_expected_quantity_step" time="0.078" /><testcase classname="tests.orderflow.test_big_trades_artifacts" name="test_historical_replay_resolves_committed_activation_and_ignores_created_time" time="0.104" /><testcase classname="tests.orderflow.test_big_trades_artifacts" name="test_historical_replay_missing_reference_fails_closed" time="0.046" /><testcase classname="tests.orderflow.test_big_trades_artifacts" name="test_fixed_research_resolution_has_isolated_output_and_no_activation" time="0.022" /><testcase classname="tests.orderflow.test_big_trades_artifacts" name="test_scheduled_success_auto_activates_from_same_source_boundary" time="0.279" /><testcase classname="tests.orderflow.test_big_trades_artifacts" name="test_manual_only_generates_candidate_without_activation" time="0.239" /><testcase classname="tests.orderflow.test_big_trades_artifacts" name="test_missing_durable_previous_session_stops_schedule_and_keeps_old_activation" time="0.230" /><testcase classname="tests.orderflow.test_big_trades_artifacts" name="test_scheduled_validation_failure_does_not_activate_or_retry" time="0.039" /><testcase classname="tests.orderflow.test_big_trades_artifacts" name="test_same_schedule_boundary_and_manifest_reuses_terminal_run" time="0.284" /><testcase classname="tests.orderflow.test_big_trades_calibration" name="test_rank_is_one_based_descending" time="0.002" /><testcase classname="tests.orderflow.test_big_trades_calibration" name="test_decimal_median_never_uses_float" time="0.003" /><testcase classname="tests.orderflow.test_big_trades_calibration" name="test_calibration_uses_20_9_2_ranks_and_strict_order" time="0.008" /><testcase classname="tests.orderflow.test_big_trades_calibration" name="test_insufficient_sessions_fail_closed" time="0.004" /><testcase classname="tests.orderflow.test_big_trades_calibration" name="test_exactly_ten_valid_sessions_is_valid" time="0.005" /><testcase classname="tests.orderflow.test_big_trades_calibration" name="test_volatility_factor_is_clamped_and_ceil_to_step" time="0.009" /><testcase classname="tests.orderflow.test_big_trades_calibration" name="test_volatility_factor_uses_decimal_square_root_before_clamp" time="0.005" /><testcase classname="tests.orderflow.test_big_trades_calibration" name="test_volatility_factor_lower_clamp_and_strict_threshold_correction" time="0.012" /><testcase classname="tests.orderflow.test_big_trades_calibration" name="test_missing_volatility_uses_explicit_fallback" time="0.019" /><testcase classname="tests.orderflow.test_big_trades_calibration" name="test_nineteen_volatility_sessions_use_explicit_fallback" time="0.012" /><testcase classname="tests.orderflow.test_big_trades_calibration" name="test_zero_volatility_baseline_uses_explicit_fallback" time="0.008" /><testcase classname="tests.orderflow.test_big_trades_calibration" name="test_normalized_true_range" time="0.009" /><testcase classname="tests.orderflow.test_big_trades_candle_observer" name="test_upper_wick_return_and_close_above_are_distinct_facts" time="0.005" /><testcase classname="tests.orderflow.test_big_trades_candle_observer" name="test_lower_wick_return_and_exact_boundary_close" time="0.003" /><testcase classname="tests.orderflow.test_big_trades_candle_observer" name="test_candle_boundary_mismatch_is_explicit" time="0.004" /><testcase classname="tests.orderflow.test_big_trades_candle_observer" name="test_invalid_candle_high_below_low_is_rejected" time="0.001" /><testcase classname="tests.orderflow.test_big_trades_filtering" name="test_manual_min_and_max_are_inclusive" time="0.001" /><testcase classname="tests.orderflow.test_big_trades_filtering" name="test_manual_rejection_reasons_are_exact" time="0.005" /><testcase classname="tests.orderflow.test_big_trades_filtering" name="test_manual_zero_max_is_unbounded" time="0.001" /><testcase classname="tests.orderflow.test_big_trades_filtering" name="test_automatic_intensity_selects_versioned_threshold" time="0.005" /><testcase classname="tests.orderflow.test_big_trades_filtering" name="test_automatic_requires_strictly_increasing_thresholds" time="0.001" /><testcase classname="tests.orderflow.test_big_trades_filtering" name="test_automatic_without_matching_active_calibration_fails_closed" time="0.002" /><testcase classname="tests.orderflow.test_big_trades_horizons" name="test_default_horizons_are_exact_contract_values" time="0.002" /><testcase classname="tests.orderflow.test_big_trades_horizons" name="test_snapshot_uses_last_trade_at_target_not_trigger_trade" time="0.006" /><testcase classname="tests.orderflow.test_big_trades_horizons" name="test_source_age_exactly_1000ms_is_valid_and_1001ms_is_stale" time="0.005" /><testcase classname="tests.orderflow.test_big_trades_horizons" name="test_gap_crossing_horizon_is_missing_without_interpolation" time="0.003" /><testcase classname="tests.orderflow.test_big_trades_horizons" name="test_horizon_crossing_utc_session_is_missing_session" time="0.008" /><testcase classname="tests.orderflow.test_big_trades_horizons" name="test_snapshot_cuts_off_future_trade_and_preserves_all_metric_facts" time="0.006" /><testcase classname="tests.orderflow.test_big_trades_horizons" name="test_sell_signed_return_is_inverse_and_replay_speed_independent" time="0.012" /><testcase classname="tests.orderflow.test_big_trades_ids" name="test_decimal_canonicalization_removes_representation_noise" time="0.004" /><testcase classname="tests.orderflow.test_big_trades_ids" name="test_canonical_json_sorts_keys_and_uses_utc" time="0.002" /><testcase classname="tests.orderflow.test_big_trades_ids" name="test_flat_content_hash_is_byte_equivalent_to_general_canonical_hash" time="0.002" /><testcase classname="tests.orderflow.test_big_trades_ids" name="test_zone_id_is_deterministic_and_versioned" time="0.001" /><testcase classname="tests.orderflow.test_big_trades_ids" name="test_same_event_input_has_same_ids_and_content_hashes" time="0.006" /><testcase classname="tests.orderflow.test_big_trades_ordering" name="test_same_millisecond_bucket_releases_by_integer_trade_id" time="0.002" /><testcase classname="tests.orderflow.test_big_trades_ordering" name="test_late_trade_after_release_is_rejected" time="0.003" /><testcase classname="tests.orderflow.test_big_trades_ordering" name="test_older_than_current_open_bucket_is_rejected" time="0.001" /><testcase classname="tests.orderflow.test_big_trades_ordering" name="test_empty_flush_is_idempotent" time="0.003" /><testcase classname="tests.orderflow.test_big_trades_ordering" name="test_invalid_decimal_trade_values_are_rejected[price-0]" time="0.002" /><testcase classname="tests.orderflow.test_big_trades_ordering" name="test_invalid_decimal_trade_values_are_rejected[price--1]" time="0.003" /><testcase classname="tests.orderflow.test_big_trades_ordering" name="test_invalid_decimal_trade_values_are_rejected[price-NaN]" time="0.002" /><testcase classname="tests.orderflow.test_big_trades_ordering" name="test_invalid_decimal_trade_values_are_rejected[price-Infinity]" time="0.002" /><testcase classname="tests.orderflow.test_big_trades_ordering" name="test_invalid_decimal_trade_values_are_rejected[quantity-0]" time="0.007" /><testcase classname="tests.orderflow.test_big_trades_ordering" name="test_invalid_decimal_trade_values_are_rejected[quantity--1]" time="0.002" /><testcase classname="tests.orderflow.test_big_trades_ordering" name="test_invalid_decimal_trade_values_are_rejected[quantity-NaN]" time="0.002" /><testcase classname="tests.orderflow.test_big_trades_ordering" name="test_invalid_decimal_trade_values_are_rejected[quantity-Infinity]" time="0.002" /><testcase classname="tests.orderflow.test_big_trades_ordering" name="test_decimal_trade_values_are_preserved_exactly" time="0.002" /><testcase classname="tests.orderflow.test_big_trades_ordering" name="test_unknown_side_and_timezone_naive_are_rejected" time="0.002" /><testcase classname="tests.orderflow.test_big_trades_price_path" name="test_last_at_or_before_and_exact_range_extrema" time="0.002" /><testcase classname="tests.orderflow.test_big_trades_price_path" name="test_range_index_matches_randomized_oracle" time="0.097" /><testcase classname="tests.orderflow.test_big_trades_price_path" name="test_price_path_rejects_non_increasing_source_keys" time="0.001" /><testcase classname="tests.orderflow.test_big_trades_price_path" name="test_gap_intersection_uses_open_left_closed_right_interval" time="0.002" /><testcase classname="tests.orderflow.test_big_trades_reaction_zones" name="test_relation_boundaries_are_inclusive" time="0.002" /><testcase classname="tests.orderflow.test_big_trades_reaction_zones" name="test_single_price_event_creates_zero_height_authoritative_zone" time="0.002" /><testcase classname="tests.orderflow.test_big_trades_reaction_zones" name="test_fixed_vector_first_exit_return_and_excursions" time="0.004" /><testcase classname="tests.orderflow.test_big_trades_reaction_zones" name="test_direct_cross_has_no_fabricated_inside_interaction" time="0.003" /><testcase classname="tests.orderflow.test_big_trades_reaction_zones" name="test_down_exit_reentry_continuous_inside_cross_down_and_break_persistence" time="0.003" /><testcase classname="tests.orderflow.test_big_trades_reaction_zones" name="test_origin_and_old_session_trades_are_not_observed" time="0.010" /><testcase classname="tests.orderflow.test_big_trades_reaction_zones" name="test_gap_and_source_confirmed_session_close_are_explicit" time="0.002" /><testcase classname="tests.orderflow.test_big_trades_reaction_zones" name="test_later_event_links_by_interval_gap_without_merging_identity" time="0.006" /><testcase classname="tests.orderflow.test_big_trades_reaction_zones" name="test_registered_buy_and_sell_links_update_separate_quantities" time="0.005" /><testcase classname="tests.orderflow.test_big_trades_reaction_zones" name="test_delayed_link_discovery_records_metrics_at_observation_source_key" time="0.004" /><testcase classname="tests.orderflow.test_big_trades_reaction_zones" name="test_overlapping_zones_each_observe_one_trade_once" time="0.008" /><testcase classname="tests.orderflow.test_big_trades_runtime" name="test_origin_is_not_published_until_duckdb_commit_ack" time="0.397" /><testcase classname="tests.orderflow.test_big_trades_runtime" name="test_live_and_recorded_replay_use_identical_core_and_durable_rows" time="0.681" /><testcase classname="tests.orderflow.test_big_trades_runtime" name="test_source_gap_invalidates_crossing_horizon" time="0.570" /><testcase classname="tests.orderflow.test_big_trades_runtime" name="test_source_confirmed_next_session_closes_zone_and_saves_stats" time="0.442" /><testcase classname="tests.orderflow.test_big_trades_runtime" name="test_delayed_candle_observation_is_idempotent" time="0.374" /><testcase classname="tests.orderflow.test_big_trades_runtime" name="test_restart_recovers_zone_without_republishing_origin_and_marks_gap" time="0.623" /><testcase classname="tests.orderflow.test_big_trades_runtime" name="test_disabled_runtime_performs_no_storage_or_resolution" time="0.006" /><testcase classname="tests.orderflow.test_big_trades_runtime" name="test_delayed_same_area_link_keeps_source_order_and_restart_recovery" time="0.650" /><testcase classname="tests.orderflow.test_big_trades_runtime" name="test_reconnect_flushes_open_cluster_without_deleting_active_zone" time="0.479" /><testcase classname="tests.orderflow.test_big_trades_runtime" name="test_candle_boundary_mismatch_errors_only_big_trades_runtime" time="0.333" /><testcase classname="tests.orderflow.test_big_trades_time_buckets" name="test_offset_timestamp_normalizes_to_same_utc_minute_bucket" time="0.001" /><testcase classname="tests.orderflow.test_big_trades_time_buckets" name="test_big_trades_candle_boundary_matches_cvd_one_minute_boundary" time="0.002" /><testcase classname="tests.orderflow.test_big_trades_zone_index" name="test_point_and_boundary_queries_match_brute_force_randomized_oracle" time="0.339" /><testcase classname="tests.orderflow.test_big_trades_zone_index" name="test_index_keeps_5000_zones_and_removes_only_explicit_target" time="2.430" /><testcase classname="tests.orderflow.test_big_trades_zone_index" name="test_interval_candidate_query_returns_only_overlap_and_tolerance_neighbors" time="0.008" /><testcase classname="tests.orderflow.test_combined_context" name="test_existing_eight_patterns_are_unchanged[directions0-1-UPTREND]" time="0.002" /><testcase classname="tests.orderflow.test_combined_context" name="test_existing_eight_patterns_are_unchanged[directions1-2-UPTREND PULLBACK]" time="0.002" /><testcase classname="tests.orderflow.test_combined_context" name="test_existing_eight_patterns_are_unchanged[directions2-3-UPWARD REBOUND]" time="0.001" /><testcase classname="tests.orderflow.test_combined_context" name="test_existing_eight_patterns_are_unchanged[directions3-4-UPWARD DIVERGENCE]" time="0.002" /><testcase classname="tests.orderflow.test_combined_context" name="test_existing_eight_patterns_are_unchanged[directions4-5-DOWNWARD DIVERGENCE]" time="0.002" /><testcase classname="tests.orderflow.test_combined_context" name="test_existing_eight_patterns_are_unchanged[directions5-6-DOWNTREND PULLBACK]" time="0.002" /><testcase classname="tests.orderflow.test_combined_context" name="test_existing_eight_patterns_are_unchanged[directions6-7-DOWNWARD REBOUND]" time="0.001" /><testcase classname="tests.orderflow.test_combined_context" name="test_existing_eight_patterns_are_unchanged[directions7-8-DOWNTREND]" time="0.002" /><testcase classname="tests.orderflow.test_combined_context" name="test_candle_tie_breaks_match_existing_ui_rule" time="0.001" /><testcase classname="tests.orderflow.test_combined_context" name="test_all_sixteen_directional_oi_contexts_are_defined" time="0.002" /><testcase classname="tests.orderflow.test_combined_context" name="test_oi_unchanged_and_missing_remain_explicit" time="0.002" /><testcase classname="tests.orderflow.test_combined_context" name="test_invalid_directions_are_rejected[0]" time="0.002" /><testcase classname="tests.orderflow.test_combined_context" name="test_invalid_directions_are_rejected[2]" time="0.001" /><testcase classname="tests.orderflow.test_combined_context" name="test_invalid_directions_are_rejected[-2]" time="0.002" /><testcase classname="tests.orderflow.test_combined_context" name="test_invalid_directions_are_rejected[True]" time="0.002" /><testcase classname="tests.orderflow.test_combined_context_runtime" name="test_observer_builds_5m_context_and_both_executable_hfm_sides" time="0.002" /><testcase classname="tests.orderflow.test_combined_context_runtime" name="test_observer_keeps_missing_oi_and_stale_hfm_explicit" time="0.001" /><testcase classname="tests.orderflow.test_combined_context_runtime" name="test_hfm_outcome_marks_late_first_quote_as_gap_without_hiding_values" time="0.001" /><testcase classname="tests.orderflow.test_cvd" name="test_tv_cvd_01_normal_sequence" time="0.001" /><testcase classname="tests.orderflow.test_cvd" name="test_tv_cvd_02_duplicate_trade_id" time="0.002" /><testcase classname="tests.orderflow.test_cvd" name="test_tv_cvd_03_invalid_side" time="0.001" /><testcase classname="tests.orderflow.test_cvd" name="test_tv_cvd_04_out_of_order_timestamp" time="0.001" /><testcase classname="tests.orderflow.test_cvd" name="test_trade_delta_signs" time="0.009" /><testcase classname="tests.orderflow.test_cvd" name="test_bar_start_utc_alignment" time="0.001" /><testcase classname="tests.orderflow.test_cvd" name="test_bar_delta_resets_cvd_cumulative" time="0.001" /><testcase classname="tests.orderflow.test_cvd" name="test_deterministic_replay_identical" time="0.002" /><testcase classname="tests.orderflow.test_cvd_snapshot" name="test_snapshot_none_before_first_trade" time="0.003" /><testcase classname="tests.orderflow.test_cvd_snapshot" name="test_snapshot_reflects_running_bar_values" time="0.002" /><testcase classname="tests.orderflow.test_cvd_snapshot" name="test_snapshot_is_non_destructive" time="0.002" /><testcase classname="tests.orderflow.test_divergence" name="test_detects_bullish_regular_divergence_all_fields" time="0.004" /><testcase classname="tests.orderflow.test_divergence" name="test_detects_bearish_regular_divergence_all_fields" time="0.001" /><testcase classname="tests.orderflow.test_divergence" name="test_no_event_when_price_and_cvd_make_lower_lows" time="0.004" /><testcase classname="tests.orderflow.test_divergence" name="test_no_event_with_only_one_swing" time="0.001" /><testcase classname="tests.orderflow.test_divergence" name="test_equal_low_cluster_uses_first_candle_as_pivot" time="0.001" /><testcase classname="tests.orderflow.test_divergence" name="test_separated_double_bottom_is_registered_but_not_regular_divergence" time="0.002" /><testcase classname="tests.orderflow.test_divergence" name="test_rejections_are_counted_for_time_symbol_and_timeframe" time="0.002" /><testcase classname="tests.orderflow.test_divergence" name="test_memory_is_bounded_after_many_candles" time="0.005" /><testcase classname="tests.orderflow.test_divergence" name="test_min_price_move_and_distance_filters_are_counted" time="0.001" /><testcase classname="tests.orderflow.test_divergence" name="test_multiple_divergences_are_emitted_in_order" time="0.001" /><testcase classname="tests.orderflow.test_divergence" name="test_deterministic_replay_has_identical_events_and_counters" time="0.003" /><testcase classname="tests.orderflow.test_divergence" name="test_default_constructor_detects_both_directions" time="0.002" /><testcase classname="tests.orderflow.test_episode_dataset" name="test_labels_are_causal_and_capture_path_extremes" time="0.002" /><testcase classname="tests.orderflow.test_episode_dataset" name="test_missing_horizon_and_data_gap_are_not_filled" time="0.001" /><testcase classname="tests.orderflow.test_episode_dataset" name="test_prices_must_be_chronological_and_positive" time="0.001" /><testcase classname="tests.orderflow.test_episode_entry" name="test_extracts_ordered_attack_persist_and_breakthrough_without_single_state_entry" time="0.001" /><testcase classname="tests.orderflow.test_episode_entry" name="test_defender_reversal_flips_trade_side" time="0.003" /><testcase classname="tests.orderflow.test_episode_entry" name="test_attack_candidate_is_not_filtered_by_later_invalidation" time="0.001" /><testcase classname="tests.orderflow.test_episode_entry" name="test_path_evaluator_reports_cost_hurdle_order_and_price_invalidation" time="0.001" /><testcase classname="tests.orderflow.test_episode_entry" name="test_path_evaluator_reports_adverse_hurdle_first" time="0.001" /><testcase classname="tests.orderflow.test_episode_entry" name="test_known_invalidation_reference_without_breach_is_false_not_missing" time="0.001" /><testcase classname="tests.orderflow.test_episode_entry" name="test_purge_keeps_first_candidate_after_full_horizon" time="0.001" /><testcase classname="tests.orderflow.test_flow_detector" name="test_large_trade_fires_above_threshold" time="0.001" /><testcase classname="tests.orderflow.test_flow_detector" name="test_large_trade_no_fire_below_threshold" time="0.007" /><testcase classname="tests.orderflow.test_flow_detector" name="test_large_trade_strength_capped_at_one" time="0.001" /><testcase classname="tests.orderflow.test_flow_detector" name="test_sweep_fires_when_conditions_met" time="0.001" /><testcase classname="tests.orderflow.test_flow_detector" name="test_sweep_no_fire_insufficient_levels" time="0.001" /><testcase classname="tests.orderflow.test_flow_detector" name="test_sweep_cooldown_prevents_refiring" time="0.001" /><testcase classname="tests.orderflow.test_flow_detector" name="test_exhaustion_fires_on_up_bar_high_side_depletion" time="0.001" /><testcase classname="tests.orderflow.test_flow_detector" name="test_exhaustion_no_fire_on_normal_bar" time="0.002" /><testcase classname="tests.orderflow.test_flow_detector" name="test_ua_fires_when_both_sides_at_high" time="0.001" /><testcase classname="tests.orderflow.test_flow_detector" name="test_ua_no_fire_when_one_side_zero" time="0.002" /><testcase classname="tests.orderflow.test_flow_detector" name="test_tape_aggression_buy_classification" time="0.001" /><testcase classname="tests.orderflow.test_flow_detector" name="test_tape_aggression_sell_classification" time="0.001" /><testcase classname="tests.orderflow.test_flow_detector" name="test_tape_neutral_classification" time="0.001" /><testcase classname="tests.orderflow.test_flow_detector" name="test_tape_max_consecutive_count" time="0.001" /><testcase classname="tests.orderflow.test_flow_detector" name="test_tape_pause_detection" time="0.002" /><testcase classname="tests.orderflow.test_flow_price_response" name="test_buy_pressure_effective_when_price_advances" time="0.001" /><testcase classname="tests.orderflow.test_flow_price_response" name="test_buy_pressure_stalled_when_price_does_not_advance" time="0.001" /><testcase classname="tests.orderflow.test_flow_price_response" name="test_buy_pressure_trapped_when_price_moves_against_buys" time="0.001" /><testcase classname="tests.orderflow.test_flow_price_response" name="test_sell_pressure_states_are_symmetric" time="0.001" /><testcase classname="tests.orderflow.test_flow_price_response" name="test_mixed_pressure_is_unclear" time="0.002" /><testcase classname="tests.orderflow.test_flow_price_response" name="test_no_snapshot_before_full_window" time="0.002" /><testcase classname="tests.orderflow.test_flow_price_response" name="test_relative_volume_uses_long_baseline_rate" time="0.002" /><testcase classname="tests.orderflow.test_flow_price_response" name="test_warm_start_primes_relative_volume_without_reemitting_history" time="0.002" /><testcase classname="tests.orderflow.test_flow_price_response" name="test_out_of_order_trade_is_rejected_without_corrupting_window" time="0.001" /><testcase classname="tests.orderflow.test_flow_price_response" name="test_invalid_trade_is_rejected_without_corrupting_window" time="0.001" /><testcase classname="tests.orderflow.test_flow_price_response" name="test_outcome_tracker_records_raw_forward_returns_and_excursions" time="0.001" /><testcase classname="tests.orderflow.test_flow_price_response" name="test_outcome_tracker_ignores_zero_trade_and_keeps_pending_outcome" time="0.006" /><testcase classname="tests.orderflow.test_flow_price_response" name="test_outcome_tracker_rejects_zero_base_snapshot" time="0.002" /><testcase classname="tests.orderflow.test_flow_price_response" name="test_storage_rows_quantize_repeating_derived_decimals" time="0.002" /><testcase classname="tests.orderflow.test_flow_price_response" name="test_invalid_windows_rejected[bad0]" time="0.001" /><testcase classname="tests.orderflow.test_flow_price_response" name="test_invalid_windows_rejected[bad1]" time="0.001" /><testcase classname="tests.orderflow.test_flow_price_response" name="test_invalid_windows_rejected[bad2]" time="0.002" /><testcase classname="tests.orderflow.test_flow_price_response" name="test_invalid_windows_rejected[bad3]" time="0.001" /><testcase classname="tests.orderflow.test_footprint" name="test_tv_fp_01_level_aggregation" time="0.001" /><testcase classname="tests.orderflow.test_footprint" name="test_tv_fp_02_invalid_trade_rejected" time="0.001" /><testcase classname="tests.orderflow.test_footprint" name="test_duplicate_trade_id_rejected" time="0.001" /><testcase classname="tests.orderflow.test_footprint" name="test_bar_boundary_returns_confirmed_bar_and_resets" time="0.001" /><testcase classname="tests.orderflow.test_footprint" name="test_finalize_returns_final_bar" time="0.002" /><testcase classname="tests.orderflow.test_footprint" name="test_levels_sorted_ascending" time="0.002" /><testcase classname="tests.orderflow.test_footprint" name="test_no_float_in_output" time="0.002" /><testcase classname="tests.orderflow.test_footprint" name="test_deterministic_replay" time="0.001" /><testcase classname="tests.orderflow.test_footprint" name="test_non_positive_price_rejected" time="0.002" /><testcase classname="tests.orderflow.test_hfm_episode_outcome" name="test_hfm_outcome_uses_executable_bid_ask_and_tracks_mfe_mae" time="0.001" /><testcase classname="tests.orderflow.test_hfm_episode_outcome" name="test_stale_entry_and_quote_gap_are_explicit" time="0.001" /><testcase classname="tests.orderflow.test_hfm_episode_outcome" name="test_missing_outcome_and_non_chronological_quotes_are_rejected" time="0.001" /><testcase classname="tests.orderflow.test_hook_contract" name="test_registry_contains_all_catalog_hooks_and_suspected_labels" time="0.001" /><testcase classname="tests.orderflow.test_hook_contract" name="test_uncalibrated_and_provisional_hooks_cannot_fire" time="0.001" /><testcase classname="tests.orderflow.test_hook_contract" name="test_calibrated_hook_requires_matching_manifest_and_is_deterministic" time="0.001" /><testcase classname="tests.orderflow.test_hook_contract" name="test_dom_quality_gate_requires_snapshot_alignment_and_continuity" time="0.001" /><testcase classname="tests.orderflow.test_hook_contract" name="test_flow_response_adapter_emits_only_state_transition_edges" time="0.007" /><testcase classname="tests.orderflow.test_imbalance" name="test_tv_imb_01_buy_imbalance_qualifies" time="0.001" /><testcase classname="tests.orderflow.test_imbalance" name="test_tv_imb_02_ratio_below_threshold" time="0.001" /><testcase classname="tests.orderflow.test_imbalance" name="test_tv_imb_03_zero_denominator_volume_ok" time="0.001" /><testcase classname="tests.orderflow.test_imbalance" name="test_tv_imb_04_zero_denominator_volume_fail" time="0.001" /><testcase classname="tests.orderflow.test_imbalance" name="test_tv_imb_05_stacked_imbalance_buy" time="0.001" /><testcase classname="tests.orderflow.test_imbalance" name="test_tv_imb_06_stacked_not_enough_consecutive" time="0.001" /><testcase classname="tests.orderflow.test_imbalance" name="test_tv_imb_07_thin_levels_no_fire" time="0.001" /><testcase classname="tests.orderflow.test_imbalance" name="test_decision4_non_unit_price_gap_still_compared" time="0.001" /><testcase classname="tests.orderflow.test_imbalance" name="test_decision6_negative_volume_skipped_others_detected" time="0.001" /><testcase classname="tests.orderflow.test_imbalance" name="test_deterministic_replay" time="0.001" /><testcase classname="tests.orderflow.test_imbalance" name="test_empty_levels_returns_empty_result" time="0.001" /><testcase classname="tests.orderflow.test_imbalance" name="test_sell_imbalance_detected" time="0.001" /><testcase classname="tests.orderflow.test_manual_execution_ledger" name="test_json_round_trip_preserves_record_and_delay" time="0.001" /><testcase classname="tests.orderflow.test_manual_execution_ledger" name="test_missing_path_is_empty" time="0.002" /><testcase classname="tests.orderflow.test_manual_execution_ledger" name="test_invalid_line_and_unknown_status_are_rejected" time="0.002" /><testcase classname="tests.orderflow.test_manual_execution_log" name="test_executed_record_preserves_delay_and_bid_ask" time="0.002" /><testcase classname="tests.orderflow.test_manual_execution_log" name="test_skipped_record_requires_reason_but_no_fill" time="0.003" /><testcase classname="tests.orderflow.test_manual_execution_log" name="test_invalid_order_is_rejected" time="0.002" /><testcase classname="tests.orderflow.test_multi_timeframe" name="test_aggregates_5m_and_15m_without_cross_contamination" time="0.001" /><testcase classname="tests.orderflow.test_native_execution" name="test_native_5m_and_10m_bars_close_from_raw_trade_boundaries" time="0.002" /><testcase classname="tests.orderflow.test_native_execution" name="test_native_profiles_keep_independent_cvd_and_forming_snapshots" time="0.005" /><testcase classname="tests.orderflow.test_native_execution" name="test_native_finalize_closes_started_profiles_once" time="0.002" /><testcase classname="tests.orderflow.test_native_execution" name="test_native_aggregator_rejects_non_execution_timeframe" time="0.011" /><testcase classname="tests.orderflow.test_native_execution_pipeline" name="test_coordinator_saves_native_candle_and_event_rows" time="0.002" /><testcase classname="tests.orderflow.test_native_execution_pipeline" name="test_coordinator_notifies_only_naturally_closed_native_candles" time="0.002" /><testcase classname="tests.orderflow.test_native_flow" name="test_native_flow_emits_only_on_native_boundary" time="0.013" /><testcase classname="tests.orderflow.test_native_flow" name="test_native_flow_is_independent_by_timeframe" time="0.001" /><testcase classname="tests.orderflow.test_native_flow" name="test_native_flow_events_and_outcomes_keep_timeframe_key" time="0.001" /><testcase classname="tests.orderflow.test_native_flow" name="test_native_flow_row_contains_timeframe" time="0.002" /><testcase classname="tests.orderflow.test_orderbook" name="test_ob_snapshot_establishes_state" time="0.002" /><testcase classname="tests.orderflow.test_orderbook" name="test_ob_snapshot_replaces_existing_state" time="0.002" /><testcase classname="tests.orderflow.test_orderbook" name="test_ob_diff_overwrites_quantity" time="0.001" /><testcase classname="tests.orderflow.test_orderbook" name="test_ob_diff_zero_quantity_removes_level" time="0.001" /><testcase classname="tests.orderflow.test_orderbook" name="test_ob_diff_adds_new_level" time="0.001" /><testcase classname="tests.orderflow.test_orderbook" name="test_ob_diff_before_snapshot_rejected" time="0.001" /><testcase classname="tests.orderflow.test_orderbook" name="test_ob_gap_detection_triggers_reinit" time="0.002" /><testcase classname="tests.orderflow.test_orderbook" name="test_ob_after_gap_snapshot_recovers" time="0.002" /><testcase classname="tests.orderflow.test_orderbook" name="test_ob_stale_diff_rejected" time="0.001" /><testcase classname="tests.orderflow.test_orderbook" name="test_ob_symbol_mismatch_raises" time="0.001" /><testcase classname="tests.orderflow.test_orderbook" name="test_ob_deterministic_replay" time="0.001" /><testcase classname="tests.orderflow.test_orderbook" name="test_ob_snapshot_is_reused_until_an_accepted_state_change" time="0.002" /><testcase classname="tests.orderflow.test_orderbook" name="test_ob_query_missing_price_returns_zero" time="0.001" /><testcase classname="tests.orderflow.test_orderbook" name="test_initial_sync_stale_diffs_counted_not_gapped" time="0.001" /><testcase classname="tests.orderflow.test_orderbook" name="test_ob_no_float_in_snapshot" time="0.001" /><testcase classname="tests.orderflow.test_orderbook" name="test_is_initialized_property_lifecycle" time="0.001" /><testcase classname="tests.orderflow.test_orderflow_episode" name="test_episode_tracks_stall_persistence_and_breakthrough" time="0.001" /><testcase classname="tests.orderflow.test_orderflow_episode" name="test_trapped_resolves_and_opposite_side_starts_next_episode" time="0.001" /><testcase classname="tests.orderflow.test_orderflow_episode" name="test_gap_invalidates_episode_and_starts_new_one" time="0.002" /><testcase classname="tests.orderflow.test_orderflow_episode" name="test_out_of_order_observation_is_rejected" time="0.002" /><testcase classname="tests.orderflow.test_orderflow_episode" name="test_max_episode_duration_invalidates_and_restarts_causally" time="0.001" /><testcase classname="tests.orderflow.test_shadow_signal_recorder" name="test_recorder_writes_shadow_without_order" time="0.009" /><testcase classname="tests.orderflow.test_stage2b_context_detectors" name="test_interaction_detector_covers_c03_c09_without_mutating_legacy_absorption" time="0.002" /><testcase classname="tests.orderflow.test_stage2b_context_detectors" name="test_liquidation_detector_covers_e01_e06_and_rejects_out_of_order" time="0.002" /><testcase classname="tests.orderflow.test_stage2b_context_detectors" name="test_open_interest_detector_four_quadrants_and_shock[1100-101-F01]" time="0.002" /><testcase classname="tests.orderflow.test_stage2b_context_detectors" name="test_open_interest_detector_four_quadrants_and_shock[1100-99-F02]" time="0.002" /><testcase classname="tests.orderflow.test_stage2b_context_detectors" name="test_open_interest_detector_four_quadrants_and_shock[900-101-F03]" time="0.007" /><testcase classname="tests.orderflow.test_stage2b_context_detectors" name="test_open_interest_detector_four_quadrants_and_shock[900-99-F04]" time="0.002" /><testcase classname="tests.orderflow.test_stage2b_context_detectors" name="test_price_structure_closed_bars_cover_g01_g11_and_failed_breaks" time="0.003" /><testcase classname="tests.orderflow.test_stage2b_context_detectors" name="test_flow_transition_detector_covers_d06_d08_and_stale_suppression" time="0.001" /><testcase classname="tests.orderflow.test_stage2b_context_detectors" name="test_all_stage2b_hook_ids_remain_fail_closed_while_uncalibrated" time="0.004" /><testcase classname="tests.orderflow.test_stage2b_context_detectors" name="test_future_data_is_rejected_before_candidate_creation" time="0.004" /><testcase classname="tests.orderflow.test_stage2b_dom_detectors" name="test_dom_feature_cache_rejects_invalid_stale_crossed_and_future_data" time="0.001" /><testcase classname="tests.orderflow.test_stage2b_dom_detectors" name="test_dom_wall_pull_spoof_suspect_and_tracking_candidates_cover_a01_a04_a19_a24" time="0.002" /><testcase classname="tests.orderflow.test_stage2b_dom_detectors" name="test_dom_liquidity_quote_motion_and_vacuum_candidates_cover_a05_a16_a21_a22" time="0.003" /><testcase classname="tests.orderflow.test_stage2b_dom_detectors" name="test_dom_iceberg_suspected_requires_actual_replenishment_on_correct_side" time="0.002" /><testcase classname="tests.orderflow.test_stage2c4_live_hooks" name="test_live_hook_config_is_observe_only_and_exactly_allowlisted" time="0.018" /><testcase classname="tests.orderflow.test_stage2c4_live_hooks" name="test_live_observer_emits_calibrated_price_hook_and_suppresses_others" time="0.002" /><testcase classname="tests.orderflow.test_stage2c4_live_hooks" name="test_live_observer_requires_aligned_dom_diff_before_calibrated_fire" time="0.002" /><testcase classname="tests.orderflow.test_volume_ref" name="test_volume_ref_empty_returns_none" time="0.005" /><testcase classname="tests.orderflow.test_volume_ref" name="test_volume_ref_single_bar" time="0.001" /><testcase classname="tests.orderflow.test_volume_ref" name="test_volume_ref_window_slide" time="0.001" /><testcase classname="tests.orderflow.test_volume_ref" name="test_volume_ref_all_decimal" time="0.001" /><testcase classname="tests.orderflow.test_volume_ref" name="test_volume_ref_deterministic" time="0.001" /><testcase classname="tests.orderflow.test_volume_ref" name="test_volume_ref_invalid_bars_raises" time="0.001" /><testcase classname="tests.performance.test_big_trades_phase6" name="test_big_trades_cluster_finalize_p99_under_1_5ms" time="6.293" /><testcase classname="tests.performance.test_big_trades_phase6" name="test_big_trades_horizon_finalize_p99_under_1ms" time="4.956" /><testcase classname="tests.performance.test_big_trades_phase6" name="test_big_trades_phase6_machine_performance_evidence_is_complete" time="0.003" /><testcase classname="tests.performance.test_big_trades_phase6" name="test_big_trades_phase6_lineage_evidence_has_three_validated_ui_traces" time="0.003" /><testcase classname="tests.performance.test_big_trades_phase6" name="test_bt2_o276_active_zones_10_per_trade_benchmark" time="7.715" /><testcase classname="tests.performance.test_big_trades_phase6" name="test_bt2_o277_active_zones_100_per_trade_benchmark" time="7.370" /><testcase classname="tests.performance.test_big_trades_phase6" name="test_bt2_o278_active_zones_1000_per_trade_benchmark" time="9.107" /><testcase classname="tests.performance.test_big_trades_phase6" name="test_bt2_o279_active_zones_5000_per_trade_benchmark" time="16.224" /><testcase classname="tests.performance.test_big_trades_phase6" name="test_bt2_o280_query_hot_path_does_not_scan_zone_dictionary" time="3.031" /><testcase classname="tests.performance.test_big_trades_phase6" name="test_bt2_o281_boundary_index_matches_randomized_brute_force" time="0.469" /><testcase classname="tests.performance.test_big_trades_phase6" name="test_bt2_o282_price_path_range_query_matches_randomized_oracle" time="0.101" /><testcase classname="tests.performance.test_big_trades_phase6" name="test_bt2_o283_6000_trade_runtime_accounting_has_no_loss" time="0.467" /><testcase classname="tests.performance.test_big_trades_phase6" name="test_bt2_o284_25000_trade_and_stream_overflow_is_fully_accounted" time="1.675" /><testcase classname="tests.performance.test_big_trades_phase6" name="test_bt2_o285_browser_merges_5000_events_20000_interactions_under_budget" time="1.036" /><testcase classname="tests.performance.test_big_trades_phase6" name="test_big_trades_mode_switch_under_100ms" time="4.915" /><testcase classname="tests.performance.test_big_trades_phase6" name="test_bt2_o286_canvas_2000_markers_and_zones_p95_under_budget" time="3.124" /><testcase classname="tests.performance.test_big_trades_phase6" name="test_bt2_o287_big_trades_off_on_tick_source_age_comparison" time="0.084" /><testcase classname="tests.performance.test_big_trades_phase6" name="test_bt2_o288_big_trades_off_on_bar_update_source_age_comparison" time="0.059" /><testcase classname="tests.performance.test_big_trades_phase6" name="test_bt2_o289_storage_queue_high_watermark_and_overflow_are_visible" time="0.682" /><testcase classname="tests.performance.test_big_trades_phase6" name="test_bt2_o290_tape_accounting_is_identical_with_big_trades_fanout" time="0.199" /><testcase classname="tests.performance.test_big_trades_phase6" name="test_bt2_o291_book_gap_and_sync_are_identical_with_big_trades_fanout" time="0.005" /><testcase classname="tests.performance.test_big_trades_phase6" name="test_bt2_o292_cpu_and_rss_remain_bounded_for_25000_trades" time="1.927" /><testcase classname="tests.performance.test_big_trades_phase6" name="test_bt2_o293_live_soak_is_at_least_120_seconds_and_clean" time="0.001" /><testcase classname="tests.performance.test_big_trades_phase6" name="test_bt2_o294_restart_recovery_soak_preserves_identity_and_continuity" time="1.677" /><testcase classname="tests.performance.test_big_trades_phase6" name="test_bt2_o295_scheduled_session_transition_p99_under_500ms" time="1.924" /><testcase classname="tests.strategy_contract.test_replay_contract_golden_path" name="test_contract_loads_user_example_variant_from_canon" time="0.232" /><testcase classname="tests.strategy_contract.test_replay_contract_golden_path" name="test_golden_path_reaches_sho
[...]
est_signal_weight_negative_rejected" time="0.027" /><testcase classname="tests.test_config" name="test_subscribe_streams_must_be_list" time="0.023" /><testcase classname="tests.test_config" name="test_replay_speed_negative_rejected" time="0.028" /><testcase classname="tests.test_config" name="test_min_volume_accepts_null_and_number" time="0.020" /><testcase classname="tests.test_config" name="test_all_problems_aggregated" time="0.022" /><testcase classname="tests.test_config" name="test_config_is_read_only" time="0.031" /><testcase classname="tests.test_config" name="test_base_dict_isolated" time="0.002" /><testcase classname="tests.test_config_big_trades" name="test_shipped_big_trades_config_is_valid_and_disabled" time="0.043" /><testcase classname="tests.test_config_big_trades" name="test_big_trades_unknown_key_is_startup_error" time="0.064" /><testcase classname="tests.test_config_big_trades" name="test_big_trades_manual_quantity_requires_nonnegative_finite_decimal_string[5]" time="0.058" /><testcase classname="tests.test_config_big_trades" name="test_big_trades_manual_quantity_requires_nonnegative_finite_decimal_string[-1]" time="0.063" /><testcase classname="tests.test_config_big_trades" name="test_big_trades_manual_quantity_requires_nonnegative_finite_decimal_string[NaN]" time="0.082" /><testcase classname="tests.test_config_big_trades" name="test_big_trades_manual_quantity_requires_nonnegative_finite_decimal_string[Infinity]" time="0.072" /><testcase classname="tests.test_config_big_trades" name="test_big_trades_manual_quantity_requires_nonnegative_finite_decimal_string[-0.001]" time="0.061" /><testcase classname="tests.test_config_big_trades" name="test_big_trades_max_must_be_zero_or_at_least_min" time="0.062" /><testcase classname="tests.test_config_big_trades" name="test_big_trades_closed_enums_reject_unknown_values[input_mode-ORDER]" time="0.062" /><testcase classname="tests.test_config_big_trades" name="test_big_trades_closed_enums_reject_unknown_values[filter_mode-AUTO]" time="0.058" /><testcase classname="tests.test_config_big_trades" name="test_big_trades_closed_enums_reject_unknown_values[automatic_intensity-EXTREME]" time="0.059" /><testcase classname="tests.test_config_big_trades" name="test_big_trades_closed_enums_reject_unknown_values[side_filter-NONE]" time="0.067" /><testcase classname="tests.test_config_big_trades" name="test_big_trades_closed_enums_reject_unknown_values[marker_price_mode-MID]" time="0.071" /><testcase classname="tests.test_config_big_trades" name="test_big_trades_closed_enums_reject_unknown_values[calibration_schedule-DAILY]" time="0.068" /><testcase classname="tests.test_config_big_trades" name="test_big_trades_closed_enums_reject_unknown_values[calibration_activation_policy-AUTO]" time="0.049" /><testcase classname="tests.test_config_big_trades" name="test_big_trades_closed_enums_reject_unknown_values[replay_calibration_mode-LATEST]" time="0.048" /><testcase classname="tests.test_config_big_trades" name="test_big_trades_closed_enums_reject_unknown_values[reaction_observation_mode-LOCAL_DAY]" time="0.068" /><testcase classname="tests.test_config_big_trades" name="test_big_trades_horizons_are_positive_unique_ascending_and_bounded[value0]" time="0.063" /><testcase classname="tests.test_config_big_trades" name="test_big_trades_horizons_are_positive_unique_ascending_and_bounded[value1]" time="0.070" /><testcase classname="tests.test_config_big_trades" name="test_big_trades_horizons_are_positive_unique_ascending_and_bounded[value2]" time="0.066" /><testcase classname="tests.test_config_big_trades" name="test_big_trades_horizons_are_positive_unique_ascending_and_bounded[value3]" time="0.098" /><testcase classname="tests.test_config_big_trades" name="test_big_trades_horizons_are_positive_unique_ascending_and_bounded[value4]" time="0.086" /><testcase classname="tests.test_config_big_trades" name="test_big_trades_integer_limits_are_strictly_positive[0-reaction_zone_match_tolerance_ticks]" time="0.073" /><testcase classname="tests.test_config_big_trades" name="test_big_trades_integer_limits_are_strictly_positive[0-active_zone_capacity]" time="0.069" /><testcase classname="tests.test_config_big_trades" name="test_big_trades_integer_limits_are_strictly_positive[0-recent_event_capacity]" time="0.069" /><testcase classname="tests.test_config_big_trades" name="test_big_trades_integer_limits_are_strictly_positive[0-recent_interaction_capacity]" time="0.061" /><testcase classname="tests.test_config_big_trades" name="test_big_trades_integer_limits_are_strictly_positive[0-history_api_max_limit]" time="0.056" /><testcase classname="tests.test_config_big_trades" name="test_big_trades_integer_limits_are_strictly_positive[0-batch_interval_ms]" time="0.068" /><testcase classname="tests.test_config_big_trades" name="test_big_trades_integer_limits_are_strictly_positive[0-batch_max_records]" time="0.094" /><testcase classname="tests.test_config_big_trades" name="test_big_trades_integer_limits_are_strictly_positive[0-batch_pending_capacity]" time="0.073" /><testcase classname="tests.test_config_big_trades" name="test_big_trades_integer_limits_are_strictly_positive[0-max_fills_per_cluster]" time="0.067" /><testcase classname="tests.test_config_big_trades" name="test_big_trades_integer_limits_are_strictly_positive[-1-reaction_zone_match_tolerance_ticks]" time="0.088" /><testcase classname="tests.test_config_big_trades" name="test_big_trades_integer_limits_are_strictly_positive[-1-active_zone_capacity]" time="0.078" /><testcase classname="tests.test_config_big_trades" name="test_big_trades_integer_limits_are_strictly_positive[-1-recent_event_capacity]" time="0.084" /><testcase classname="tests.test_config_big_trades" name="test_big_trades_integer_limits_are_strictly_positive[-1-recent_interaction_capacity]" time="0.090" /><testcase classname="tests.test_config_big_trades" name="test_big_trades_integer_limits_are_strictly_positive[-1-history_api_max_limit]" time="0.063" /><testcase classname="tests.test_config_big_trades" name="test_big_trades_integer_limits_are_strictly_positive[-1-batch_interval_ms]" time="0.061" /><testcase classname="tests.test_config_big_trades" name="test_big_trades_integer_limits_are_strictly_positive[-1-batch_max_records]" time="0.069" /><testcase classname="tests.test_config_big_trades" name="test_big_trades_integer_limits_are_strictly_positive[-1-batch_pending_capacity]" time="0.058" /><testcase classname="tests.test_config_big_trades" name="test_big_trades_integer_limits_are_strictly_positive[-1-max_fills_per_cluster]" time="0.057" /><testcase classname="tests.test_config_big_trades" name="test_big_trades_integer_limits_are_strictly_positive[True-reaction_zone_match_tolerance_ticks]" time="0.060" /><testcase classname="tests.test_config_big_trades" name="test_big_trades_integer_limits_are_strictly_positive[True-active_zone_capacity]" time="0.065" /><testcase classname="tests.test_config_big_trades" name="test_big_trades_integer_limits_are_strictly_positive[True-recent_event_capacity]" time="0.073" /><testcase classname="tests.test_config_big_trades" name="test_big_trades_integer_limits_are_strictly_positive[True-recent_interaction_capacity]" time="0.063" /><testcase classname="tests.test_config_big_trades" name="test_big_trades_integer_limits_are_strictly_positive[True-history_api_max_limit]" time="0.063" /><testcase classname="tests.test_config_big_trades" name="test_big_trades_integer_limits_are_strictly_positive[True-batch_interval_ms]" time="0.068" /><testcase classname="tests.test_config_big_trades" name="test_big_trades_integer_limits_are_strictly_positive[True-batch_max_records]" time="0.129" /><testcase classname="tests.test_config_big_trades" name="test_big_trades_integer_limits_are_strictly_positive[True-batch_pending_capacity]" time="0.098" /><testcase classname="tests.test_config_big_trades" name="test_big_trades_integer_limits_are_strictly_positive[True-max_fills_per_cluster]" time="0.069" /><testcase classname="tests.test_live_pipeline" name="test_live_pipeline_filters_normalizes_and_stores" time="0.355" /><testcase classname="tests.test_live_pipeline" name="test_live_pipeline_from_config_receives_shipped_chunk_budgets" time="0.023" /><testcase classname="tests.test_live_pipeline" name="test_live_ready_backlog_yields_at_event_budget_without_reordering" time="0.419" /><testcase classname="tests.test_live_pipeline" name="test_live_ready_backlog_yields_at_wall_budget" time="0.647" /><testcase classname="tests.test_live_pipeline" name="test_live_accepted_trade_observer_receives_only_normalizer_output" time="0.315" /><testcase classname="tests.test_live_pipeline" name="test_live_accepted_trade_observer_failure_does_not_stop_analysis" time="0.314" /><testcase classname="tests.test_live_pipeline" name="test_live_hook_observer_receives_raw_trade_and_closed_candle_boundaries" time="0.314" /><testcase classname="tests.test_live_pipeline" name="test_live_divergence_clears_on_non_fire_bar" time="0.346" /><testcase classname="tests.test_live_pipeline" name="test_live_recording_replays_identically" time="0.699" /><testcase classname="tests.test_live_pipeline" name="test_optional_raw_observation_tap_is_isolated_from_legacy_stats" time="0.357" /><testcase classname="tests.test_live_pipeline" name="test_snapshot_reason_is_added_only_to_observation_tap" time="0.003" /><testcase classname="tests.test_live_pipeline" name="test_observation_tap_failure_does_not_stop_market_pipeline" time="0.377" /><testcase classname="tests.test_live_pipeline" name="test_live_pipeline_liquidation_buffer_and_stats" time="0.141" /><testcase classname="tests.test_live_pipeline" name="test_live_pipeline_on_liquidation_hook" time="0.368" /><testcase classname="tests.test_live_pipeline" name="test_flow_event_buffer_and_counter" time="0.329" /><testcase classname="tests.test_live_pipeline" name="test_flow_score_present_in_signal_result" time="0.333" /><testcase classname="tests.test_live_pipeline" name="test_flow_on_flow_event_hook_called" time="0.318" /><testcase classname="tests.test_live_pipeline" name="test_flow_price_response_reaches_callback_and_persists_outcome" time="0.462" /><testcase classname="tests.test_live_pipeline" name="test_flow_response_relative_volume_warm_starts_from_persisted_trades" time="0.744" /><testcase classname="tests.test_live_pipeline" name="test_live_pipeline_rejects_zero_trade_and_keeps_flow_outcome_alive" time="0.388" /><testcase classname="tests.test_live_pipeline" name="test_live_depth_fetch_starts_after_raw_buffer_and_applies_verified_batch" time="0.135" /><testcase classname="tests.test_live_pipeline" name="test_live_depth_sync_mutable_state_has_one_async_owner" time="0.146" /><testcase classname="tests.test_live_pipeline" name="test_live_depth_attempt_limit_is_fail_closed_while_trade_path_continues" time="0.328" /><testcase classname="tests.test_pipeline" name="test_replay_is_deterministic_and_correct" time="1.208" /><testcase classname="tests.test_pipeline" name="test_replay_accepted_trade_observer_has_replay_only_deduplicated_order" time="0.371" /><testcase classname="tests.test_pipeline" name="test_replay_paces_callbacks_by_market_time_and_emits_final_ui_bar" time="0.411" /><testcase classname="tests.test_pipeline" name="test_replay_divergence_clears_on_non_fire_bar" time="0.399" /><testcase classname="tests.test_pipeline" name="test_pipeline_emits_signal_on_bar_close" time="0.394" /><testcase classname="tests.test_pipeline" name="test_replay_persists_only_rollover_confirmed_footprint" time="0.372" /><testcase classname="tests.test_pipeline" name="test_pipeline_signal_deterministic_replay" time="0.767" /><testcase classname="tests.test_pipeline" name="test_pipeline_analysis_count_matches_candles" time="0.378" /><testcase classname="tests.test_pipeline" name="test_mt5_disabled_no_server_started" time="0.380" /><testcase classname="tests.test_pipeline" name="test_pipeline_cvd_slope_ref_none_degrades_gracefully" time="0.362" /><testcase classname="tests.test_pipeline_absorption" name="test_pipeline_depth_flows_to_book_state" time="0.379" /><testcase classname="tests.test_pipeline_snapshot_wiring" name="test_replay_pipeline_publishes_market_snapshot" time="0.300" /><testcase classname="tests.test_pipeline_snapshot_wiring" name="test_live_pipeline_publishes_market_snapshot_and_producer" time="0.267" /><testcase classname="tests.test_session_vwap_live" name="test_live_restart_restores_complete_session_vwap" time="0.646" /><testcase classname="tests.tools.test_append_manual_execution" name="test_append_json_text_rejects_invalid_record" time="0.004" /><testcase classname="tests.tools.test_append_manual_execution" name="test_record_payload_can_be_prepared_for_cli" time="0.002" /><testcase classname="tests.tools.test_audit_manual_sessions" name="test_audit_groups_by_fixed_utc_session" time="0.008" /><testcase classname="tests.tools.test_backfill_big_trades" name="test_dry_run_reports_actual_isolated_predictions_and_deletes_output" time="0.542" /><testcase classname="tests.tools.test_backfill_big_trades" name="test_selection_ignores_non_trade_parquet_schema" time="0.028" /><testcase classname="tests.tools.test_backfill_big_trades" name="test_selection_fails_closed_when_no_trade_shard_exists" time="0.006" /><testcase classname="tests.tools.test_build_orderflow_manifest" name="test_inspect_trades_skips_non_trade_parquet_and_reports_gaps" time="0.017" /><testcase classname="tests.tools.test_calibrate_refs" name="test_nearest_rank_percentile_decimal_only" time="0.002" /><testcase classname="tests.tools.test_calibrate_refs" name="test_recommend_min_volume_p25" time="0.005" /><testcase classname="tests.tools.test_calibrate_refs" name="test_recommend_stack_ref_uses_real_detector" time="0.001" /><testcase classname="tests.tools.test_calibrate_refs" name="test_load_bars_reconstructs_footprint" time="0.145" /><testcase classname="tests.tools.test_evaluate_analysis_entry_correctness" name="test_summary_reports_direction_correctness_not_cost_result" time="0.001" /><testcase classname="tests.tools.test_evaluate_analysis_entry_correctness" name="test_markdown_states_zero_spread_and_both_real_markets" time="0.002" /><testcase classname="tests.tools.test_evaluate_episode_entries" name="test_fixed_utc_session_boundaries[0-ASIA]" time="0.002" /><testcase classname="tests.tools.test_evaluate_episode_entries" name="test_fixed_utc_session_boundaries[7-ASIA]" time="0.001" /><testcase classname="tests.tools.test_evaluate_episode_entries" name="test_fixed_utc_session_boundaries[8-EUROPE]" time="0.002" /><testcase classname="tests.tools.test_evaluate_episode_entries" name="test_fixed_utc_session_boundaries[12-EUROPE]" time="0.002" /><testcase classname="tests.tools.test_evaluate_episode_entries" name="test_fixed_utc_session_boundaries[13-EUROPE_NY_OVERLAP]" time="0.001" /><testcase classname="tests.tools.test_evaluate_episode_entries" name="test_fixed_utc_session_boundaries[16-EUROPE_NY_OVERLAP]" time="0.001" /><testcase classname="tests.tools.test_evaluate_episode_entries" name="test_fixed_utc_session_boundaries[17-NEW_YORK]" time="0.001" /><testcase classname="tests.tools.test_evaluate_episode_entries" name="test_fixed_utc_session_boundaries[21-NEW_YORK]" time="0.001" /><testcase classname="tests.tools.test_evaluate_episode_entries" name="test_fixed_utc_session_boundaries[22-LATE]" time="0.001" /><testcase classname="tests.tools.test_evaluate_episode_entries" name="test_fixed_utc_session_boundaries[23-LATE]" time="0.002" /><testcase classname="tests.tools.test_evaluate_episode_entries" name="test_rate_does_not_turn_empty_groups_into_zero" time="0.002" /><testcase classname="tests.tools.test_evaluate_episode_entries" name="test_entry_cutoff_requires_an_explicit_timezone" time="0.002" /><testcase classname="tests.tools.test_evaluate_flow_strategies" name="test_strategy_a_waits_for_future_retest_and_uses_pressure_side" time="0.001" /><testcase classname="tests.tools.test_evaluate_flow_strategies" name="test_strategy_b_requires_effective_failure_confirmation_and_retest" time="0.001" /><testcase classname="tests.tools.test_evaluate_flow_strategies" name="test_outcome_is_causal_and_overlap_purge_keeps_first_trade" time="0.002" /><testcase classname="tests.tools.test_evaluate_flow_strategies" name="test_markdown_handles_decimal_cost_keys" time="0.001" /><testcase classname="tests.tools.test_measure_binance_to_ui" name="test_exact_trade_id_match_builds_signed_internal_latency" time="0.001" /><testcase classname="tests.tools.test_observe_execution_costs" name="test_public_ticker_parsers_preserve_executable_sides" time="0.001" /><testcase classname="tests.tools.test_observe_execution_costs" name="test_writer_rejects_crossed_quote_and_preserves_currency" time="0.013" /><testcase classname="tests.tools.test_observe_execution_costs" name="test_hfm_source_parser_does_not_split_windows_drive_letter" time="0.001" /><testcase classname="tests.tools.test_observe_execution_costs" name="test_hfm_parser_repairs_only_unambiguous_extra_opening_brace" time="0.002" /><testcase classname="tests.tools.test_observe_hfm_binance" name="test_background_quote_writer_preserves_fifo_and_sequence" time="0.010" /><testcase classname="tests.tools.test_observe_hfm_binance" name="test_background_quote_writer_appends_legacy_six_column_file" time="0.014" /><testcase classname="tests.tools.test_persistent_depth_pd3" name="test_capacity_projection_and_disk_fail_closed" time="0.001" /><testcase classname="tests.tools.test_persistent_depth_pd3" name="test_soak_requires_zero_writer_errors" time="0.002" /><testcase classname="tests.tools.test_persistent_depth_pd3" name="test_multisegment_hydration_and_crash_tail_fail_closed" time="0.049" /><testcase classname="tests.tools.test_persistent_depth_pd4_deployment" name="test_pd4_compose_keeps_persistent_writer_disabled" time="0.002" /><testcase classname="tests.tools.test_persistent_depth_prototype" name="test_all_pd1_candidates_round_trip_exactly" time="0.006" /><testcase classname="tests.tools.test_persistent_depth_prototype" name="test_pd1_benchmark_reports_all_candidates_and_no_silent_drop" time="0.006" /><testcase classname="tests.tools.test_persistent_depth_recovery" name="test_atomic_segment_manifest_checksum_and_replay_no_live_mixing" time="0.020" /><testcase classname="tests.tools.test_persistent_depth_recovery" name="test_truncated_tail_and_checksum_fail_closed" time="0.015" /><testcase classname="tests.tools.test_report_execution_costs" name="test_report_keeps_jpy_basis_separate_and_adds_known_fixed_cost" time="0.011" /><testcase classname="tests.tools.test_snapshot_binance_futures_klines" name="test_fetch_closed_klines_audits_complete_public_rows" time="0.002" /><testcase classname="tests.tools.test_snapshot_binance_futures_klines" name="test_fetch_closed_klines_reports_missing_minute" time="0.001" /><testcase classname="tests.tools.test_snapshot_mt5_hfm_ticks" name="test_clock_calibration_requires_paired_and_live_agreement" time="0.001" /><testcase classname="tests.tools.test_snapshot_mt5_hfm_ticks" name="test_clock_calibration_rejects_live_offset_mismatch" time="0.002" /><testcase classname="tests.tools.test_update_spread_jumps" name="test_reconstructs_top_of_book_and_applies_zero_quantity_deletes" time="0.016" /><testcase classname="tests.tools.test_update_spread_jumps" name="test_diff_only_recording_is_rejected_and_exports_are_preserved" time="0.014" /><testcase classname="tests.tools.test_update_spread_jumps" name="test_gap_suppresses_diffs_until_a_new_snapshot" time="0.013" /><testcase classname="tests.tools.test_update_spread_jumps" name="test_update_spread_jumps_writes_only_reconstructed_candidates" time="0.030" /><testcase classname="tests.tools.test_write_hfm_order_command" name="test_build_command_requires_stop_loss" time="0.001" /><testcase classname="tests.tools.test_write_hfm_order_command" name="test_publish_atomically_writes_command" time="0.011" /></testsuite></testsuites>