<?xml version="1.0" encoding="utf-8"?><testsuites name="pytest tests"><testsuite name="pytest" errors="0" failures="0" skipped="0" tests="497" time="114.528" timestamp="2026-08-12T06:41:40.138968+09:00" hostname="DESKTOP-K1I84LK"><testcase classname="tests.normalization.test_normalizer" name="test_tv_nrm_01_normal_conversion" time="0.003" /><testcase classname="tests.normalization.test_normalizer" name="test_tv_nrm_02_duplicate_discard" time="0.002" /><testcase classname="tests.normalization.test_normalizer" name="test_tv_nrm_03_reorder_within_tolerance" time="0.002" /><testcase classname="tests.normalization.test_normalizer" name="test_tv_nrm_04_reorder_beyond_tolerance" time="0.002" /><testcase classname="tests.normalization.test_normalizer" name="test_profile_missing_fields_rejected" time="0.004" /><testcase classname="tests.normalization.test_normalizer" name="test_profile_invalid_timestamp_format_rejected" time="0.002" /><testcase classname="tests.normalization.test_normalizer" name="test_invalid_side_rejected" time="0.006" /><testcase classname="tests.normalization.test_normalizer" name="test_nonpositive_or_nonfinite_trade_values_rejected[px-0]" time="0.007" /><testcase classname="tests.normalization.test_normalizer" name="test_nonpositive_or_nonfinite_trade_values_rejected[px--1]" time="0.004" /><testcase classname="tests.normalization.test_normalizer" name="test_nonpositive_or_nonfinite_trade_values_rejected[px-NaN]" time="0.003" /><testcase classname="tests.normalization.test_normalizer" name="test_nonpositive_or_nonfinite_trade_values_rejected[px-Infinity]" time="0.008" /><testcase classname="tests.normalization.test_normalizer" name="test_nonpositive_or_nonfinite_trade_values_rejected[qty-0]" time="0.002" /><testcase classname="tests.normalization.test_normalizer" name="test_nonpositive_or_nonfinite_trade_values_rejected[qty--1]" time="0.002" /><testcase classname="tests.normalization.test_normalizer" name="test_nonpositive_or_nonfinite_trade_values_rejected[qty-NaN]" time="0.002" /><testcase classname="tests.normalization.test_normalizer" name="test_nonpositive_or_nonfinite_trade_values_rejected[qty-Infinity]" time="0.003" /><testcase classname="tests.normalization.test_normalizer" name="test_data_normalizer_counts_zero_trade_as_rejected" time="0.002" /><testcase classname="tests.normalization.test_normalizer" name="test_binance_boolean_side_rule" time="0.002" /><testcase classname="tests.normalization.test_normalizer" name="test_iso8601_timestamp_format" time="0.006" /><testcase classname="tests.normalization.test_normalizer" name="test_deterministic_replay_identical" time="0.002" /><testcase classname="tests.orderflow.test_absorption" name="test_tv_abs_01_buy_absorption_qualifies" time="0.003" /><testcase classname="tests.orderflow.test_absorption" name="test_tv_abs_02_aggression_fails" time="0.002" /><testcase classname="tests.orderflow.test_absorption" name="test_tv_abs_03_stall_fails" time="0.001" /><testcase classname="tests.orderflow.test_absorption" name="test_tv_abs_04_replenish_fails" time="0.002" /><testcase classname="tests.orderflow.test_absorption" name="test_tv_abs_05_sell_absorption_qualifies" time="0.001" /><testcase classname="tests.orderflow.test_absorption" name="test_absorption_window_expiry" time="0.001" /><testcase classname="tests.orderflow.test_absorption" name="test_absorption_volume_ref_not_calibrated" time="0.001" /><testcase classname="tests.orderflow.test_absorption" name="test_absorption_book_state_uninitialized" time="0.001" /><testcase classname="tests.orderflow.test_absorption" name="test_absorption_deterministic_replay" time="0.004" /><testcase classname="tests.orderflow.test_absorption" name="test_absorption_set_params_preserves_window" time="0.002" /><testcase classname="tests.orderflow.test_absorption" name="test_absorption_reports_full_stalled_price_range" time="0.001" /><testcase classname="tests.orderflow.test_absorption" name="test_set_params_updates_thresholds_without_touching_window" time="0.006" /><testcase classname="tests.orderflow.test_absorption" name="test_absorption_incremental_path_matches_legacy_scan_tick_by_tick" time="0.033" /><testcase classname="tests.orderflow.test_analysis_entry_correctness" name="test_flow_states_keep_analysis_and_stalled_probe_meanings_separate" time="0.005" /><testcase classname="tests.orderflow.test_analysis_entry_correctness" name="test_zero_spread_replay_uses_first_causal_prices_and_fixed_exit" time="0.001" /><testcase classname="tests.orderflow.test_analysis_entry_correctness" name="test_sell_direction_is_scored_without_spread_or_exit_rule" time="0.001" /><testcase classname="tests.orderflow.test_analysis_entry_correctness" name="test_entry_lag_and_path_gap_are_explicit" time="0.009" /><testcase classname="tests.orderflow.test_analysis_entry_correctness" name="test_nonoverlap_keeps_boundary_decision" time="0.002" /><testcase classname="tests.orderflow.test_analysis_entry_correctness" name="test_observed_entry_bar_replay_uses_signal_trade_and_causal_full_bars" time="0.001" /><testcase classname="tests.orderflow.test_analysis_entry_correctness" name="test_observed_entry_bar_replay_rejects_missing_minute" time="0.002" /><testcase classname="tests.orderflow.test_big_trades_activation" name="test_session_completion_is_triggered_only_by_next_session_first_source_trade" time="0.001" /><testcase classname="tests.orderflow.test_big_trades_activation" name="test_weekly_and_monthly_schedule_boundaries_use_source_sessions" time="0.001" /><testcase classname="tests.orderflow.test_big_trades_activation" name="test_schedule_run_id_deduplicates_boundary_and_manifest" time="0.002" /><testcase classname="tests.orderflow.test_big_trades_activation" name="test_replay_selection_uses_effective_source_key_not_requested_time" time="0.002" /><testcase classname="tests.orderflow.test_big_trades_activation" name="test_replay_missing_history_fails_closed" time="0.002" /><testcase classname="tests.orderflow.test_big_trades_activation" name="test_same_source_boundary_cannot_hold_two_activations" time="0.005" /><testcase classname="tests.orderflow.test_big_trades_activation" name="test_user_calibration_wins_over_scheduled_candidate_at_same_boundary" time="0.002" /><testcase classname="tests.orderflow.test_big_trades_activation" name="test_manual_only_keeps_scheduled_candidate_pending" time="0.001" /><testcase classname="tests.orderflow.test_big_trades_activation" name="test_manual_settings_reject_calibration_activation_conflict" time="0.001" /><testcase classname="tests.orderflow.test_big_trades_activation" name="test_fixed_research_namespace_cannot_write_production_history" time="0.001" /><testcase classname="tests.orderflow.test_big_trades_aggregation" name="test_fixed_vector_chains_from_previous_fill_and_builds_event" time="0.005" /><testcase classname="tests.orderflow.test_big_trades_aggregation" name="test_41ms_gap_closes_cluster" time="0.002" /><testcase classname="tests.orderflow.test_big_trades_aggregation" name="test_exact_40ms_gap_joins_cluster" time="0.002" /><testcase classname="tests.orderflow.test_big_trades_aggregation" name="test_same_side_same_millisecond_joins_cluster" time="0.001" /><testcase classname="tests.orderflow.test_big_trades_aggregation" name="test_settings_change_does_not_force_split_and_next_natural_cluster_uses_new_snapshot" time="0.001" /><testcase classname="tests.orderflow.test_big_trades_aggregation" name="test_max_fill_limit_flushes_without_losing_trigger_trade" time="0.004" /><testcase classname="tests.orderflow.test_big_trades_aggregation" name="test_utc_minute_boundary_closes_even_within_40ms" time="0.001" /><testcase classname="tests.orderflow.test_big_trades_aggregation" name="test_marker_price_modes" time="0.002" /><testcase classname="tests.orderflow.test_big_trades_aggregation" name="test_zero_35_70ms_is_one_chain_and_price_does_not_split" time="0.001" /><testcase classname="tests.orderflow.test_big_trades_aggregation" name="test_disconnect_closes_cluster_explicitly_and_prevents_rejoin" time="0.001" /><testcase classname="tests.orderflow.test_big_trades_aggregation" name="test_session_boundary_closes_cluster" time="0.001" /><testcase classname="tests.orderflow.test_big_trades_aggregation" name="test_trade_and_settings_identity_mismatch_is_rejected" time="0.001" /><testcase classname="tests.orderflow.test_big_trades_aggregation" name="test_side_filter_is_display_metadata_after_quantity_decision" time="0.002" /><testcase classname="tests.orderflow.test_big_trades_artifacts" name="test_settings_id_is_deterministic_and_manual_discards_calibration" time="0.002" /><testcase classname="tests.orderflow.test_big_trades_artifacts" name="test_settings_version_and_pending_pointer_are_atomic" time="0.052" /><testcase classname="tests.orderflow.test_big_trades_artifacts" name="test_new_pending_settings_preserves_superseded_request_history" time="0.068" /><testcase classname="tests.orderflow.test_big_trades_artifacts" name="test_session_stats_require_next_session_source_and_gap_is_excluded" time="0.010" /><testcase classname="tests.orderflow.test_big_trades_artifacts" name="test_restart_truncated_session_is_persisted_but_excluded" time="0.002" /><testcase classname="tests.orderflow.test_big_trades_artifacts" name="test_session_stats_artifact_round_trip_and_collision" time="0.028" /><testcase classname="tests.orderflow.test_big_trades_artifacts" name="test_session_candle_coverage_boundary_controls_only_volatility" time="0.019" /><testcase classname="tests.orderflow.test_big_trades_artifacts" name="test_calibration_artifact_is_deterministic_and_created_time_is_non_identity" time="0.097" /><testcase classname="tests.orderflow.test_big_trades_artifacts" name="test_calibration_validation_rejects_wrong_symbol_logic_and_step" time="0.041" /><testcase classname="tests.orderflow.test_big_trades_artifacts" name="test_only_completed_valid_sessions_enter_calibration_population" time="0.016" /><testcase classname="tests.orderflow.test_big_trades_artifacts" name="test_calibration_excludes_current_and_future_sessions" time="0.047" /><testcase classname="tests.orderflow.test_big_trades_artifacts" name="test_calibration_rejects_same_session_with_different_content" time="0.004" /><testcase classname="tests.orderflow.test_big_trades_artifacts" name="test_activation_artifact_is_commit_point_and_pointer_is_derived_cache" time="0.056" /><testcase classname="tests.orderflow.test_big_trades_artifacts" name="test_calibration_activation_requires_expected_quantity_step" time="0.078" /><testcase classname="tests.orderflow.test_big_trades_artifacts" name="test_historical_replay_resolves_committed_activation_and_ignores_created_time" time="0.099" /><testcase classname="tests.orderflow.test_big_trades_artifacts" name="test_historical_replay_missing_reference_fails_closed" time="0.043" /><testcase classname="tests.orderflow.test_big_trades_artifacts" name="test_fixed_research_resolution_has_isolated_output_and_no_activation" time="0.027" /><testcase classname="tests.orderflow.test_big_trades_artifacts" name="test_scheduled_success_auto_activates_from_same_source_boundary" time="0.333" /><testcase classname="tests.orderflow.test_big_trades_artifacts" name="test_manual_only_generates_candidate_without_activation" time="0.224" /><testcase classname="tests.orderflow.test_big_trades_artifacts" name="test_missing_durable_previous_session_stops_schedule_and_keeps_old_activation" time="0.234" /><testcase classname="tests.orderflow.test_big_trades_artifacts" name="test_scheduled_validation_failure_does_not_activate_or_retry" time="0.029" /><testcase classname="tests.orderflow.test_big_trades_artifacts" name="test_same_schedule_boundary_and_manifest_reuses_terminal_run" time="0.250" /><testcase classname="tests.orderflow.test_big_trades_calibration" name="test_rank_is_one_based_descending" time="0.002" /><testcase classname="tests.orderflow.test_big_trades_calibration" name="test_decimal_median_never_uses_float" time="0.001" /><testcase classname="tests.orderflow.test_big_trades_calibration" name="test_calibration_uses_20_9_2_ranks_and_strict_order" time="0.005" /><testcase classname="tests.orderflow.test_big_trades_calibration" name="test_insufficient_sessions_fail_closed" time="0.009" /><testcase classname="tests.orderflow.test_big_trades_calibration" name="test_exactly_ten_valid_sessions_is_valid" time="0.004" /><testcase classname="tests.orderflow.test_big_trades_calibration" name="test_volatility_factor_is_clamped_and_ceil_to_step" time="0.005" /><testcase classname="tests.orderflow.test_big_trades_calibration" name="test_volatility_factor_uses_decimal_square_root_before_clamp" time="0.005" /><testcase classname="tests.orderflow.test_big_trades_calibration" name="test_volatility_factor_lower_clamp_and_strict_threshold_correction" time="0.004" /><testcase classname="tests.orderflow.test_big_trades_calibration" name="test_missing_volatility_uses_explicit_fallback" time="0.013" /><testcase classname="tests.orderflow.test_big_trades_calibration" name="test_nineteen_volatility_sessions_use_explicit_fallback" time="0.005" /><testcase classname="tests.orderflow.test_big_trades_calibration" name="test_zero_volatility_baseline_uses_explicit_fallback" time="0.004" /><testcase classname="tests.orderflow.test_big_trades_calibration" name="test_normalized_true_range" time="0.002" /><testcase classname="tests.orderflow.test_big_trades_candle_observer" name="test_upper_wick_return_and_close_above_are_distinct_facts" time="0.003" /><testcase classname="tests.orderflow.test_big_trades_candle_observer" name="test_lower_wick_return_and_exact_boundary_close" time="0.002" /><testcase classname="tests.orderflow.test_big_trades_candle_observer" name="test_candle_boundary_mismatch_is_explicit" time="0.003" /><testcase classname="tests.orderflow.test_big_trades_candle_observer" name="test_invalid_candle_high_below_low_is_rejected" time="0.002" /><testcase classname="tests.orderflow.test_big_trades_filtering" name="test_manual_min_and_max_are_inclusive" time="0.001" /><testcase classname="tests.orderflow.test_big_trades_filtering" name="test_manual_rejection_reasons_are_exact" time="0.001" /><testcase classname="tests.orderflow.test_big_trades_filtering" name="test_manual_zero_max_is_unbounded" time="0.001" /><testcase classname="tests.orderflow.test_big_trades_filtering" name="test_automatic_intensity_selects_versioned_threshold" time="0.001" /><testcase classname="tests.orderflow.test_big_trades_filtering" name="test_automatic_requires_strictly_increasing_thresholds" time="0.001" /><testcase classname="tests.orderflow.test_big_trades_filtering" name="test_automatic_without_matching_active_calibration_fails_closed" time="0.002" /><testcase classname="tests.orderflow.test_big_trades_horizons" name="test_default_horizons_are_exact_contract_values" time="0.001" /><testcase classname="tests.orderflow.test_big_trades_horizons" name="test_snapshot_uses_last_trade_at_target_not_trigger_trade" time="0.004" /><testcase classname="tests.orderflow.test_big_trades_horizons" name="test_source_age_exactly_1000ms_is_valid_and_1001ms_is_stale" time="0.007" /><testcase classname="tests.orderflow.test_big_trades_horizons" name="test_gap_crossing_horizon_is_missing_without_interpolation" time="0.003" /><testcase classname="tests.orderflow.test_big_trades_horizons" name="test_horizon_crossing_utc_session_is_missing_session" time="0.003" /><testcase classname="tests.orderflow.test_big_trades_horizons" name="test_snapshot_cuts_off_future_trade_and_preserves_all_metric_facts" time="0.005" /><testcase classname="tests.orderflow.test_big_trades_horizons" name="test_sell_signed_return_is_inverse_and_replay_speed_independent" time="0.006" /><testcase classname="tests.orderflow.test_big_trades_ids" name="test_decimal_canonicalization_removes_representation_noise" time="0.001" /><testcase classname="tests.orderflow.test_big_trades_ids" name="test_canonical_json_sorts_keys_and_uses_utc" time="0.001" /><testcase classname="tests.orderflow.test_big_trades_ids" name="test_flat_content_hash_is_byte_equivalent_to_general_canonical_hash" time="0.001" /><testcase classname="tests.orderflow.test_big_trades_ids" name="test_zone_id_is_deterministic_and_versioned" time="0.002" /><testcase classname="tests.orderflow.test_big_trades_ids" name="test_same_event_input_has_same_ids_and_content_hashes" time="0.002" /><testcase classname="tests.orderflow.test_big_trades_ordering" name="test_same_millisecond_bucket_releases_by_integer_trade_id" time="0.001" /><testcase classname="tests.orderflow.test_big_trades_ordering" name="test_late_trade_after_release_is_rejected" time="0.001" /><testcase classname="tests.orderflow.test_big_trades_ordering" name="test_older_than_current_open_bucket_is_rejected" time="0.001" /><testcase classname="tests.orderflow.test_big_trades_ordering" name="test_empty_flush_is_idempotent" time="0.001" /><testcase classname="tests.orderflow.test_big_trades_ordering" name="test_invalid_decimal_trade_values_are_rejected[price-0]" time="0.003" /><testcase classname="tests.orderflow.test_big_trades_ordering" name="test_invalid_decimal_trade_values_are_rejected[price--1]" time="0.002" /><testcase classname="tests.orderflow.test_big_trades_ordering" name="test_invalid_decimal_trade_values_are_rejected[price-NaN]" time="0.002" /><testcase classname="tests.orderflow.test_big_trades_ordering" name="test_invalid_decimal_trade_values_are_rejected[price-Infinity]" time="0.001" /><testcase classname="tests.orderflow.test_big_trades_ordering" name="test_invalid_decimal_trade_values_are_rejected[quantity-0]" time="0.001" /><testcase classname="tests.orderflow.test_big_trades_ordering" name="test_invalid_decimal_trade_values_are_rejected[quantity--1]" time="0.006" /><testcase classname="tests.orderflow.test_big_trades_ordering" name="test_invalid_decimal_trade_values_are_rejected[quantity-NaN]" time="0.002" /><testcase classname="tests.orderflow.test_big_trades_ordering" name="test_invalid_decimal_trade_values_are_rejected[quantity-Infinity]" time="0.001" /><testcase classname="tests.orderflow.test_big_trades_ordering" name="test_decimal_trade_values_are_preserved_exactly" time="0.001" /><testcase classname="tests.orderflow.test_big_trades_ordering" name="test_unknown_side_and_timezone_naive_are_rejected" time="0.002" /><testcase classname="tests.orderflow.test_big_trades_price_path" name="test_last_at_or_before_and_exact_range_extrema" time="0.003" /><testcase classname="tests.orderflow.test_big_trades_price_path" name="test_range_index_matches_randomized_oracle" time="0.059" /><testcase classname="tests.orderflow.test_big_trades_price_path" name="test_price_path_rejects_non_increasing_source_keys" time="0.001" /><testcase classname="tests.orderflow.test_big_trades_price_path" name="test_gap_intersection_uses_open_left_closed_right_interval" time="0.002" /><testcase classname="tests.orderflow.test_big_trades_reaction_zones" name="test_relation_boundaries_are_inclusive" time="0.002" /><testcase classname="tests.orderflow.test_big_trades_reaction_zones" name="test_single_price_event_creates_zero_height_authoritative_zone" time="0.002" /><testcase classname="tests.orderflow.test_big_trades_reaction_zones" name="test_fixed_vector_first_exit_return_and_excursions" time="0.003" /><testcase classname="tests.orderflow.test_big_trades_reaction_zones" name="test_direct_cross_has_no_fabricated_inside_interaction" time="0.003" /><testcase classname="tests.orderflow.test_big_trades_reaction_zones" name="test_down_exit_reentry_continuous_inside_cross_down_and_break_persistence" time="0.005" /><testcase classname="tests.orderflow.test_big_trades_reaction_zones" name="test_origin_and_old_session_trades_are_not_observed" time="0.001" /><testcase classname="tests.orderflow.test_big_trades_reaction_zones" name="test_gap_and_source_confirmed_session_close_are_explicit" time="0.002" /><testcase classname="tests.orderflow.test_big_trades_reaction_zones" name="test_later_event_links_by_interval_gap_without_merging_identity" time="0.003" /><testcase classname="tests.orderflow.test_big_trades_reaction_zones" name="test_registered_buy_and_sell_links_update_separate_quantities" time="0.004" /><testcase classname="tests.orderflow.test_big_trades_reaction_zones" name="test_delayed_link_discovery_records_metrics_at_observation_source_key" time="0.002" /><testcase classname="tests.orderflow.test_big_trades_reaction_zones" name="test_overlapping_zones_each_observe_one_trade_once" time="0.002" /><testcase classname="tests.orderflow.test_big_trades_runtime" name="test_origin_is_not_published_until_duckdb_commit_ack" time="1.182" /><testcase classname="tests.orderflow.test_big_trades_runtime" name="test_live_and_recorded_replay_use_identical_core_and_durable_rows" time="0.687" /><testcase classname="tests.orderflow.test_big_trades_runtime" name="test_source_gap_invalidates_crossing_horizon" time="0.417" /><testcase classname="tests.orderflow.test_big_trades_runtime" name="test_source_confirmed_next_session_closes_zone_and_saves_stats" time="0.492" /><testcase classname="tests.orderflow.test_big_trades_runtime" name="test_delayed_candle_observation_is_idempotent" time="0.360" /><testcase classname="tests.orderflow.test_big_trades_runtime" name="test_restart_recovers_zone_without_republishing_origin_and_marks_gap" time="0.648" /><testcase classname="tests.orderflow.test_big_trades_runtime" name="test_disabled_runtime_performs_no_storage_or_resolution" time="0.006" /><testcase classname="tests.orderflow.test_big_trades_runtime" name="test_delayed_same_area_link_keeps_source_order_and_restart_recovery" time="0.800" /><testcase classname="tests.orderflow.test_big_trades_runtime" name="test_reconnect_flushes_open_cluster_without_deleting_active_zone" time="0.426" /><testcase classname="tests.orderflow.test_big_trades_runtime" name="test_candle_boundary_mismatch_errors_only_big_trades_runtime" time="0.281" /><testcase classname="tests.orderflow.test_big_trades_time_buckets" name="test_offset_timestamp_normalizes_to_same_utc_minute_bucket" time="0.001" /><testcase classname="tests.orderflow.test_big_trades_time_buckets" name="test_big_trades_candle_boundary_matches_cvd_one_minute_boundary" time="0.001" /><testcase classname="tests.orderflow.test_big_trades_zone_index" name="test_point_and_boundary_queries_match_brute_force_randomized_oracle" time="0.346" /><testcase classname="tests.orderflow.test_big_trades_zone_index" name="test_index_keeps_5000_zones_and_removes_only_explicit_target" time="3.294" /><testcase classname="tests.orderflow.test_big_trades_zone_index" name="test_interval_candidate_query_returns_only_overlap_and_tolerance_neighbors" time="0.007" /><testcase classname="tests.orderflow.test_combined_context" name="test_existing_eight_patterns_are_unchanged[directions0-1-UPTREND]" time="0.001" /><testcase classname="tests.orderflow.test_combined_context" name="test_existing_eight_patterns_are_unchanged[directions1-2-UPTREND PULLBACK]" time="0.001" /><testcase classname="tests.orderflow.test_combined_context" name="test_existing_eight_patterns_are_unchanged[directions2-3-UPWARD REBOUND]" time="0.002" /><testcase classname="tests.orderflow.test_combined_context" name="test_existing_eight_patterns_are_unchanged[directions3-4-UPWARD DIVERGENCE]" time="0.003" /><testcase classname="tests.orderflow.test_combined_context" name="test_existing_eight_patterns_are_unchanged[directions4-5-DOWNWARD DIVERGENCE]" time="0.002" /><testcase classname="tests.orderflow.test_combined_context" name="test_existing_eight_patterns_are_unchanged[directions5-6-DOWNTREND PULLBACK]" time="0.002" /><testcase classname="tests.orderflow.test_combined_context" name="test_existing_eight_patterns_are_unchanged[directions6-7-DOWNWARD REBOUND]" time="0.002" /><testcase classname="tests.orderflow.test_combined_context" name="test_existing_eight_patterns_are_unchanged[directions7-8-DOWNTREND]" time="0.002" /><testcase classname="tests.orderflow.test_combined_context" name="test_candle_tie_breaks_match_existing_ui_rule" time="0.001" /><testcase classname="tests.orderflow.test_combined_context" name="test_all_sixteen_directional_oi_contexts_are_defined" time="0.001" /><testcase classname="tests.orderflow.test_combined_context" name="test_oi_unchanged_and_missing_remain_explicit" time="0.001" /><testcase classname="tests.orderflow.test_combined_context" name="test_invalid_directions_are_rejected[0]" time="0.001" /><testcase classname="tests.orderflow.test_combined_context" name="test_invalid_directions_are_rejected[2]" time="0.001" /><testcase classname="tests.orderflow.test_combined_context" name="test_invalid_directions_are_rejected[-2]" time="0.003" /><testcase classname="tests.orderflow.test_combined_context" name="test_invalid_directions_are_rejected[True]" time="0.001" /><testcase classname="tests.orderflow.test_combined_context_runtime" name="test_observer_builds_5m_context_and_both_executable_hfm_sides" time="0.001" /><testcase classname="tests.orderflow.test_combined_context_runtime" name="test_observer_keeps_missing_oi_and_stale_hfm_explicit" time="0.002" /><testcase classname="tests.orderflow.test_combined_context_runtime" name="test_hfm_outcome_marks_late_first_quote_as_gap_without_hiding_values" time="0.002" /><testcase classname="tests.orderflow.test_cvd" name="test_tv_cvd_01_normal_sequence" time="0.001" /><testcase classname="tests.orderflow.test_cvd" name="test_tv_cvd_02_duplicate_trade_id" time="0.004" /><testcase classname="tests.orderflow.test_cvd" name="test_tv_cvd_03_invalid_side" time="0.002" /><testcase classname="tests.orderflow.test_cvd" name="test_tv_cvd_04_out_of_order_timestamp" time="0.001" /><testcase classname="tests.orderflow.test_cvd" name="test_trade_delta_signs" time="0.001" /><testcase classname="tests.orderflow.test_cvd" name="test_bar_start_utc_alignment" time="0.001" /><testcase classname="tests.orderflow.test_cvd" name="test_bar_delta_resets_cvd_cumulative" time="0.001" /><testcase classname="tests.orderflow.test_cvd" name="test_deterministic_replay_identical" time="0.002" /><testcase classname="tests.orderflow.test_cvd_snapshot" name="test_snapshot_none_before_first_trade" time="0.001" /><testcase classname="tests.orderflow.test_cvd_snapshot" name="test_snapshot_reflects_running_bar_values" time="0.001" /><testcase classname="tests.orderflow.test_cvd_snapshot" name="test_snapshot_is_non_destructive" time="0.001" /><testcase classname="tests.orderflow.test_divergence" name="test_detects_bullish_regular_divergence_all_fields" time="0.001" /><testcase classname="tests.orderflow.test_divergence" name="test_detects_bearish_regular_divergence_all_fields" time="0.001" /><testcase classname="tests.orderflow.test_divergence" name="test_no_event_when_price_and_cvd_make_lower_lows" time="0.001" /><testcase classname="tests.orderflow.test_divergence" name="test_no_event_with_only_one_swing" time="0.001" /><testcase classname="tests.orderflow.test_divergence" name="test_equal_low_cluster_uses_first_candle_as_pivot" time="0.001" /><testcase classname="tests.orderflow.test_divergence" name="test_separated_double_bottom_is_registered_but_not_regular_divergence" time="0.001" /><testcase classname="tests.orderflow.test_divergence" name="test_rejections_are_counted_for_time_symbol_and_timeframe" time="0.002" /><testcase classname="tests.orderflow.test_divergence" name="test_memory_is_bounded_after_many_candles" time="0.002" /><testcase classname="tests.orderflow.test_divergence" name="test_min_price_move_and_distance_filters_are_counted" time="0.001" /><testcase classname="tests.orderflow.test_divergence" name="test_multiple_divergences_are_emitted_in_order" time="0.004" /><testcase classname="tests.orderflow.test_divergence" name="test_deterministic_replay_has_identical_events_and_counters" time="0.001" /><testcase classname="tests.orderflow.test_divergence" name="test_default_constructor_detects_both_directions" time="0.001" /><testcase classname="tests.orderflow.test_episode_dataset" name="test_labels_are_causal_and_capture_path_extremes" time="0.002" /><testcase classname="tests.orderflow.test_episode_dataset" name="test_missing_horizon_and_data_gap_are_not_filled" time="0.001" /><testcase classname="tests.orderflow.test_episode_dataset" name="test_prices_must_be_chronological_and_positive" time="0.001" /><testcase classname="tests.orderflow.test_episode_entry" name="test_extracts_ordered_attack_persist_and_breakthrough_without_single_state_entry" time="0.001" /><testcase classname="tests.orderflow.test_episode_entry" name="test_defender_reversal_flips_trade_side" time="0.004" /><testcase classname="tests.orderflow.test_episode_entry" name="test_attack_candidate_is_not_filtered_by_later_invalidation" time="0.001" /><testcase classname="tests.orderflow.test_episode_entry" name="test_path_evaluator_reports_cost_hurdle_order_and_price_invalidation" time="0.001" /><testcase classname="tests.orderflow.test_episode_entry" name="test_path_evaluator_reports_adverse_hurdle_first" time="0.001" /><testcase classname="tests.orderflow.test_episode_entry" name="test_known_invalidation_reference_without_breach_is_false_not_missing" time="0.001" /><testcase classname="tests.orderflow.test_episode_entry" name="test_purge_keeps_first_candidate_after_full_horizon" time="0.001" /><testcase classname="tests.orderflow.test_flow_detector" name="test_large_trade_fires_above_threshold" time="0.001" /><testcase classname="tests.orderflow.test_flow_detector" name="test_large_trade_no_fire_below_threshold" time="0.001" /><testcase classname="tests.orderflow.test_flow_detector" name="test_large_trade_strength_capped_at_one" time="0.001" /><testcase classname="tests.orderflow.test_flow_detector" name="test_sweep_fires_when_conditions_met" time="0.001" /><testcase classname="tests.orderflow.test_flow_detector" name="test_sweep_no_fire_insufficient_levels" time="0.001" /><testcase classname="tests.orderflow.test_flow_detector" name="test_sweep_cooldown_prevents_refiring" time="0.001" /><testcase classname="tests.orderflow.test_flow_detector" name="test_exhaustion_fires_on_up_bar_high_side_depletion" time="0.001" /><testcase classname="tests.orderflow.test_flow_detector" name="test_exhaustion_no_fire_on_normal_bar" time="0.004" /><testcase classname="tests.orderflow.test_flow_detector" name="test_ua_fires_when_both_sides_at_high" time="0.001" /><testcase classname="tests.orderflow.test_flow_detector" name="test_ua_no_fire_when_one_side_zero" time="0.001" /><testcase classname="tests.orderflow.test_flow_detector" name="test_tape_aggression_buy_classification" time="0.001" /><testcase classname="tests.orderflow.test_flow_detector" name="test_tape_aggression_sell_classification" time="0.001" /><testcase classname="tests.orderflow.test_flow_detector" name="test_tape_neutral_classification" time="0.002" /><testcase classname="tests.orderflow.test_flow_detector" name="test_tape_max_consecutive_count" time="0.001" /><testcase classname="tests.orderflow.test_flow_detector" name="test_tape_pause_detection" time="0.001" /><testcase classname="tests.orderflow.test_flow_price_response" name="test_buy_pressure_effective_when_price_advances" time="0.001" /><testcase classname="tests.orderflow.test_flow_price_response" name="test_buy_pressure_stalled_when_price_does_not_advance" time="0.001" /><testcase classname="tests.orderflow.test_flow_price_response" name="test_buy_pressure_trapped_when_price_moves_against_buys" time="0.006" /><testcase classname="tests.orderflow.test_flow_price_response" name="test_sell_pressure_states_are_symmetric" time="0.002" /><testcase classname="tests.orderflow.test_flow_price_response" name="test_mixed_pressure_is_unclear" time="0.003" /><testcase classname="tests.orderflow.test_flow_price_response" name="test_no_snapshot_before_full_window" time="0.001" /><testcase classname="tests.orderflow.test_flow_price_response" name="test_relative_volume_uses_long_baseline_rate" time="0.002" /><testcase classname="tests.orderflow.test_flow_price_response" name="test_warm_start_primes_relative_volume_without_reemitting_history" time="0.001" /><testcase classname="tests.orderflow.test_flow_price_response" name="test_out_of_order_trade_is_rejected_without_corrupting_window" time="0.001" /><testcase classname="tests.orderflow.test_flow_price_response" name="test_invalid_trade_is_rejected_without_corrupting_window" time="0.001" /><testcase classname="tests.orderflow.test_flow_price_response" name="test_outcome_tracker_records_raw_forward_returns_and_excursions" time="0.002" /><testcase classname="tests.orderflow.test_flow_price_response" name="test_outcome_tracker_ignores_zero_trade_and_keeps_pending_outcome" time="0.002" /><testcase classname="tests.orderflow.test_flow_price_response" name="test_outcome_tracker_rejects_zero_base_snapshot" time="0.006" /><testcase classname="tests.orderflow.test_flow_price_response" name="test_storage_rows_quantize_repeating_derived_decimals" time="0.002" /><testcase classname="tests.orderflow.test_flow_price_response" name="test_invalid_windows_rejected[bad0]" time="0.001" /><testcase classname="tests.orderflow.test_flow_price_response" name="test_invalid_windows_rejected[bad1]" time="0.002" /><testcase classname="tests.orderflow.test_flow_price_response" name="test_invalid_windows_rejected[bad2]" time="0.002" /><testcase classname="tests.orderflow.test_flow_price_response" name="test_invalid_windows_rejected[bad3]" time="0.002" /><testcase classname="tests.orderflow.test_footprint" name="test_tv_fp_01_level_aggregation" time="0.001" /><testcase classname="tests.orderflow.test_footprint" name="test_tv_fp_02_invalid_trade_rejected" time="0.001" /><testcase classname="tests.orderflow.test_footprint" name="test_duplicate_trade_id_rejected" time="0.001" /><testcase classname="tests.orderflow.test_footprint" name="test_bar_boundary_returns_confirmed_bar_and_resets" time="0.001" /><testcase classname="tests.orderflow.test_footprint" name="test_finalize_returns_final_bar" time="0.001" /><testcase classname="tests.orderflow.test_footprint" name="test_levels_sorted_ascending" time="0.002" /><testcase classname="tests.orderflow.test_footprint" name="test_no_float_in_output" time="0.001" /><testcase classname="tests.orderflow.test_footprint" name="test_deterministic_replay" time="0.002" /><testcase classname="tests.orderflow.test_footprint" name="test_non_positive_price_rejected" time="0.002" /><testcase classname="tests.orderflow.test_hfm_episode_outcome" name="test_hfm_outcome_uses_executable_bid_ask_and_tracks_mfe_mae" time="0.001" /><testcase classname="tests.orderflow.test_hfm_episode_outcome" name="test_stale_entry_and_quote_gap_are_explicit" time="0.002" /><testcase classname="tests.orderflow.test_hfm_episode_outcome" name="test_missing_outcome_and_non_chronological_quotes_are_rejected" time="0.001" /><testcase classname="tests.orderflow.test_hook_contract" name="test_registry_contains_all_catalog_hooks_and_suspected_labels" time="0.001" /><testcase classname="tests.orderflow.test_hook_contract" name="test_uncalibrated_and_provisional_hooks_cannot_fire" time="0.002" /><testcase classname="tests.orderflow.test_hook_contract" name="test_calibrated_hook_requires_matching_manifest_and_is_deterministic" time="0.002" /><testcase classname="tests.orderflow.test_hook_contract" name="test_dom_quality_gate_requires_snapshot_alignment_and_continuity" time="0.001" /><testcase classname="tests.orderflow.test_hook_contract" name="test_flow_response_adapter_emits_only_state_transition_edges" time="0.001" /><testcase classname="tests.orderflow.test_imbalance" name="test_tv_imb_01_buy_imbalance_qualifies" time="0.001" /><testcase classname="tests.orderflow.test_imbalance" name="test_tv_imb_02_ratio_below_threshold" time="0.001" /><testcase classname="tests.orderflow.test_imbalance" name="test_tv_imb_03_zero_denominator_volume_ok" time="0.001" /><testcase classname="tests.orderflow.test_imbalance" name="test_tv_imb_04_zero_denominator_volume_fail" time="0.002" /><testcase classname="tests.orderflow.test_imbalance" name="test_tv_imb_05_stacked_imbalance_buy" time="0.001" /><testcase classname="tests.orderflow.test_imbalance" name="test_tv_imb_06_stacked_not_enough_consecutive" time="0.001" /><testcase classname="tests.orderflow.test_imbalance" name="test_tv_imb_07_thin_levels_no_fire" time="0.001" /><testcase classname="tests.orderflow.test_imbalance" name="test_decision4_non_unit_price_gap_still_compared" time="0.001" /><testcase classname="tests.orderflow.test_imbalance" name="test_decision6_negative_volume_skipped_others_detected" time="0.001" /><testcase classname="tests.orderflow.test_imbalance" name="test_deterministic_replay" time="0.004" /><testcase classname="tests.orderflow.test_imbalance" name="test_empty_levels_returns_empty_result" time="0.001" /><testcase classname="tests.orderflow.test_imbalance" name="test_sell_imbalance_detected" time="0.001" /><testcase classname="tests.orderflow.test_manual_execution_ledger" name="test_json_round_trip_preserves_record_and_delay" time="0.001" /><testcase classname="tests.orderflow.test_manual_execution_ledger" name="test_missing_path_is_empty" time="0.001" /><testcase classname="tests.orderflow.test_manual_execution_ledger" name="test_invalid_line_and_unknown_status_are_rejected" time="0.001" /><testcase classname="tests.orderflow.test_manual_execution_log" name="test_executed_record_preserves_delay_and_bid_ask" time="0.007" /><testcase classname="tests.orderflow.test_manual_execution_log" name="test_skipped_record_requires_reason_but_no_fill" time="0.002" /><testcase classname="tests.orderflow.test_manual_execution_log" name="test_invalid_order_is_rejected" time="0.002" /><testcase classname="tests.orderflow.test_multi_timeframe" name="test_aggregates_5m_and_15m_without_cross_contamination" time="0.002" /><testcase classname="tests.orderflow.test_native_execution" name="test_native_5m_and_10m_bars_close_from_raw_trade_boundaries" time="0.002" /><testcase classname="tests.orderflow.test_native_execution" name="test_native_profiles_keep_independent_cvd_and_forming_snapshots" time="0.003" /><testcase classname="tests.orderflow.test_native_execution" name="test_native_finalize_closes_started_profiles_once" time="0.001" /><testcase classname="tests.orderflow.test_native_execution" name="test_native_aggregator_rejects_non_execution_timeframe" time="0.001" /><testcase classname="tests.orderflow.test_native_execution_pipeline" name="test_coordinator_saves_native_candle_and_event_rows" time="0.002" /><testcase classname="tests.orderflow.test_native_execution_pipeline" name="test_coordinator_notifies_only_naturally_closed_native_candles" time="0.003" /><testcase classname="tests.orderflow.test_native_flow" name="test_native_flow_emits_only_on_native_boundary" time="0.001" /><testcase classname="tests.orderflow.test_native_flow" name="test_native_flow_is_independent_by_timeframe" time="0.002" /><testcase classname="tests.orderflow.test_native_flow" name="test_native_flow_events_and_outcomes_keep_timeframe_key" time="0.004" /><testcase classname="tests.orderflow.test_native_flow" name="test_native_flow_row_contains_timeframe" time="0.002" /><testcase classname="tests.orderflow.test_orderbook" name="test_ob_snapshot_establishes_state" time="0.001" /><testcase classname="tests.orderflow.test_orderbook" name="test_ob_snapshot_replaces_existing_state" time="0.001" /><testcase classname="tests.orderflow.test_orderbook" name="test_ob_diff_overwrites_quantity" time="0.002" /><testcase classname="tests.orderflow.test_orderbook" name="test_ob_diff_zero_quantity_removes_level" time="0.006" /><testcase classname="tests.orderflow.test_orderbook" name="test_ob_diff_adds_new_level" time="0.002" /><testcase classname="tests.orderflow.test_orderbook" name="test_ob_diff_before_snapshot_rejected" time="0.002" /><testcase classname="tests.orderflow.test_orderbook" name="test_ob_gap_detection_triggers_reinit" time="0.002" /><testcase classname="tests.orderflow.test_orderbook" name="test_ob_after_gap_snapshot_recovers" time="0.003" /><testcase classname="tests.orderflow.test_orderbook" name="test_ob_stale_diff_rejected" time="0.002" /><testcase classname="tests.orderflow.test_orderbook" name="test_ob_symbol_mismatch_raises" time="0.001" /><testcase classname="tests.orderflow.test_orderbook" name="test_ob_deterministic_replay" time="0.001" /><testcase classname="tests.orderflow.test_orderbook" name="test_ob_snapshot_is_reused_until_an_accepted_state_change" time="0.002" /><testcase classname="tests.orderflow.test_orderbook" name="test_ob_query_missing_price_returns_zero" time="0.001" /><testcase classname="tests.orderflow.test_orderbook" name="test_initial_sync_stale_diffs_counted_not_gapped" time="0.010" /><testcase classname="tests.orderflow.test_orderbook" name="test_ob_no_float_in_snapshot" time="0.006" /><testcase classname="tests.orderflow.test_orderbook" name="test_is_initialized_property_lifecycle" time="0.001" /><testcase classname="tests.orderflow.test_orderflow_episode" name="test_episode_tracks_stall_persistence_and_breakthrough" time="0.001" /><testcase classname="tests.orderflow.test_orderflow_episode" name="test_trapped_resolves_and_opposite_side_starts_next_episode" time="0.001" /><testcase classname="tests.orderflow.test_orderflow_episode" name="test_gap_invalidates_episode_and_starts_new_one" time="0.001" /><testcase classname="tests.orderflow.test_orderflow_episode" name="test_out_of_order_observation_is_rejected" time="0.009" /><testcase classname="tests.orderflow.test_orderflow_episode" name="test_max_episode_duration_invalidates_and_restarts_causally" time="0.003" /><testcase classname="tests.orderflow.test_shadow_signal_recorder" name="test_recorder_writes_shadow_without_order" time="0.012" /><testcase classname="tests.orderflow.test_stage2b_context_detectors" name="test_interaction_detector_covers_c03_c09_without_mutating_legacy_absorption" time="0.002" /><testcase classname="tests.orderflow.test_stage2b_context_detectors" name="test_liquidation_detector_covers_e01_e06_and_rejects_out_of_order" time="0.002" /><testcase classname="tests.orderflow.test_stage2b_context_detectors" name="test_open_interest_detector_four_quadrants_and_shock[1100-101-F01]" time="0.004" /><testcase classname="tests.orderflow.test_stage2b_context_detectors" name="test_open_interest_detector_four_quadrants_and_shock[1100-99-F02]" time="0.002" /><testcase classname="tests.orderflow.test_stage2b_context_detectors" name="test_open_interest_detector_four_quadrants_and_shock[900-101-F03]" time="0.002" /><testcase classname="tests.orderflow.test_stage2b_context_detectors" name="test_open_interest_detector_four_quadrants_and_shock[900-99-F04]" time="0.002" /><testcase classname="tests.orderflow.test_stage2b_context_detectors" name="test_price_structure_closed_bars_cover_g01_g11_and_failed_breaks" time="0.005" /><testcase classname="tests.orderflow.test_stage2b_context_detectors" name="test_flow_transition_detector_covers_d06_d08_and_stale_suppression" time="0.002" /><testcase classname="tests.orderflow.test_stage2b_context_detectors" name="test_all_stage2b_hook_ids_remain_fail_closed_while_uncalibrated" time="0.003" /><testcase classname="tests.orderflow.test_stage2b_context_detectors" name="test_future_data_is_rejected_before_candidate_creation" time="0.001" /><testcase classname="tests.orderflow.test_stage2b_dom_detectors" name="test_dom_feature_cache_rejects_invalid_stale_crossed_and_future_data" time="0.002" /><testcase classname="tests.orderflow.test_stage2b_dom_detectors" name="test_dom_wall_pull_spoof_suspect_and_tracking_candidates_cover_a01_a04_a19_a24" time="0.003" /><testcase classname="tests.orderflow.test_stage2b_dom_detectors" name="test_dom_liquidity_quote_motion_and_vacuum_candidates_cover_a05_a16_a21_a22" time="0.003" /><testcase classname="tests.orderflow.test_stage2b_dom_detectors" name="test_dom_iceberg_suspected_requires_actual_replenishment_on_correct_side" time="0.002" /><testcase classname="tests.orderflow.test_stage2c4_live_hooks" name="test_live_hook_config_is_observe_only_and_exactly_allowlisted" time="0.022" /><testcase classname="tests.orderflow.test_stage2c4_live_hooks" name="test_live_observer_emits_calibrated_price_hook_and_suppresses_others" time="0.002" /><testcase classname="tests.orderflow.test_stage2c4_live_hooks" name="test_live_observer_requires_aligned_dom_diff_before_calibrated_fire" time="0.002" /><testcase classname="tests.orderflow.test_volume_ref" name="test_volume_ref_empty_returns_none" time="0.001" /><testcase classname="tests.orderflow.test_volume_ref" name="test_volume_ref_single_bar" time="0.001" /><testcase classname="tests.orderflow.test_volume_ref" name="test_volume_ref_window_slide" time="0.001" /><testcase classname="tests.orderflow.test_volume_ref" name="test_volume_ref_all_decimal" time="0.002" /><testcase classname="tests.orderflow.test_volume_ref" name="test_volume_ref_deterministic" time="0.001" /><testcase classname="tests.orderflow.test_volume_ref" name="test_volume_ref_invalid_bars_raises" time="0.001" /><testcase classname="tests.database.test_big_trades_storage" name="test_isolated_migration_has_all_authoritative_columns" time="0.156" /><testcase classname="tests.database.test_big_trades_storage" name="test_origin_batch_is_atomic_idempotent_and_decimal_utc_exact" time="0.326" /><testcase classname="tests.database.test_big_trades_storage" name="test_origin_component_failure_rolls_back_every_table" time="0.187" /><testcase classname="tests.database.test_big_trades_storage" name="test_same_origin_id_with_different_content_is_collision" time="0.362" /><testcase classname="tests.database.test_big_trades_storage" name="test_checkpoint_is_idempotent_and_mismatch_collides" time="0.299" /><testcase classname="tests.database.test_big_trades_storage" name="test_background_writer_ack_is_after_commit" time="0.296" /><testcase classname="tests.database.test_big_trades_storage" name="test_background_queue_full_returns_explicit_failed_ack" time="0.332" /><testcase classname="tests.database.test_big_trades_storage" name="test_parquet_requires_manifest_and_retries_after_duckdb_commit" time="0.420" /><testcase classname="tests.database.test_big_trades_storage" name="test_missing_manifest_member_is_detected" time="0.317" /><testcase classname="tests.database.test_big_trades_storage" name="test_assessment_parquet_is_committed_only_with_manifest" time="0.423" /><testcase classname="tests.database.test_big_trades_storage" name="test_settings_then_activation_mirrors_preserve_lineage" time="0.340" /><testcase classname="tests.database.test_big_trades_storage" name="test_runtime_updates_round_trip_interaction_link_snapshot_and_candle_parquet" time="1.014" /><testcase classname="tests.test_big_trades_pipeline" name="test_replay_pipeline_enabled_keeps_existing_results_and_persists_big_trades" time="1.025" /><testcase classname="tests.test_big_trades_pipeline" name="test_replay_pipeline_disabled_runtime_is_existing_output_equivalent" time="0.727" /><testcase classname="tests.test_big_trades_pipeline" name="test_live_and_replay_pipeline_connections_persist_identical_big_trades" time="1.532" /><testcase classname="tests.test_big_trades_pipeline" name="test_bt2_p192_enabled_runtime_preserves_cvd_output" time="0.931" /><testcase classname="tests.test_big_trades_pipeline" name="test_bt2_p193_enabled_runtime_preserves_footprint_output" time="0.799" /><testcase classname="tests.test_big_trades_pipeline" name="test_bt2_p194_enabled_runtime_preserves_flow_price_response" time="1.155" /><testcase classname="tests.test_big_trades_pipeline" name="test_bt2_p195_enabled_runtime_preserves_large_trade_detector" time="1.709" /><testcase classname="tests.test_big_trades_pipeline" name="test_bt2_p196_normalized_trade_reaches_big_trades_exactly_once" time="0.271" /><testcase classname="tests.test_big_trades_pipeline" name="test_bt2_p197_closed_cvd_candle_precedes_new_trade_in_big_trades" time="0.326" /><testcase classname="tests.test_big_trades_pipeline" name="test_bt2_p200_big_trades_error_does_not_stop_market_pipeline" time="0.532" /><testcase classname="tests.test_big_trades_pipeline" name="test_bt2_p201_to_p205_live_replay_match_through_links_and_snapshots" time="2.458" /><testcase classname="tests.test_big_trades_pipeline" name="test_bt2_p208_stream_end_flushes_storage_without_closing_session" time="0.564" /><testcase classname="tests.test_config_big_trades" name="test_shipped_big_trades_config_is_valid_and_disabled" time="0.023" /><testcase classname="tests.test_config_big_trades" name="test_big_trades_unknown_key_is_startup_error" time="0.087" /><testcase classname="tests.test_config_big_trades" name="test_big_trades_manual_quantity_requires_nonnegative_finite_decimal_string[5]" time="0.080" /><testcase classname="tests.test_config_big_trades" name="test_big_trades_manual_quantity_requires_nonnegative_finite_decimal_string[-1]" time="0.058" /><testcase classname="tests.test_config_big_trades" name="test_big_trades_manual_quantity_requires_nonnegative_finite_decimal_string[NaN]" time="0.056" /><testcase classname="tests.test_config_big_trades" name="test_big_trades_manual_quantity_requires_nonnegative_finite_decimal_string[Infinity]" time="0.066" /><testcase classname="tests.test_config_big_trades" name="test_big_trades_manual_quantity_requires_nonnegative_finite_decimal_string[-0.001]" time="0.086" /><testcase classname="tests.test_config_big_trades" name="test_big_trades_max_must_be_zero_or_at_least_min" time="0.073" /><testcase classname="tests.test_config_big_trades" name="test_big_trades_closed_enums_reject_unknown_values[input_mode-ORDER]" time="0.081" /><testcase classname="tests.test_config_big_trades" name="test_big_trades_closed_enums_reject_unknown_values[filter_mode-AUTO]" time="0.073" /><testcase classname="tests.test_config_big_trades" name="test_big_trades_closed_enums_reject_unknown_values[automatic_intensity-EXTREME]" time="0.080" /><testcase classname="tests.test_config_big_trades" name="test_big_trades_closed_enums_reject_unknown_values[side_filter-NONE]" time="0.083" /><testcase classname="tests.test_config_big_trades" name="test_big_trades_closed_enums_reject_unknown_values[marker_price_mode-MID]" time="0.068" /><testcase classname="tests.test_config_big_trades" name="test_big_trades_closed_enums_reject_unknown_values[calibration_schedule-DAILY]" time="0.068" /><testcase classname="tests.test_config_big_trades" name="test_big_trades_closed_enums_reject_unknown_values[calibration_activation_policy-AUTO]" time="0.055" /><testcase classname="tests.test_config_big_trades" name="test_big_trades_closed_enums_reject_unknown_values[replay_calibration_mode-LATEST]" time="0.056" /><testcase classname="tests.test_config_big_trades" name="test_big_trades_closed_enums_reject_unknown_values[reaction_observation_mode-LOCAL_DAY]" time="0.080" /><testcase classname="tests.test_config_big_trades" name="test_big_trades_horizons_are_positive_unique_ascending_and_bounded[value0]" time="0.063" /><testcase classname="tests.test_config_big_trades" name="test_big_trades_horizons_are_positive_unique_ascending_and_bounded[value1]" time="0.055" /><testcase classname="tests.test_config_big_trades" name="test_big_trades_horizons_are_positive_unique_ascending_and_bounded[value2]" time="0.062" /><testcase classname="tests.test_config_big_trades" name="test_big_trades_horizons_are_positive_unique_ascending_and_bounded[value3]" time="0.072" /><testcase classname="tests.test_config_big_trades" name="test_big_trades_horizons_are_positive_unique_ascending_and_bounded[value4]" time="0.073" /><testcase classname="tests.test_config_big_trades" name="test_big_trades_integer_limits_are_strictly_positive[0-reaction_zone_match_tolerance_ticks]" time="0.079" /><testcase classname="tests.test_config_big_trades" name="test_big_trades_integer_limits_are_strictly_positive[0-active_zone_capacity]" time="0.064" /><testcase classname="tests.test_config_big_trades" name="test_big_trades_integer_limits_are_strictly_positive[0-recent_event_capacity]" time="0.070" /><testcase classname="tests.test_config_big_trades" name="test_big_trades_integer_limits_are_strictly_positive[0-recent_interaction_capacity]" time="0.079" /><testcase classname="tests.test_config_big_trades" name="test_big_trades_integer_limits_are_strictly_positive[0-history_api_max_limit]" time="0.069" /><testcase classname="tests.test_config_big_trades" name="test_big_trades_integer_limits_are_strictly_positive[0-batch_interval_ms]" time="0.085" /><testcase classname="tests.test_config_big_trades" name="test_big_trades_integer_limits_are_strictly_positive[0-batch_max_records]" time="0.062" /><testcase classname="tests.test_config_big_trades" name="test_big_trades_integer_limits_are_strictly_positive[0-batch_pending_capacity]" time="0.073" /><testcase classname="tests.test_config_big_trades" name="test_big_trades_integer_limits_are_strictly_positive[0-max_fills_per_cluster]" time="0.064" /><testcase classname="tests.test_config_big_trades" name="test_big_trades_integer_limits_are_strictly_positive[-1-reaction_zone_match_tolerance_ticks]" time="0.068" /><testcase classname="tests.test_config_big_trades" name="test_big_trades_integer_limits_are_strictly_positive[-1-active_zone_capacity]" time="0.056" /><testcase classname="tests.test_config_big_trades" name="test_big_trades_integer_limits_are_strictly_positive[-1-recent_event_capacity]" time="0.068" /><testcase classname="tests.test_config_big_trades" name="test_big_trades_integer_limits_are_strictly_positive[-1-recent_interaction_capacity]" time="0.073" /><testcase classname="tests.test_config_big_trades" name="test_big_trades_integer_limits_are_strictly_positive[-1-history_api_max_limit]" time="0.082" /><testcase classname="tests.test_config_big_trades" name="test_big_trades_integer_limits_are_strictly_positive[-1-batch_interval_ms]" time="0.077" /><testcase classname="tests.test_config_big_trades" name="test_big_trades_integer_limits_are_strictly_positive[-1-batch_max_records]" time="0.067" /><testcase classname="tests.test_config_big_trades" name="test_big_trades_integer_limits_are_strictly_positive[-1-batch_pending_capacity]" time="0.112" /><testcase classname="tests.test_config_big_trades" name="test_big_trades_integer_limits_are_strictly_positive[-1-max_fills_per_cluster]" time="0.073" /><testcase classname="tests.test_config_big_trades" name="test_big_trades_integer_limits_are_strictly_positive[True-reaction_zone_match_tolerance_ticks]" time="0.090" /><testcase classname="tests.test_config_big_trades" name="test_big_trades_integer_limits_are_strictly_positive[True-active_zone_capacity]" time="0.107" /><testcase classname="tests.test_config_big_trades" name="test_big_trades_integer_limits_are_strictly_positive[True-recent_event_capacity]" time="0.070" /><testcase classname="tests.test_config_big_trades" name="test_big_trades_integer_limits_are_strictly_positive[True-recent_interaction_capacity]" time="0.069" /><testcase classname="tests.test_config_big_trades" name="test_big_trades_integer_limits_are_strictly_positive[True-history_api_max_limit]" time="0.064" /><testcase classname="tests.test_config_big_trades" name="test_big_trades_integer_limits_are_strictly_positive[True-batch_interval_ms]" time="0.083" /><testcase classname="tests.test_config_big_trades" name="test_big_trades_integer_limits_are_strictly_positive[True-batch_max_records]" time="0.054" /><testcase classname="tests.test_config_big_trades" name="test_big_trades_integer_limits_are_strictly_positive[True-batch_pending_capacity]" time="0.083" /><testcase classname="tests.test_config_big_trades" name="test_big_trades_integer_limits_are_strictly_positive[True-max_fills_per_cluster]" time="0.092" /><testcase classname="tests.webapp.test_big_trades_api" name="test_bt2_w220_w221_history_is_oldest_first_with_exclusive_time_id_cursor" time="0.734" /><testcase classname="tests.webapp.test_big_trades_api" name="test_bt2_w222_durable_recent_merge_dedup_and_collision" time="0.303" /><testcase classname="tests.webapp.test_big_trades_api" name="test_rest_hydration_captures_stream_marker_before_committed_history" time="0.693" /><testcase classname="tests.webapp.test_big_trades_api" name="test_bt2_w223_to_w228_zone_detail_and_lazy_orders" time="0.814" /><testcase classname="tests.webapp.test_big_trades_api" name="test_bt2_w229_w230_assessment_append_supersede_and_no_mutation_routes" time="0.783" /><testcase classname="tests.webapp.test_big_trades_api" name="test_bt2_w231_settings_put_is_strict_atomic_pending" time="0.911" /><testcase classname="tests.webapp.test_big_trades_api" name="test_bt2_w232_manual_calibration_activation_returns_pending" time="1.034" /><testcase classname="tests.webapp.test_big_trades_api" name="test_bt2_w233_activation_history_is_get_only_and_immutable" time="0.651" /><testcase classname="tests.webapp.test_big_trades_api" name="test_bt2_w234_w235_explicit_error_semantics_and_disabled_health" time="0.658" /><testcase classname="tests.webapp.test_big_trades_protocol" name="test_bt2_w211_to_w214_unified_envelope_precedence_and_strict_types" time="0.003" /><testcase classname="tests.webapp.test_big_trades_protocol" name="test_status_numeric_price_path_size_is_not_misclassified_as_decimal" time="0.001" /><testcase classname="tests.webapp.test_big_trades_protocol" name="test_bt2_w212_unknown_record_kind_is_rejected" time="0.002" /><testcase classname="tests.webapp.test_big_trades_protocol" name="test_bt2_w213_boolean_is_not_accepted_as_integer" time="0.006" /><testcase classname="tests.webapp.test_big_trades_protocol" name="test_bt2_w215_w216_stream_restart_and_drop_gap_are_visible" time="0.005" /><testcase classname="tests.webapp.test_big_trades_protocol" name="test_bt2_w217_status_is_cached_first_for_reconnect" time="0.003" /><testcase classname="tests.webapp.test_big_trades_ui" name="test_bt2_u236_three_mode_switch" time="0.008" /><testcase classname="tests.webapp.test_big_trades_ui" name="test_bt2_u237_footprint_mode_dom_and_geometry_preserved" time="0.003" /><testcase classname="tests.webapp.test_big_trades_ui" name="test_bt2_u238_heatmap_mode_dom_and_geometry_preserved" time="0.005" /><testcase classname="tests.webapp.test_big_trades_ui" name="test_bt2_u239_only_big_trades_canvas_is_active_in_big_mode" time="0.003" /><testcase classname="tests.webapp.test_big_trades_ui" name="test_bt2_u240_controls_are_fixed_and_manual_auto_disable_unused_side" time="0.005" /><testcase classname="tests.webapp.test_big_trades_ui" name="test_bt2_u241_marker_has_aggregate_quantity_label" time="0.001" /><testcase classname="tests.webapp.test_big_trades_ui" name="test_bt2_u242_buy_sell_use_text_and_color" time="0.004" /><testcase classname="tests.webapp.test_big_trades_ui" name="test_bt2_u243_zone_uses_exact_execution_range" time="0.002" /><testcase classname="tests.webapp.test_big_trades_ui" name="test_bt2_u244_single_price_minimum_height_is_visual_only" time="0.216" /><testcase classname="tests.webapp.test_big_trades_ui" name="test_bt2_u245_break_does_not_delete_zone" time="0.002" /><testcase classname="tests.webapp.test_big_trades_ui" name="test_bt2_u246_closed_zone_stops_at_source_end" time="0.002" /><testcase classname="tests.webapp.test_big_trades_ui" name="test_bt2_u247_gap_segment_is_hatched" time="0.003" /><testcase classname="tests.webapp.test_big_trades_ui" name="test_bt2_u248_overlapping_zones_are_not_destructively_merged" time="0.013" /><testcase classname="tests.webapp.test_big_trades_ui" name="test_bt2_u249_linked_event_ordinal_badge" time="0.002" /><testcase classname="tests.webapp.test_big_trades_ui" name="test_bt2_u250_selected_effort_detail" time="0.002" /><testcase classname="tests.webapp.test_big_trades_ui" name="test_bt2_u251_selected_result_detail" time="0.002" /><testcase classname="tests.webapp.test_big_trades_ui" name="test_bt2_u252_selected_repeated_area_detail" time="0.003" /><testcase classname="tests.webapp.test_big_trades_ui" name="test_bt2_u253_selected_candle_result_detail" time="0.005" /><testcase classname="tests.webapp.test_big_trades_ui" name="test_bt2_u254_context_keeps_missing_values_visible" time="0.002" /><testcase classname="tests.webapp.test_big_trades_ui" name="test_bt2_u255_assessment_is_append_only_with_visible_history" time="0.004" /><testcase classname="tests.webapp.test_big_trades_ui" name="test_bt2_u256_snapshots_cover_one_to_six_hundred_seconds" time="0.006" /><testcase classname="tests.webapp.test_big_trades_ui" name="test_bt2_u257_current_relation_is_server_fact" time="0.004" /><testcase classname="tests.webapp.test_big_trades_ui" name="test_bt2_u258_first_exit_is_displayed_from_history_detail" time="0.003" /><testcase classname="tests.webapp.test_big_trades_ui" name="test_bt2_u259_touch_reentry_cross_counts_sum_both_directions" time="0.003" /><testcase classname="tests.webapp.test_big_trades_ui" name="test_bt2_u260_side_filter_does_not_delete_data" time="0.231" /><testcase classname="tests.webapp.test_big_trades_ui" name="test_bt2_u261_zones_off_changes_drawing_only" time="0.001" /><testcase classname="tests.webapp.test_big_trades_ui" name="test_bt2_u262_history_live_dedup_and_collision_rejection" time="0.197" /><testcase classname="tests.webapp.test_big_trades_ui" name="test_big_trades_bulk_interaction_merge_preserves_runtime_state_and_collision_rules" time="0.155" /><testcase classname="tests.webapp.test_big_trades_ui" name="test_bt2_u263_sequence_gap_and_restart_enter_recovery" time="0.142" /><testcase classname="tests.webapp.test_big_trades_ui" name="test_bt2_u264_no_data_fields_remain_dash" time="0.003" /><testcase classname="tests.webapp.test_big_trades_ui" name="test_bt2_u265_click_escape_and_arrow_navigation" time="0.001" /><testcase classname="tests.webapp.test_big_trades_ui" name="test_bt2_u266_wheel_drag_and_live_lock" time="0.003" /><testcase classname="tests.webapp.test_big_trades_ui" name="test_bt2_u267_inactive_mode_detaches_handlers" time="0.180" /><testcase classname="tests.webapp.test_big_trades_ui" name="test_bt2_u268_bounded_store_capacities_are_wired" time="0.002" /><testcase classname="tests.webapp.test_big_trades_ui" name="test_bt2_u269_big_trades_has_no_horizontal_overflow" time="0.004" /><testcase classname="tests.webapp.test_big_trades_ui" name="test_bt2_u270_browser_javascript_compiles" time="0.325" /><testcase classname="tests.webapp.test_big_trades_ui" name="test_bt2_u271_time_sales_filter_meaning_is_untouched" time="0.004" /><testcase classname="tests.webapp.test_big_trades_ui" name="test_bt2_u272_dom_trade_pulse_path_is_untouched" time="0.003" /><testcase classname="tests.webapp.test_big_trades_ui" name="test_bt2_u273_three_stage_chart_geometry_is_not_overridden" time="0.005" /><testcase classname="tests.webapp.test_big_trades_ui" name="test_bt2_u274_flow_response_cards_are_not_replaced" time="0.003" /><testcase classname="tests.webapp.test_big_trades_ui" name="test_bt2_u275_system_facts_and_user_assessment_are_separate" time="0.005" /><testcase classname="tests.webapp.test_big_trades_ui" name="test_big_trades_frontend_exports_all_required_modules" time="0.002" /><testcase classname="tests.webapp.test_big_trades_ui" name="test_browser_validator_rejects_unknown_fields_and_numeric_decimal" time="0.151" /><testcase classname="tests.webapp.test_big_trades_ui" name="test_browser_validator_accepts_enum_price_mode_and_numeric_price_path_size" time="0.148" /><testcase classname="tests.performance.test_big_trades_phase6" name="test_big_trades_cluster_finalize_p99_under_1_5ms" time="6.630" /><testcase classname="tests.performance.test_big_trades_phase6" name="test_big_trades_horizon_finalize_p99_under_1ms" time="5.006" /><testcase classname="tests.performance.test_big_trades_phase6" name="test_big_trades_phase6_machine_performance_evidence_is_complete" time="0.009" /><testcase classname="tests.performance.test_big_trades_phase6" name="test_big_trades_phase6_lineage_evidence_has_three_validated_ui_traces" time="0.003" /><testcase classname="tests.performance.test_big_trades_phase6" name="test_bt2_o276_active_zones_10_per_trade_benchmark" time="7.788" /><testcase classname="tests.performance.test_big_trades_phase6" name="test_bt2_o277_active_zones_100_per_trade_benchmark" time="7.601" /><testcase classname="tests.performance.test_big_trades_phase6" name="test_bt2_o278_active_zones_1000_per_trade_benchmark" time="9.000" /><testcase classname="tests.performance.test_big_trades_phase6" name="test_bt2_o279_active_zones_5000_per_trade_benchmark" time="15.873" /><testcase classname="tests.performance.test_big_trades_phase6" name="test_bt2_o280_query_hot_path_does_not_scan_zone_dictionary" time="2.701" /><testcase classname="tests.performance.test_big_trades_phase6" name="test_bt2_o281_boundary_index_matches_randomized_brute_force" time="0.503" /><testcase classname="tests.performance.test_big_trades_phase6" name="test_bt2_o282_price_path_range_query_matches_randomized_oracle" time="0.095" /><testcase classname="tests.performance.test_big_trades_phase6" name="test_bt2_o283_6000_trade_runtime_accounting_has_no_loss" time="0.466" /><testcase classname="tests.performance.test_big_trades_phase6" name="test_bt2_o284_25000_trade_and_stream_overflow_is_fully_accounted" time="1.057" /><testcase classname="tests.performance.test_big_trades_phase6" name="test_bt2_o285_browser_merges_5000_events_20000_interactions_under_budget" time="0.889" /><testcase classname="tests.performance.test_big_trades_phase6" name="test_big_trades_mode_switch_under_100ms" time="3.282" /><testcase classname="tests.performance.test_big_trades_phase6" name="test_bt2_o286_canvas_2000_markers_and_zones_p95_under_budget" time="2.821" /><testcase classname="tests.performance.test_big_trades_phase6" name="test_bt2_o287_big_trades_off_on_tick_source_age_comparison" time="0.055" /><testcase classname="tests.performance.test_big_trades_phase6" name="test_bt2_o288_big_trades_off_on_bar_update_source_age_comparison" time="0.022" /><testcase classname="tests.performance.test_big_trades_phase6" name="test_bt2_o289_storage_queue_high_watermark_and_overflow_are_visible" time="0.470" /><testcase classname="tests.performance.test_big_trades_phase6" name="test_bt2_o290_tape_accounting_is_identical_with_big_trades_fanout" time="0.086" /><testcase classname="tests.performance.test_big_trades_phase6" name="test_bt2_o291_book_gap_and_sync_are_identical_with_big_trades_fanout" time="0.012" /><testcase classname="tests.performance.test_big_trades_phase6" name="test_bt2_o292_cpu_and_rss_remain_bounded_for_25000_trades" time="1.764" /><testcase classname="tests.performance.test_big_trades_phase6" name="test_bt2_o293_live_soak_is_at_least_120_seconds_and_clean" time="0.002" /><testcase classname="tests.performance.test_big_trades_phase6" name="test_bt2_o294_restart_recovery_soak_preserves_identity_and_continuity" time="1.714" /><testcase classname="tests.performance.test_big_trades_phase6" name="test_bt2_o295_scheduled_session_transition_p99_under_500ms" time="1.731" /><testcase classname="tests.tools.test_backfill_big_trades" name="test_dry_run_reports_actual_isolated_predictions_and_deletes_output" time="0.624" /><testcase classname="tests.tools.test_backfill_big_trades" name="test_selection_ignores_non_trade_parquet_schema" time="0.018" /><testcase classname="tests.tools.test_backfill_big_trades" name="test_selection_fails_closed_when_no_trade_shard_exists" time="0.007" /></testsuite></testsuites>